
============================================================
  FREE-RUNNING SUB-CPU NEURAL NETWORK
  + LP CORE GEOMETRIC PROCESSOR
  GIE (441 Hz HW) → LP core (100 Hz, 16MHz RISC-V, ~30uA)
  Three-layer hierarchy: peripheral → geometric → CPU
============================================================

[INIT] GPIO 4-7...
[INIT] ETM clock...
[INIT] PARLIO TX (2-bit, 20MHz, loopback)...
[INIT] PCNT (2 units)...
[INIT] Timer...
[INIT] GDMA channel detection...
[GDMA] PARLIO owns CH0
[INIT] GDMA ISR (free-running mode)...
[GDMA ISR] OK — CH0 (source=69), LEVEL3
[INIT] LP core binary (16320 bytes)...
[INIT] LP core weights (after binary load)...
[INIT] LP seed: 0xCAFE1234
[LP] Geometric processor running (100 Hz, 16 MHz RISC-V)
[INIT] ESP-NOW receiver...
W (8378) wifi:ACK_TAB0   :0x   90a0b, QAM16:0x9 (24Mbps), QPSK:0xa (12Mbps), BPSK:0xb (6Mbps)
W (8378) wifi:CTS_TAB0   :0x   90a0b, QAM16:0x9 (24Mbps), QPSK:0xa (12Mbps), BPSK:0xb (6Mbps)
W (8379) wifi:(agc)0x600a7128:0xd2022800, min.avgNF:0xce->0xd2(dB), RCalCount:0x22, min.RRssi:0x800(-128.00)
W (8379) wifi:(TB)WDEV_PWR_TB_MCS0:19
W (8379) wifi:(TB)WDEV_PWR_TB_MCS1:19
W (8379) wifi:(TB)WDEV_PWR_TB_MCS2:19
W (8380) wifi:(TB)WDEV_PWR_TB_MCS3:19
W (8380) wifi:(TB)WDEV_PWR_TB_MCS4:19
W (8380) wifi:(TB)WDEV_PWR_TB_MCS5:19
W (8380) wifi:(TB)WDEV_PWR_TB_MCS6:18
W (8380) wifi:(TB)WDEV_PWR_TB_MCS7:18
W (8380) wifi:(TB)WDEV_PWR_TB_MCS8:17
W (8380) wifi:(TB)WDEV_PWR_TB_MCS9:15
W (8380) wifi:(TB)WDEV_PWR_TB_MCS10:15
W (8381) wifi:(TB)WDEV_PWR_TB_MCS11:15
[ESPNOW] Listening on channel 1 (no AP connection)
[INIT] Done.

[PRIME] Warming pipeline...
[PRIME] Done.

-- TEST 1: Free-running loop count --
[DIAG] 500us: agree=256 disagree=291 out_sel4=47 out_sel5=48 in101=0x84 in103=0x86 gpio_in=0x6603a348 cpu_agree=20 loop=0
[DIAG] gdma: raw=0x1 st=0x0 ena=0x2 conf0=0x0 link=0x273e8(park=0) peri=9
[DIAG] gdma2: fifo=0x61 state=0x2e75c8(dscr_st=3 out_st=2) eof_addr=0x408275a4
[DIAG] parlio: cfg=0x1a089b40(tx_start=1 bytelen=9936) st=0x80000000(tx_ready=1) int_raw=0x1(eof=0 rempty=1)
  Loops completed: 430 in 1.003 s
  Frequency: 428.8 Hz
  Period: 2331.9 us per loop
  OK

-- TEST 2: Hidden state evolves autonomously --
[DIAG] 500us: agree=217 disagree=219 out_sel4=47 out_sel5=48 in101=0x84 in103=0x86 gpio_in=0x1103a348 cpu_agree=20 loop=0
[DIAG] gdma: raw=0x1 st=0x0 ena=0x2 conf0=0x0 link=0x273e8(park=0) peri=9
[DIAG] gdma2: fifo=0x61 state=0x2e75c8(dscr_st=3 out_st=2) eof_addr=0x408275a4
[DIAG] parlio: cfg=0x1a089b40(tx_start=1 bytelen=9936) st=0x80000000(tx_ready=1) int_raw=0x5(eof=1 rempty=1)
  snap 0 (loop 22): energy=30
  snap 1 (loop 43): delta=10 energy=31
  snap 2 (loop 65): delta=1 energy=31
  snap 3 (loop 86): delta=0 energy=31
  snap 4 (loop 108): delta=2 energy=30
  snap 5 (loop 129): delta=0 energy=30
  snap 6 (loop 150): delta=0 energy=30
  snap 7 (loop 172): delta=1 energy=31
  final h: [-+---+-++-++--+---+0--++---++++-]
  Total loops: 172
  OK

-- TEST 3: Per-neuron dot accuracy (single loop) --
[DIAG] 500us: agree=254 disagree=289 out_sel4=47 out_sel5=48 in101=0x84 in103=0x86 gpio_in=0x1103a348 cpu_agree=20 loop=0
[DIAG] gdma: raw=0x1 st=0x0 ena=0x2 conf0=0x0 link=0x273e8(park=0) peri=9
[DIAG] gdma2: fifo=0x61 state=0x2e75c8(dscr_st=3 out_st=2) eof_addr=0x408275a4
[DIAG] parlio: cfg=0x1a089b40(tx_start=1 bytelen=9936) st=0x80000000(tx_ready=1) int_raw=0x5(eof=1 rempty=1)
  After warmup: 3 loops, base=4, cnt=69
  Snapshot at loop 4 (base=4, cnt=69)
  Raw captures [0..11]:
    idx  agree  disagree  d_agree  d_disagree
    [0]      0      0        +0       +0 (dummy)
    [1]      0      0        +0       +0 (dummy)
    [2]      0      0        +0       +0 (dummy)
    [3]      0      0        +0       +0 (dummy)
    [4]      0      0        +0       +0 (dummy)
    [5]     21     32       +21      +32 (neuron 0)
    [6]     53     61       +32      +29
    [7]     81     84       +28      +23
    [8]    107    115       +26      +31
    [9]    138    142       +31      +27
    [10]    166    178       +28      +36
    [11]    199    201       +33      +23

  Dot errors: 0 / 64
  Sign errors: 0 / 64
  GIE dots[0..7]: -11 3 5 -5 4 -8 10 -16
  CPU dots[0..7]: -11 3 5 -5 4 -8 10 -16
  Sign match with offset 0: 64 / 64
  Sign match with offset 1: 26 / 63
  Sign match with offset 2: 29 / 62
  Sign match with offset 3: 26 / 61
  Sign match with offset 4: 20 / 60
  OK

-- TEST 4: LP Core Geometric Processor --
[DIAG] 500us: agree=254 disagree=289 out_sel4=47 out_sel5=48 in101=0x84 in103=0x86 gpio_in=0x11039348 cpu_agree=20 loop=0
[DIAG] gdma: raw=0x1 st=0x0 ena=0x2 conf0=0x0 link=0x273e8(park=0) peri=9
[DIAG] gdma2: fifo=0x61 state=0x2e75c8(dscr_st=3 out_st=2) eof_addr=0x408275a4
[DIAG] parlio: cfg=0x1a089b40(tx_start=1 bytelen=9936) st=0x80000000(tx_ready=1) int_raw=0x5(eof=1 rempty=1)
  Phase 1: GIE + LP core integration (300ms)...
  4a: LP running: YES (steps=27)
  4c: LP hidden energy: 13/16
  LP hidden: [--++0-+++-+00-++]
  LP decision: 1

  Phase 2: Deterministic single-step verification...
[DIAG] 500us: agree=254 disagree=289 out_sel4=47 out_sel5=48 in101=0x84 in103=0x86 gpio_in=0x1103a348 cpu_agree=20 loop=0
[DIAG] gdma: raw=0x1 st=0x0 ena=0x2 conf0=0x0 link=0x273e8(park=0) peri=9
[DIAG] gdma2: fifo=0x61 state=0x2e75c8(dscr_st=3 out_st=2) eof_addr=0x408275a4
[DIAG] parlio: cfg=0x1a089b40(tx_start=1 bytelen=9936) st=0x80000000(tx_ready=1) int_raw=0x5(eof=1 rempty=1)
  Known GIE hidden energy: 30/32
  Known GIE hidden: [+-+--+-+---+-+--+++---+0-+-+-++0]
  LP steps: 28 → 29 (delta=1)
  4b: f-dots exact: 16/16, g-dots exact: 16/16
  4b: f-dots sign:  14/14, g-dots sign:  11/11
  LP  f-dots: -5 2 4 4 -2 1 2 2 0 2 -1 1 0 -4 5 -9 
  CPU f-dots: -5 2 4 4 -2 1 2 2 0 2 -1 1 0 -4 5 -9 
  LP  g-dots: 2 0 5 2 0 -3 2 0 2 2 1 0 0 -4 6 -2 
  CPU g-dots: 2 0 5 2 0 -3 2 0 2 2 1 0 0 -4 6 -2 
  OK

-- TEST 5: Ternary VDB — NSW Graph (M=7), 64 Nodes --
  5a: Inserting 64 nodes (graph-aware, cmd=3)...
  5a: Inserted 64 nodes — OK

  5b: Self-match recall@1 (64 queries)...
  5b: 64/64 self-match recall@1 — OK

  5c: Recall measurement (20 random queries)...
    q0: LP=[35,11,48,37] CPU=[35,11,37,48]
    q1: LP=[15,63,31,53] CPU=[15,31,63,26]
    q2: LP=[49,61,36,25] CPU=[49,36,61,25]
  Recall@1: 19/20 = 95%
  Recall@4: 72/80 = 90%
  5c: OK (thresholds: r@1>=95%, r@4>=90%)

  5d: Visit count (graph vs brute-force)...
  Graph search visited: 60 / 64 nodes
  5d: OK (sub-linear: YES)

  5e: Connectivity (BFS from node 0)...
  Reachable from node 0: 64 / 64
  5e: OK

  5f: Latency benchmark (10 searches, N=64)...
  Round-trip (includes LP wake jitter up to 10ms):
    min=9274 us, max=14988 us, avg=13416 us
  5f: OK

  OK

-- TEST 6: CfC -> VDB Pipeline (CMD 4) --
  Setup: Inserting 32 vectors into VDB...
  VDB has 32 nodes

  6a: Pipeline basic operation...
[DIAG] 500us: agree=256 disagree=291 out_sel4=47 out_sel5=48 in101=0x84 in103=0x86 gpio_in=0x1103a348 cpu_agree=20 loop=0
[DIAG] gdma: raw=0x1 st=0x0 ena=0x2 conf0=0x0 link=0x273e8(park=0) peri=9
[DIAG] gdma2: fifo=0x61 state=0x2e75c8(dscr_st=3 out_st=2) eof_addr=0x408275a4
[DIAG] parlio: cfg=0x1a089b40(tx_start=1 bytelen=9936) st=0x80000000(tx_ready=1) int_raw=0x5(eof=1 rempty=1)
  step_count: 29 -> 30 (delta=1)
  search_count: 95 -> 96 (delta=1)
  Pipeline return: 0
  Top-4 results: [5,17,30,24] scores=[7,7,6,6]
  6a: OK

  6b: CfC determinism (cmd=4 vs cmd=1)...
  cmd=1 hidden: [-0++0-+00+-00+++]
  cmd=4 hidden: [-0++0-+00+-00+++]
  Hidden match: YES
  f-dots match: YES, g-dots match: YES
  6b: OK

  6c: VDB consistency (pipeline vs standalone search)...
  Pipeline: [5,17,30,24] scores=[7,7,6,6]
  Standalone: [5,17,30,24] scores=[7,7,6,6]
  Results match: YES
  6c: OK

  6d: Sustained pipeline operation (10 steps)...
[DIAG] 500us: agree=254 disagree=289 out_sel4=47 out_sel5=48 in101=0x84 in103=0x86 gpio_in=0x11038348 cpu_agree=20 loop=0
[DIAG] gdma: raw=0x1 st=0x0 ena=0x2 conf0=0x0 link=0x273e8(park=0) peri=9
[DIAG] gdma2: fifo=0x61 state=0x2e75c8(dscr_st=3 out_st=2) eof_addr=0x408275a4
[DIAG] parlio: cfg=0x1a089b40(tx_start=1 bytelen=9936) st=0x80000000(tx_ready=1) int_raw=0x5(eof=1 rempty=1)
  Pipeline steps completed: 10 / 10
  step_count delta: 10
  search_count delta: 10
  Final LP hidden: [--+++-+--+-+++-+]
  Final LP hidden energy: 16/16
  6d: OK

  OK

-- TEST 7: Reflex Channel Coordination --
  7a: Channel signals match loop count...
[DIAG] 500us: agree=254 disagree=289 out_sel4=47 out_sel5=48 in101=0x84 in103=0x86 gpio_in=0x11038348 cpu_agree=20 loop=0
[DIAG] gdma: raw=0x1 st=0x0 ena=0x2 conf0=0x0 link=0x273e8(park=0) peri=9
[DIAG] gdma2: fifo=0x61 state=0x2e75c8(dscr_st=3 out_st=2) eof_addr=0x408275a4
[DIAG] parlio: cfg=0x1a089b40(tx_start=1 bytelen=9936) st=0x80000000(tx_ready=1) int_raw=0x5(eof=1 rempty=1)
  Signals received: 50 / 50
  Value mismatches: 0
  Final loop_count: 51, channel value: 51, channel seq: 51
  7a: OK

  7b: Signal latency (ISR -> main loop)...
[DIAG] 500us: agree=254 disagree=289 out_sel4=47 out_sel5=48 in101=0x84 in103=0x86 gpio_in=0x11039348 cpu_agree=20 loop=0
[DIAG] gdma: raw=0x1 st=0x0 ena=0x2 conf0=0x0 link=0x273e8(park=0) peri=9
[DIAG] gdma2: fifo=0x61 state=0x2e75c8(dscr_st=3 out_st=2) eof_addr=0x408275a4
[DIAG] parlio: cfg=0x1a089b40(tx_start=1 bytelen=9936) st=0x80000000(tx_ready=1) int_raw=0x5(eof=1 rempty=1)
  Samples: 100
  Latency (cycles): min=1988, max=2820, avg=2287
  Latency (ns):     min=12425, max=17625, avg=14293
  7b: OK

  7c: Hidden state consistency after channel wait...
[DIAG] 500us: agree=254 disagree=289 out_sel4=47 out_sel5=48 in101=0x84 in103=0x86 gpio_in=0x11039348 cpu_agree=20 loop=0
[DIAG] gdma: raw=0x1 st=0x0 ena=0x2 conf0=0x0 link=0x273e8(park=0) peri=9
[DIAG] gdma2: fifo=0x61 state=0x2e75c8(dscr_st=3 out_st=2) eof_addr=0x408275a4
[DIAG] parlio: cfg=0x1a089b40(tx_start=1 bytelen=9936) st=0x80000000(tx_ready=1) int_raw=0x5(eof=1 rempty=1)
  Dot match: 64 / 64
  Channel signaled: YES (seq 6 -> 7)
  7c: OK

  7d: Channel-driven LP feeding (20 cycles)...
[DIAG] 500us: agree=254 disagree=289 out_sel4=47 out_sel5=48 in101=0x84 in103=0x86 gpio_in=0x11039348 cpu_agree=20 loop=0
[DIAG] gdma: raw=0x1 st=0x0 ena=0x2 conf0=0x0 link=0x273e8(park=0) peri=9
[DIAG] gdma2: fifo=0x61 state=0x2e75c8(dscr_st=3 out_st=2) eof_addr=0x408275a4
[DIAG] parlio: cfg=0x1a089b40(tx_start=1 bytelen=9936) st=0x80000000(tx_ready=1) int_raw=0x5(eof=1 rempty=1)
  Channel-driven feeds: 20 / 20
  LP step_count delta: 20
  7d: OK

  OK

-- TEST 8: VDB -> CfC Feedback Loop (CMD 5) --
  Setup: Inserting 32 vectors into VDB...
  VDB has 32 nodes

  8a: Single feedback step (cmd=5)...
[DIAG] 500us: agree=254 disagree=289 out_sel4=47 out_sel5=48 in101=0x84 in103=0x86 gpio_in=0x11039348 cpu_agree=20 loop=0
[DIAG] gdma: raw=0x1 st=0x0 ena=0x2 conf0=0x0 link=0x273e8(park=0) peri=9
[DIAG] gdma2: fifo=0x61 state=0x2e75c8(dscr_st=3 out_st=2) eof_addr=0x408275a4
[DIAG] parlio: cfg=0x1a089b40(tx_start=1 bytelen=9936) st=0x80000000(tx_ready=1) int_raw=0x5(eof=1 rempty=1)
  cmd=5 return: 0
  step_count: 62 -> 63 (delta=1)
  search_count: 108 -> 109 (delta=1)
  fb_total_blends: 0 -> 0
  fb_applied: 0
  fb_source_id: 255
  fb_score: 0
  fb_blend_count: 0 trits modified
  Top-4 results: [5,17,30,24] scores=[7,7,6,6]
  LP hidden after feedback: [-0++0-+00+-00+++]
  8a: OK

  8b: Feedback observability...
  Applied: NO (best score 0 < threshold 8)
  This is acceptable if no stored memory is similar enough.
  8b: OK

  8c: Stability under sustained feedback (50 steps)...
[DIAG] 500us: agree=254 disagree=289 out_sel4=47 out_sel5=48 in101=0x84 in103=0x86 gpio_in=0x11039348 cpu_agree=20 loop=0
[DIAG] gdma: raw=0x1 st=0x0 ena=0x2 conf0=0x0 link=0x273e8(park=0) peri=9
[DIAG] gdma2: fifo=0x61 state=0x2e75c8(dscr_st=3 out_st=2) eof_addr=0x408275a4
[DIAG] parlio: cfg=0x1a089b40(tx_start=1 bytelen=9936) st=0x80000000(tx_ready=1) int_raw=0x5(eof=1 rempty=1)
    step 0: e=10, delta=10, fb=0, score=0, src=255
    step 10: e=10, delta=7, fb=1, score=9, src=9
    step 20: e=9, delta=9, fb=1, score=15, src=5
    step 30: e=12, delta=6, fb=1, score=17, src=17
    step 40: e=12, delta=10, fb=1, score=17, src=17
  Steps completed: 50 / 50
  Feedback applied: 49 / 50 steps
  Total blend operations: 49
  Max change per step: 12 / 16 trits
  Energy range: [7, 15] / 16
  Unique states visited: 50
  Final LP hidden: [-0++0++0++0++00+]
  8c: OK

  8d: Feedback vs no-feedback divergence...
    step 0: hamming distance = 0
    step 1: hamming distance = 5
    step 2: hamming distance = 7
    step 3: hamming distance = 8
    step 4: hamming distance = 7
    step 5: hamming distance = 9
    step 6: hamming distance = 11
    step 7: hamming distance = 10
    step 8: hamming distance = 10
    step 9: hamming distance = 10
  First divergence at step: 1
  Steps with different states: 9 / 10
  No-feedback final: [--+++-+--+-+-+++]
  Feedback final   : [0+++0-++0+0-+0+0]
  8d: OK

  OK

-- TEST 9: ESP-NOW Receive from Board B --
  Listening for 10 seconds...
  Packets received: 45
  RSSI range: [-56, -52] dBm
  Last pattern_id: 3, seq: 27647
  Source MAC: b4:3a:45:8a:c8:24
  Unique patterns seen: 3/4
  OK (45 packets in 10s)

-- TEST 10: ESP-NOW -> GIE Live Input --
  10a: Input encoding from live ESP-NOW data...
  Input updates from ESP-NOW: 27 in 3s
  First encoded input energy: 104 / 128 trits active
  Input sample [0..15] RSSI: +++++++---------
  Input sample [16..23] pattern: ------++
  Input sample [24..31] payload: --------
  10a: OK

  10b: GIE hidden state with live ESP-NOW input...
[DIAG] 500us: agree=254 disagree=289 out_sel4=47 out_sel5=48 in101=0x84 in103=0x86 gpio_in=0x30039348 cpu_agree=20 loop=0
[DIAG] gdma: raw=0x1 st=0x0 ena=0x2 conf0=0x0 link=0x273e8(park=0) peri=9
[DIAG] gdma2: fifo=0x61 state=0x2e75c8(dscr_st=3 out_st=2) eof_addr=0x408275a4
[DIAG] parlio: cfg=0x1a089b40(tx_start=1 bytelen=9936) st=0x80000000(tx_ready=1) int_raw=0x5(eof=1 rempty=1)
[DIAG] 500us: agree=254 disagree=289 out_sel4=47 out_sel5=48 in101=0x84 in103=0x86 gpio_in=0x1103a348 cpu_agree=20 loop=0
[DIAG] gdma: raw=0x1 st=0x0 ena=0x2 conf0=0x0 link=0x273e8(park=0) peri=9
[DIAG] gdma2: fifo=0x61 state=0x2e75c8(dscr_st=3 out_st=2) eof_addr=0x408275a4
[DIAG] parlio: cfg=0x1a089b40(tx_start=1 bytelen=9936) st=0x80000000(tx_ready=1) int_raw=0x5(eof=1 rempty=1)
  Static input: 430 loops, hidden energy=30
  Live input: 439 loops, 10 input updates, hidden energy=30
  Hamming distance (static vs live): 18 / 32
  Static hidden: [+-+--+-----+-0-+++++-++0-+-+-++-]
  Live hidden  : [+++0+-+-++++--+-++0--+--++++-+++]
  10b: OK

  10c: Pattern-dependent hidden state trajectories...
[DIAG] 500us: agree=254 disagree=289 out_sel4=47 out_sel5=48 in101=0x84 in103=0x86 gpio_in=0x1103a348 cpu_agree=20 loop=0
[DIAG] gdma: raw=0x1 st=0x0 ena=0x2 conf0=0x0 link=0x273e8(park=0) peri=9
[DIAG] gdma2: fifo=0x61 state=0x2e75c8(dscr_st=3 out_st=2) eof_addr=0x408275a4
[DIAG] parlio: cfg=0x1a089b40(tx_start=1 bytelen=9936) st=0x80000000(tx_ready=1) int_raw=0x5(eof=1 rempty=1)
    window 0: pattern=0 (count=10), energy=30
[DIAG] 500us: agree=254 disagree=289 out_sel4=47 out_sel5=48 in101=0x84 in103=0x86 gpio_in=0x11039348 cpu_agree=20 loop=0
[DIAG] gdma: raw=0x1 st=0x0 ena=0x2 conf0=0x0 link=0x273e8(park=0) peri=9
[DIAG] gdma2: fifo=0x61 state=0x2e75c8(dscr_st=3 out_st=2) eof_addr=0x408275a4
[DIAG] parlio: cfg=0x1a089b40(tx_start=1 bytelen=9936) st=0x80000000(tx_ready=1) int_raw=0x5(eof=1 rempty=1)
    window 1: pattern=0 (count=11), energy=31
[DIAG] 500us: agree=254 disagree=289 out_sel4=47 out_sel5=48 in101=0x84 in103=0x86 gpio_in=0x1103a348 cpu_agree=20 loop=0
[DIAG] gdma: raw=0x1 st=0x0 ena=0x2 conf0=0x0 link=0x273e8(park=0) peri=9
[DIAG] gdma2: fifo=0x61 state=0x2e75c8(dscr_st=3 out_st=2) eof_addr=0x408275a4
[DIAG] parlio: cfg=0x1a089b40(tx_start=1 bytelen=9936) st=0x80000000(tx_ready=1) int_raw=0x5(eof=1 rempty=1)
    window 2: pattern=0 (count=6), energy=29
[DIAG] 500us: agree=254 disagree=289 out_sel4=47 out_sel5=48 in101=0x84 in103=0x86 gpio_in=0x11039348 cpu_agree=20 loop=0
[DIAG] gdma: raw=0x1 st=0x0 ena=0x2 conf0=0x0 link=0x273e8(park=0) peri=9
[DIAG] gdma2: fifo=0x61 state=0x2e75c8(dscr_st=3 out_st=2) eof_addr=0x408275a4
[DIAG] parlio: cfg=0x1a089b40(tx_start=1 bytelen=9936) st=0x80000000(tx_ready=1) int_raw=0x5(eof=1 rempty=1)
    window 3: pattern=1 (count=5), energy=31
  Cross-pattern pairs: 3, divergent: 3, max hamming: 15
  Same-pattern pairs: 3
  10c: OK

  10d: Full stack: ESP-NOW -> GIE -> LP core...
[DIAG] 500us: agree=254 disagree=289 out_sel4=47 out_sel5=48 in101=0x84 in103=0x86 gpio_in=0x1103a348 cpu_agree=20 loop=0
[DIAG] gdma: raw=0x1 st=0x0 ena=0x2 conf0=0x0 link=0x273e8(park=0) peri=9
[DIAG] gdma2: fifo=0x61 state=0x2e75c8(dscr_st=3 out_st=2) eof_addr=0x408275a4
[DIAG] parlio: cfg=0x1a089b40(tx_start=1 bytelen=9936) st=0x80000000(tx_ready=1) int_raw=0x5(eof=1 rempty=1)
  GIE loops: 866, LP feeds: 20, LP steps: 19
  LP hidden energy: 16 / 16
  LP final hidden: [---+--+-+++-+-++]
  10d: OK

  OK

-- TEST 11: Pattern Classification (Stream CfC) --
[DIAG] 500us: agree=254 disagree=289 out_sel4=47 out_sel5=48 in101=0x84 in103=0x86 gpio_in=0x1103a348 cpu_agree=20 loop=0
[DIAG] gdma: raw=0x1 st=0x0 ena=0x2 conf0=0x0 link=0x273e8(park=0) peri=9
[DIAG] gdma2: fifo=0x61 state=0x2e75c8(dscr_st=3 out_st=2) eof_addr=0x408275a4
[DIAG] parlio: cfg=0x1a089b40(tx_start=1 bytelen=9936) st=0x80000000(tx_ready=1) int_raw=0x5(eof=1 rempty=1)
  Phase 0a: Observing input signatures (30s)...
  Observed: 173 packets, 173 encoded, 12885 GIE loops
  Per-pattern counts: P0=51 P1=30 P2=22 P3=70
  Phase 0b: Computing TriX signatures...
  sig[0]: [+++++++---------++--------------...] nz=104/128 (from 51 samples, seq trits masked)
  sig[1]: [+++++++-----------++----++++++++...] nz=103/128 (from 30 samples, seq trits masked)
  sig[2]: [+++++++-------------++---+-+-+-+...] nz=96/128 (from 22 samples, seq trits masked)
  sig[3]: [+++++++---------------++00-0+--+...] nz=84/128 (from 70 samples, seq trits masked)
  Signature pattern-ID trits [16..23]:
    sig[0][16..23]: ++------
    sig[1][16..23]: --++----
    sig[2][16..23]: ----++--
    sig[3][16..23]: ------++
  Signature cross-dots:
    sig[0] vs: s0=104 s1=69 s2=70 s3=46 
    sig[1] vs: s0=69 s1=103 s2=77 s3=33 
    sig[2] vs: s0=70 s1=77 s2=96 s3=35 
    sig[3] vs: s0=46 s1=33 s2=35 s3=84 
  Ring drops: 71

  Phase 0c: Installing signatures as W_f gate weights...
  W_f weights set from signatures (8 neurons/pattern)
  Gate threshold: 2147483647 (Phase 3: blend DISABLED, all neurons HOLD)
  Neurons 0-7 → pattern 0
  Neurons 8-15 → pattern 1
  Neurons 16-23 → pattern 2
  Neurons 24-31 → pattern 3
  Gate selectivity: 0 fires / 64 steps = 0%

  GDMA offset calibration...
  GDMA offset mapping: G0→P0 G1→P1 G2→P2 G3→P3
  ISR groups:  [53, 40, 45, 37]
  CPU patterns: [53, 40, 45, 37]

  Phase 0d: TriX Cube face observation (15s)...
  TriX Cube face signatures:
    +x:recent: 110 samples [P0=51 P1=24 P2=4 P3=31]
    -x:prior: 79 samples [P0=24 P1=4 P2=0 P3=51]
    +y:stable: 56 samples [P0=31 P1=14 P2=0 P3=11]
    -y:transient: 14 samples [P0=5 P1=3 P2=1 P3=5]
    +z:confident: 43 samples [P0=43 P1=0 P2=0 P3=0]
    -z:uncertain: 31 samples [P0=0 P1=0 P2=0 P3=31]
  Face divergence from core (avg Hamming across patterns):
    +x:recent: 24 avg (4 patterns with data)
    -x:prior: 38 avg (3 patterns with data)
    +y:stable: 28 avg (3 patterns with data)
    -y:transient: 30 avg (4 patterns with data)
    +z:confident: 16 avg (1 patterns with data)
    -z:uncertain: 54 avg (1 patterns with data)
  Ring drops: 71

  Phase 1: TriX Cube ensemble (up to 32 samples, 60s)...
    s01: truth=2 core=2 isr=2 | cv=[0,0,2,0] iv=[0,0,2,0] xor=[15,-,-,31,-,-]
    s02: truth=2 core=2 isr=2 | cv=[0,0,2,0] iv=[0,0,2,0] xor=[15,96,96,31,96,96]
    s03: truth=2 core=2 isr=2 | cv=[0,0,2,0] iv=[0,0,2,0] xor=[15,96,96,31,96,96]
    s04: truth=0 core=0 isr=0 | cv=[10,0,0,0] iv=[10,0,0,0] xor=[16,30,12,16,16,104]
    s05: truth=0 core=0 isr=0 | cv=[10,0,0,0] iv=[10,0,0,0] xor=[8,24,9,9,9,116]
    s06: truth=0 core=0 isr=0 | cv=[10,0,0,0] iv=[10,0,0,0] xor=[6,24,8,7,6,119]
    s07: truth=0 core=0 isr=0 | cv=[10,0,0,0] iv=[10,0,0,0] xor=[6,24,4,6,6,27]
    s08: truth=0 core=0 isr=0 | cv=[10,0,0,0] iv=[10,0,0,0] xor=[4,3,3,6,4,2]
    s09: truth=1 core=1 isr=1 | cv=[1,6,0,0] iv=[1,6,0,0] xor=[8,21,9,11,95,94]
    s10: truth=1 core=1 isr=1 | cv=[0,3,0,0] iv=[0,3,0,0] xor=[7,24,10,11,118,118]
    s11: truth=1 core=1 isr=1 | cv=[0,6,0,0] iv=[0,6,0,0] xor=[7,24,10,11,118,118]
    s12: truth=1 core=1 isr=1 | cv=[0,3,0,0] iv=[0,3,0,0] xor=[6,23,9,11,118,118]
    s13: truth=1 core=1 isr=1 | cv=[0,6,0,0] iv=[0,6,0,0] xor=[5,23,1,12,119,119]
    s14: truth=2 core=2 isr=2 | cv=[0,0,2,0] iv=[0,0,2,0] xor=[15,96,96,31,96,96]
    s15: truth=2 core=2 isr=2 | cv=[0,0,2,0] iv=[0,0,2,0] xor=[6,109,109,19,109,109]
    s16: truth=2 core=2 isr=2 | cv=[0,0,2,0] iv=[0,0,2,0] xor=[6,109,109,19,109,109]
    s17: truth=2 core=2 isr=2 | cv=[0,0,2,0] iv=[0,0,2,0] xor=[6,109,109,19,109,109]
    s18: truth=2 core=2 isr=2 | cv=[0,0,2,0] iv=[0,0,2,0] xor=[6,109,109,19,109,109]
    s19: truth=0 core=0 isr=0 | cv=[10,0,0,0] iv=[10,0,0,0] xor=[3,2,3,4,2,1]
    s20: truth=0 core=0 isr=0 | cv=[10,0,0,0] iv=[10,0,0,0] xor=[3,2,1,3,2,0]
    s21: truth=0 core=0 isr=0 | cv=[10,0,0,0] iv=[10,0,0,0] xor=[1,1,2,4,3,1]
    s22: truth=0 core=0 isr=0 | cv=[10,0,0,0] iv=[10,0,0,0] xor=[0,2,3,4,2,2]
    s23: truth=0 core=0 isr=0 | cv=[9,1,0,0] iv=[9,1,0,0] xor=[0,4,1,3,13,12]
    s24: truth=1 core=1 isr=1 | cv=[0,5,0,0] iv=[0,5,0,0] xor=[5,15,1,10,119,119]
    s25: truth=1 core=1 isr=1 | cv=[0,6,0,0] iv=[0,6,0,0] xor=[5,2,1,3,41,41]
    s26: truth=1 core=1 isr=1 | cv=[0,3,0,0] iv=[0,3,0,0] xor=[6,2,1,3,2,2]
    s27: truth=1 core=1 isr=1 | cv=[0,6,0,0] iv=[0,6,0,0] xor=[5,2,1,3,2,2]
    s28: truth=1 core=1 isr=1 | cv=[0,3,0,0] iv=[0,3,0,0] xor=[5,2,1,3,2,2]
    s29: truth=2 core=2 isr=2 | cv=[0,0,2,0] iv=[0,0,2,0] xor=[6,109,109,19,109,109]
    s30: truth=2 core=2 isr=2 | cv=[0,0,2,0] iv=[0,0,2,0] xor=[6,109,109,19,109,109]
    s31: truth=2 core=2 isr=2 | cv=[0,0,2,0] iv=[0,0,2,0] xor=[6,109,109,19,109,109]
    s32: truth=2 core=2 isr=2 | cv=[0,0,2,0] iv=[0,0,2,0] xor=[6,109,109,20,109,109]

  ═══ CLASSIFICATION RESULTS (TriX Cube) ═══
  Total GIE loops: 42114
  TriX ISR classifications: 29208 (at 661 Hz)
  Test samples: 32
  Ring drops: 71
  Core (CPU per-pkt vote):   32/32 = 100%
  ISR  (HW 430 Hz TriX):     32/32 = 100% (all samples)
  ISR  (windows w/ data):    32/32 = 100% (278 pkts clean, 0 pkts timeout)
  TriX channel signals:      29208 (seq=29208)
  Baseline (packet-rate):    28/32 = 87%

  ── Novelty Detection ──
  Novel packets: 94 / 278 (33%)
  Novel windows: 11

  ── Online Maintenance ──
  Core re-signs: 11
  Core drift (Hamming):
    sig[0]: 15/128 trits
    sig[1]: 16/128 trits
    sig[2]: 13/128 trits
    sig[3]: 0/128 trits

  ── XOR Masks (temporal displacement per face) ──
    Face              avg  | rssi patid payload timing
    +x:recent            5/128 |  0/16  0/8   0/64    5/40
    -x:prior            24/128 |  2/16  2/8  11/64    8/40
    +y:stable           17/128 |  2/16  1/8   7/64    7/40
    -y:transient         9/128 |  0/16  0/8   0/64    8/40
    +z:confident        38/128 |  4/16  2/8  18/64   12/40
    -z:uncertain        56/128 |  7/16  3/8  30/64   14/40
    ── Signal distribution ──
    RSSI:    11% of mask weight
    PatID:   6% of mask weight
    Payload: 44% of mask weight
    Timing:  37% of mask weight

  ── TriX Cube Geometry ──
    +x:recent: 294 samples, 13 avg hamming from core
    -x:prior: 263 samples, 42 avg hamming from core
    +y:stable: 240 samples, 42 avg hamming from core
    -y:transient: 198 samples, 20 avg hamming from core
    +z:confident: 227 samples, 49 avg hamming from core
    -z:uncertain: 215 samples, 38 avg hamming from core
  Gate firing: 0%

  Architecture:
  - TriX ISR: HW classifies at 430 Hz (CfC blend DISABLED — Phase 3)
  - 7-voxel TriX Cube: core + 6 temporal faces
  - Faces: recent, prior, stable, transient, confident, uncertain
  - Core classifies alone. Faces compute XOR masks (intervention sensors)
  - XOR mask = trit positions where face sig != core sig
  - Online maintenance + novelty detection
  - Gate threshold=2147483647, novelty=60
  OK

-- TEST 12: Memory-Modulated Adaptive Attention --
[DIAG] 500us: agree=1193 disagree=216 out_sel4=47 out_sel5=48 in101=0x84 in103=0x86 gpio_in=0x1103a348 cpu_agree=20 loop=0
[DIAG] gdma: raw=0x1 st=0x0 ena=0x2 conf0=0x0 link=0x273e8(park=0) peri=9
[DIAG] gdma2: fifo=0x61 state=0x2e75c8(dscr_st=3 out_st=2) eof_addr=0x408275a4
[DIAG] parlio: cfg=0x1a089b40(tx_start=1 bytelen=9936) st=0x80000000(tx_ready=1) int_raw=0x5(eof=1 rempty=1)
  blend re-enabled (threshold=90), VDB cleared, LP reset
  running 120s: classify → insert snapshot → LP feedback

  ── LP Hidden State by Pattern ──
    P0: 0 samples, sign=0/16, mtfp=0/80
    P1: 0 samples, sign=0/16, mtfp=0/80
    P2: 0 samples, sign=0/16, mtfp=0/80
    P3: 0 samples, sign=0/16, mtfp=0/80

  ── LP Divergence Matrix — sign-space (Hamming, /16) ──
       P0  P1  P2  P3
  P0:   -   -   -   -
  P1:   -   -   -   -
  P2:   -   -   -   -
  P3:   -   -   -   -

  ── LP Divergence Matrix — MTFP-space (Hamming, /80) ──
       P0  P1  P2  P3
  P0:   -   -   -   -
  P1:   -   -   -   -
  P2:   -   -   -   -
  P3:   -   -   -   -
  P1 vs P3: sign=-1/16, mtfp=-1/80
  P1 vs P2: sign=-1/16, mtfp=-1/80

  ── Summary ──
  Confirmed: P0=0 P1=0 P2=0 P3=506 (total=506)
  VDB inserts: 63 (VDB count: 63/64)
  LP feedback steps: 506, feedback applied: 498
  Gate firing: 14%
  P1 vs P3 Hamming: insufficient data
  Cross-pattern LP divergence: NO — LP state did not differentiate patterns

  Architecture note:
  - TriX classification unchanged (W_f hidden=0, ISR step 3b
    runs before blend step 4 — scores are always input-driven)
  - LP hidden = episodic memory of pattern exposure
  - VDB retrieval shapes LP trajectory via ternary blend
  - This closes the loop: perceive → classify → remember
    → retrieve → modulate — without CPU or multiplication

  ── Split-Half Null Test (P-1, n=0) ──
  Insufficient samples for null test (need >= 30)
  Sufficient patterns: 0/4 (need >=3 with >=15 samples each)
  FAIL

-- TEST 13: CMD 4 Ablation (CfC only, no VDB blend) --
[DIAG] 500us: agree=1215 disagree=201 out_sel4=47 out_sel5=48 in101=0x84 in103=0x86 gpio_in=0x11039348 cpu_agree=20 loop=0
[DIAG] gdma: raw=0x1 st=0x0 ena=0x2 conf0=0x0 link=0x273e8(park=0) peri=9
[DIAG] gdma2: fifo=0x61 state=0x2e75c8(dscr_st=3 out_st=2) eof_addr=0x408275a4
[DIAG] parlio: cfg=0x1a089b40(tx_start=1 bytelen=9936) st=0x80000000(tx_ready=1) int_raw=0x5(eof=1 rempty=1)
  CMD 4 (no VDB blend), VDB cleared, LP reset
  running 120s: classify → feed LP → CfC step only

  ── LP Hidden State by Pattern (CMD 4, no blend) ──
    P0: 0 samples, energy=0/16
    P1: 0 samples, energy=0/16
    P2: 0 samples, energy=0/16
    P3: 0 samples, energy=0/16

  ── LP Divergence Matrix (CMD 4 — ablation) ──
       P0  P1  P2  P3
  P0:   -   -   -   -
  P1:   -   -   -   -
  P2:   -   -   -   -
  P3:   -   -   -   -

  ── Attribution Analysis (P1 vs P2 primary pair) ──
  RESULT: No LP divergence without VDB blend (CMD 4).
          VDB feedback is causally necessary.
          Memory-modulated attention: CONFIRMED with control.
  Sufficient patterns: 0/4 (need >=3)
  FAIL

-- TEST 14: Kinetic Attention (Agreement-Weighted Gate Bias) --

  ── Condition: 14A (no bias) ──
[DIAG] 500us: agree=1355 disagree=139 out_sel4=47 out_sel5=48 in101=0x84 in103=0x86 gpio_in=0x1103a348 cpu_agree=20 loop=0
[DIAG] gdma: raw=0x1 st=0x0 ena=0x2 conf0=0x0 link=0x273e8(park=0) peri=9
[DIAG] gdma2: fifo=0x61 state=0x2e75c8(dscr_st=3 out_st=2) eof_addr=0x408275a4
[DIAG] parlio: cfg=0x1a089b40(tx_start=1 bytelen=9936) st=0x80000000(tx_ready=1) int_raw=0x5(eof=1 rempty=1)
    step 100 (21s): bias=[0 0 0 0] p=0 vdb=12
    step 200 (43s): bias=[0 0 0 0] p=0 vdb=25
    step 300 (66s): bias=[0 0 0 0] p=1 vdb=37
    step 400 (91s): bias=[0 0 0 0] p=2 vdb=50

  LP Hidden State (14A (no bias)):
    P0: 282 samples, energy=16/16 [+-+-+----++---+-]
    P1: 147 samples, energy=16/16 [+-+-+-----+---+-]
    P2: 59 samples, energy=16/16 [+-+-+-----+---+-]
    P3: 7 samples, energy=16/16 [+-+-+-----+---+-]
  Confirms: 495, max_bias: 0, gate_firing: 14%, bias_duty: 0% (0/495 confirms)
  Per-group fires: [92816 85889 60344 0]

  ── Condition: 14C (full bias) ──
[DIAG] 500us: agree=895 disagree=599 out_sel4=47 out_sel5=48 in101=0x84 in103=0x86 gpio_in=0x11039348 cpu_agree=20 loop=0
[DIAG] gdma: raw=0x1 st=0x0 ena=0x2 conf0=0x0 link=0x273e8(park=0) peri=9
[DIAG] gdma2: fifo=0x61 state=0x2e75c8(dscr_st=3 out_st=2) eof_addr=0x408275a4
[DIAG] parlio: cfg=0x1a089b40(tx_start=1 bytelen=9936) st=0x80000000(tx_ready=1) int_raw=0x5(eof=1 rempty=1)
    step 100 (24s): bias=[0 0 0 0] p=0 vdb=12
    step 200 (46s): bias=[7 0 0 0] p=0 vdb=25
    step 300 (69s): bias=[0 0 0 0] p=0 vdb=37
    step 400 (90s): bias=[13 0 0 0] p=0 vdb=50
    step 500 (113s): bias=[5 11 0 0] p=1 vdb=62

  LP Hidden State (14C (full bias)):
    P0: 311 samples, energy=16/16 [+-+-+----++---+-]
    P1: 149 samples, energy=16/16 [+-+-+----++---+-]
    P2: 54 samples, energy=16/16 [+-+-+----++---+-]
    P3: 10 samples, energy=16/16 [+---+-----+---+-]
  Confirms: 524, max_bias: 15, gate_firing: 18%, bias_duty: 78% (413/524 confirms)
  Per-group fires: [108480 114881 76752 0]

  ── Condition: 14C-iso (bias after 60s) ──
[DIAG] 500us: agree=1222 disagree=181 out_sel4=47 out_sel5=48 in101=0x84 in103=0x86 gpio_in=0x1103a348 cpu_agree=20 loop=0
[DIAG] gdma: raw=0x1 st=0x0 ena=0x2 conf0=0x0 link=0x273e8(park=0) peri=9
[DIAG] gdma2: fifo=0x61 state=0x2e75c8(dscr_st=3 out_st=2) eof_addr=0x408275a4
[DIAG] parlio: cfg=0x1a089b40(tx_start=1 bytelen=9936) st=0x80000000(tx_ready=1) int_raw=0x5(eof=1 rempty=1)
    step 100 (23s): bias=[0 0 0 0] p=2 vdb=12
    step 200 (45s): bias=[0 0 0 0] p=1 vdb=25
    step 300 (66s): bias=[0 0 7 15] p=3 vdb=37
    step 400 (92s): bias=[12 1 3 4] p=0 vdb=50
    step 500 (113s): bias=[14 0 0 2] p=0 vdb=62

  LP Hidden State (14C-iso (bias after 60s)):
    P0: 322 samples, energy=16/16 [+-+------++--++-]
    P1: 146 samples, energy=16/16 [+-+------++--++-]
    P2: 49 samples, energy=16/16 [+-+------++--++-]
    P3: 33 samples, energy=16/16 [+-+------++--++-]
  Confirms: 550, max_bias: 15, gate_firing: 16%, bias_duty: 47% (263/550 confirms)
  Per-group fires: [106784 101097 63792 0]

  ══ TEST 14 COMPARISON ══

  LP Divergence — sign-space (14A (no bias), /16):
       P0  P1  P2  P3
  P0:   0   1   1   1
  P1:   1   0   0   0
  P2:   1   0   0   0
  P3:   1   0   0   0

  LP Divergence — sign-space (14C (full bias), /16):
       P0  P1  P2  P3
  P0:   0   0   0   2
  P1:   0   0   0   2
  P2:   0   0   0   2
  P3:   2   2   2   0

  LP Divergence — sign-space (14C-iso (bias after 60s), /16):
       P0  P1  P2  P3
  P0:   0   0   0   0
  P1:   0   0   0   0
  P2:   0   0   0   0
  P3:   0   0   0   0

  LP Divergence — MTFP-space (14A (no bias), /80):
       P0  P1  P2  P3
  P0:   0   6   4  14
  P1:   6   0   8  14
  P2:   4   8   0  12
  P3:  14  14  12   0

  LP Divergence — MTFP-space (14C (full bias), /80):
       P0  P1  P2  P3
  P0:   0   6   4   9
  P1:   6   0   4  11
  P2:   4   4   0   9
  P3:   9  11   9   0

  LP Divergence — MTFP-space (14C-iso (bias after 60s), /80):
       P0  P1  P2  P3
  P0:   0   6   8  11
  P1:   6   0   8  14
  P2:   8   8   0  13
  P3:  11  14  13   0

  Per-Pair Comparison (14C vs 14A):
  Pair  | 14A | 14C | delta | 14C-iso | delta
  ------|-----|-----|-------|---------|------
  P0-P1 |   1 |   0 |  -1   |     0   |  -1
  P0-P2 |   1 |   0 |  -1   |     0   |  -1
  P0-P3 |   1 |   2 |  +1   |     0   |  -1
  P1-P2 |   0 |   0 |  +0   |     0   |  +0
  P1-P3 |   0 |   2 |  +2   |     0   |  +0
  P2-P3 |   0 |   2 |  +2   |     0   |  +0
  Mean  | 0.5 | 1.0 | +0.5  |   0.0   | -0.5

  Per-Group Gate Fires (total across 120s):
  Condition                  | G0       G1       G2       G3
  --------------------------|---------------------------------------
  14A (no bias)              | 92816    85889    60344    0       
  14C (full bias)            | 108480   114881   76752    0       
  14C-iso (bias after 60s)   | 106784   101097   63792    0       

  Bias Duty Cycle:
  14A (no bias)               0% (0/495 confirms with non-zero bias)
  14C (full bias)             78% (413/524 confirms with non-zero bias)
  14C-iso (bias after 60s)    47% (263/550 confirms with non-zero bias)

  Confound Control — LP Divergence at t=60s:
  14A (no bias)               mean=0.5/16 (3%)
  14C (full bias)             mean=3.3/16 (21%)
  14C-iso (bias after 60s)    mean=3.0/16 (19%)
  If 14A@60s ~ 14C-iso@60s: unbiased formation confirmed
  If 14A@60s ~ 14C@60s:     confound (maturity, not formation)

  Classification Accuracy (CPU core_pred vs sender ground truth):
  14A (no bias)               469/495 = 94.7%
  14C (full bias)             500/524 = 95.4%
  14C-iso (bias after 60s)    509/550 = 92.5%

  Confusion Matrix — 14A (no bias) (rows=ground truth, cols=predicted):
       P0   P1   P2   P3
  P0:  269    0    0    2
  P1:    6  138    0    0
  P2:    0    9   57    0
  P3:    7    0    2    5

  Confusion Matrix — 14C (full bias) (rows=ground truth, cols=predicted):
       P0   P1   P2   P3
  P0:  302    0    0    4
  P1:    6  138    0    0
  P2:    0    8   54    0
  P3:    3    3    0    6

  Confusion Matrix — 14C-iso (bias after 60s) (rows=ground truth, cols=predicted):
       P0   P1   P2   P3
  P0:  302    0    0    4
  P1:    6  129    0    0
  P2:    0   10   49    0
  P3:   14    7    0   29

  TriX ISR vs CPU core_pred agreement:
  14A (no bias)               473/495 = 95.6% agree
  14C (full bias)             505/524 = 96.4% agree
  14C-iso (bias after 60s)    525/550 = 95.5% agree

  Divergence as % of maximum (16 trits):
  14A (no bias)               mean 0.5/16 = 3%
  14C (full bias)             mean 1.0/16 = 6%
  14C-iso (bias after 60s)    mean 0.0/16 = 0%

  ── Verdict ──
  Gate bias activated (14C):    YES (max=15)
  Mean Hamming 14C >= 14A:      YES (1.0 vs 0.5)
  No catastrophic regression:   YES (worst: -1)
  Per-group fire shift > 10%:   YES
  Pairs 14C > 14A: 3, equal: 1, worse: 2 (of 6)
  OK

-- TEST 14C: CLS Transition Experiment --

  ── Condition: Full (CMD5+bias) ──
[DIAG] 500us: agree=1203 disagree=214 out_sel4=47 out_sel5=48 in101=0x84 in103=0x86 gpio_in=0x11039348 cpu_agree=20 loop=0
[DIAG] gdma: raw=0x1 st=0x0 ena=0x2 conf0=0x0 link=0x273e8(park=0) peri=9
[DIAG] gdma2: fifo=0x61 state=0x2e75c8(dscr_st=3 out_st=2) eof_addr=0x408275a4
[DIAG] parlio: cfg=0x1a089b40(tx_start=1 bytelen=9936) st=0x80000000(tx_ready=1) int_raw=0x5(eof=1 rempty=1)
  Sync: waiting for ≥60s continuous P1...
    P1 step 100: vdb=12 p1_n=33 bias=[0 7 0 0]
    P1 step 200: vdb=25 p1_n=57 bias=[0 0 3 0]
    P1 step 300: vdb=37 p1_n=81 bias=[0 0 0 0]
    P1 step 400: vdb=50 p1_n=105 bias=[0 0 0 0]
    P1 step 500: vdb=62 p1_n=129 bias=[0 0 0 0]
    P1 step 600: vdb=64 p1_n=162 bias=[0 15 0 0]
    P1 step 700: vdb=64 p1_n=190 bias=[0 12 0 0]
    P1 step 800: vdb=64 p1_n=219 bias=[0 12 0 0]
  SKIP: no ≥60s P1 dwell in 120s. Sender not in TRANSITION_MODE.
  TEST 14C SKIPPED — sender not in TRANSITION_MODE.
  Rebuild sender with -DTRANSITION_MODE=1 and reflash Board B.
  OK (skipped)

============================================================
  RESULTS: 13 / 15 PASSED
============================================================

  SOME TESTS FAILED — see details above.

-- LP CHAR: LP Dynamics Characterization --
   (diagnostic — not counted in pass/fail)
  Rep 1/3:
    P1 step   0: fires=13 blend= 0 score=  0 vdb=1
    P1 step 100: fires=15 blend= 1 score= 31 vdb=5
    P1 step 200: fires=15 blend= 1 score= 31 vdb=9
    P1 step 300: fires=15 blend= 1 score= 31 vdb=13
    P1 step 400: fires=15 blend= 1 score= 31 vdb=17
    P1 done: vdb_nodes=20
    P2 step  0: fires=15 blend=10 score= 15 applied=1
    P2 step  1: fires=15 blend=10 score=  7 applied=1
    P2 step  2: fires=12 blend=11 score=  7 applied=1
    P2 step  3: fires=14 blend=10 score=  6 applied=1
    P2 step  4: fires=15 blend=10 score=  7 applied=1
    P2 step  5: fires=15 blend= 9 score=  5 applied=1
    P2 step  6: fires=16 blend=10 score=  6 applied=1
    P2 step  7: fires=16 blend=10 score=  6 applied=1
    P2 step  8: fires=16 blend=10 score=  6 applied=1
    P2 step  9: fires=16 blend=10 score=  6 applied=1
    P2 step 10: fires=16 blend=10 score=  6 applied=1
    P2 step 11: fires=16 blend=10 score=  6 applied=1
    P2 step 12: fires=16 blend=10 score=  6 applied=1
    P2 step 13: fires=16 blend=10 score=  6 applied=1
    P2 step 14: fires=16 blend=10 score=  6 applied=1
    P2 step 15: fires=16 blend=10 score=  6 applied=1
    P2 step 16: fires=16 blend=10 score=  6 applied=1
    P2 step 17: fires=16 blend=10 score=  6 applied=1
    P2 step 18: fires=16 blend=10 score=  6 applied=1
    P2 step 19: fires=16 blend=10 score=  6 applied=1
    P2 step 20: fires=16 blend=10 score=  6 applied=1
    P2 step 21: fires=16 blend=10 score=  6 applied=1
    P2 step 22: fires=16 blend=10 score=  6 applied=1
    P2 step 23: fires=16 blend=10 score=  6 applied=1
    P2 step 24: fires=16 blend=10 score=  6 applied=1
    P2 step 25: fires=16 blend=10 score=  6 applied=1
    P2 step 26: fires=16 blend=10 score=  6 applied=1
    P2 step 27: fires=16 blend=10 score=  6 applied=1
    P2 step 28: fires=16 blend=10 score=  6 applied=1
    P2 step 29: fires=16 blend=10 score=  6 applied=1
    P2 step 30: fires=16 blend=10 score=  6 applied=1
    P2 step 31: fires=16 blend=10 score=  6 applied=1
    P2 step 32: fires=16 blend=10 score=  6 applied=1
    P2 step 33: fires=16 blend=10 score=  6 applied=1
    P2 step 34: fires=16 blend=10 score=  6 applied=1
    P2 step 35: fires=16 blend=10 score=  6 applied=1
    P2 step 36: fires=16 blend=10 score=  6 applied=1
    P2 step 37: fires=16 blend=10 score=  6 applied=1
    P2 step 38: fires=16 blend=10 score=  6 applied=1
    P2 step 39: fires=16 blend=10 score=  6 applied=1
    P2 step 40: fires=16 blend=10 score=  6 applied=1
    P2 step 41: fires=16 blend=10 score=  6 applied=1
    P2 step 42: fires=16 blend=10 score=  6 applied=1
    P2 step 43: fires=16 blend=10 score=  6 applied=1
    P2 step 44: fires=16 blend=10 score=  6 applied=1
    P2 step 45: fires=16 blend=10 score=  6 applied=1
    P2 step 46: fires=16 blend=10 score=  6 applied=1
    P2 step 47: fires=16 blend=10 score=  6 applied=1
    P2 step 48: fires=16 blend=10 score=  6 applied=1
    P2 step 49: fires=16 blend=10 score=  6 applied=1
    P2 step 50: fires=16 blend=10 score=  6 applied=1
    P2 step 51: fires=16 blend=10 score=  6 applied=1
    P2 step 52: fires=16 blend=10 score=  6 applied=1
    P2 step 53: fires=16 blend=10 score=  6 applied=1
    P2 step 54: fires=16 blend=10 score=  6 applied=1
    P2 step 55: fires=16 blend=10 score=  6 applied=1
    P2 step 56: fires=16 blend=10 score=  6 applied=1
    P2 step 57: fires=16 blend=10 score=  6 applied=1
    P2 step 58: fires=16 blend=10 score=  6 applied=1
    P2 step 59: fires=16 blend=10 score=  6 applied=1
    P2 step 60: fires=16 blend=10 score=  6 applied=1
    P2 step 61: fires=16 blend=10 score=  6 applied=1
    P2 step 62: fires=16 blend=10 score=  6 applied=1
    P2 step 63: fires=16 blend=10 score=  6 applied=1
    P2 step 64: fires=16 blend=10 score=  6 applied=1
    P2 step 65: fires=16 blend=10 score=  6 applied=1
    P2 step 66: fires=16 blend=10 score=  6 applied=1
    P2 step 67: fires=16 blend=10 score=  6 applied=1
    P2 step 68: fires=16 blend=10 score=  6 applied=1
    P2 step 69: fires=16 blend=10 score=  6 applied=1
    P2 step 70: fires=16 blend=10 score=  6 applied=1
    P2 step 71: fires=16 blend=10 score=  6 applied=1
    P2 step 72: fires=16 blend=10 score=  6 applied=1
    P2 step 73: fires=16 blend=10 score=  6 applied=1
    P2 step 74: fires=16 blend=10 score=  6 applied=1
    P2 step 75: fires=16 blend=10 score=  6 applied=1
    P2 step 76: fires=16 blend=10 score=  6 applied=1
    P2 step 77: fires=16 blend=10 score=  6 applied=1
    P2 step 78: fires=16 blend=10 score=  6 applied=1
    P2 step 79: fires=16 blend=10 score=  6 applied=1
    P2 step 80: fires=16 blend=10 score=  6 applied=1
    P2 step 81: fires=16 blend=10 score=  6 applied=1
    P2 step 82: fires=16 blend=10 score=  6 applied=1
    P2 step 83: fires=16 blend=10 score=  6 applied=1
    P2 step 84: fires=16 blend=10 score=  6 applied=1
    P2 step 85: fires=16 blend=10 score=  6 applied=1
    P2 step 86: fires=16 blend=10 score=  6 applied=1
    P2 step 87: fires=16 blend=10 score=  6 applied=1
    P2 step 88: fires=16 blend=10 score=  6 applied=1
    P2 step 89: fires=16 blend=10 score=  6 applied=1
    P2 step 90: fires=16 blend=10 score=  6 applied=1
    P2 step 91: fires=16 blend=10 score=  6 applied=1
    P2 step 92: fires=16 blend=10 score=  6 applied=1
    P2 step 93: fires=16 blend=10 score=  6 applied=1
    P2 step 94: fires=16 blend=10 score=  6 applied=1
    P2 step 95: fires=16 blend=10 score=  6 applied=1
    P2 step 96: fires=16 blend=10 score=  6 applied=1
    P2 step 97: fires=16 blend=10 score=  6 applied=1
    P2 step 98: fires=16 blend=10 score=  6 applied=1
    P2 step 99: fires=16 blend=10 score=  6 applied=1
    P1 mean: fires/step=14.9  blend/step=1.3  implied_alpha=0.082
    P2 mean: fires/step=15.9  blend/step=10.0  implied_alpha=0.625

  Rep 2/3:
    P1 step   0: fires=13 blend= 0 score=  0 vdb=1
    P1 step 100: fires=15 blend= 1 score= 31 vdb=5
    P1 step 200: fires=15 blend= 1 score= 31 vdb=9
    P1 step 300: fires=15 blend= 1 score= 31 vdb=13
    P1 step 400: fires=15 blend= 1 score= 31 vdb=17
    P1 done: vdb_nodes=20
    P2 step  0: fires=15 blend=10 score= 15 applied=1
    P2 step  1: fires=15 blend=10 score=  7 applied=1
    P2 step  2: fires=12 blend=11 score=  7 applied=1
    P2 step  3: fires=14 blend=10 score=  6 applied=1
    P2 step  4: fires=15 blend=10 score=  7 applied=1
    P2 step  5: fires=15 blend= 9 score=  5 applied=1
    P2 step  6: fires=16 blend=10 score=  6 applied=1
    P2 step  7: fires=16 blend=10 score=  6 applied=1
    P2 step  8: fires=16 blend=10 score=  6 applied=1
    P2 step  9: fires=16 blend=10 score=  6 applied=1
    P2 step 10: fires=16 blend=10 score=  6 applied=1
    P2 step 11: fires=16 blend=10 score=  6 applied=1
    P2 step 12: fires=16 blend=10 score=  6 applied=1
    P2 step 13: fires=16 blend=10 score=  6 applied=1
    P2 step 14: fires=16 blend=10 score=  6 applied=1
    P2 step 15: fires=16 blend=10 score=  6 applied=1
    P2 step 16: fires=16 blend=10 score=  6 applied=1
    P2 step 17: fires=16 blend=10 score=  6 applied=1
    P2 step 18: fires=16 blend=10 score=  6 applied=1
    P2 step 19: fires=16 blend=10 score=  6 applied=1
    P2 step 20: fires=16 blend=10 score=  6 applied=1
    P2 step 21: fires=16 blend=10 score=  6 applied=1
    P2 step 22: fires=16 blend=10 score=  6 applied=1
    P2 step 23: fires=16 blend=10 score=  6 applied=1
    P2 step 24: fires=16 blend=10 score=  6 applied=1
    P2 step 25: fires=16 blend=10 score=  6 applied=1
    P2 step 26: fires=16 blend=10 score=  6 applied=1
    P2 step 27: fires=16 blend=10 score=  6 applied=1
    P2 step 28: fires=16 blend=10 score=  6 applied=1
    P2 step 29: fires=16 blend=10 score=  6 applied=1
    P2 step 30: fires=16 blend=10 score=  6 applied=1
    P2 step 31: fires=16 blend=10 score=  6 applied=1
    P2 step 32: fires=16 blend=10 score=  6 applied=1
    P2 step 33: fires=16 blend=10 score=  6 applied=1
    P2 step 34: fires=16 blend=10 score=  6 applied=1
    P2 step 35: fires=16 blend=10 score=  6 applied=1
    P2 step 36: fires=16 blend=10 score=  6 applied=1
    P2 step 37: fires=16 blend=10 score=  6 applied=1
    P2 step 38: fires=16 blend=10 score=  6 applied=1
    P2 step 39: fires=16 blend=10 score=  6 applied=1
    P2 step 40: fires=16 blend=10 score=  6 applied=1
    P2 step 41: fires=16 blend=10 score=  6 applied=1
    P2 step 42: fires=16 blend=10 score=  6 applied=1
    P2 step 43: fires=16 blend=10 score=  6 applied=1
    P2 step 44: fires=16 blend=10 score=  6 applied=1
    P2 step 45: fires=16 blend=10 score=  6 applied=1
    P2 step 46: fires=16 blend=10 score=  6 applied=1
    P2 step 47: fires=16 blend=10 score=  6 applied=1
    P2 step 48: fires=16 blend=10 score=  6 applied=1
    P2 step 49: fires=16 blend=10 score=  6 applied=1
    P2 step 50: fires=16 blend=10 score=  6 applied=1
    P2 step 51: fires=16 blend=10 score=  6 applied=1
    P2 step 52: fires=16 blend=10 score=  6 applied=1
    P2 step 53: fires=16 blend=10 score=  6 applied=1
    P2 step 54: fires=16 blend=10 score=  6 applied=1
    P2 step 55: fires=16 blend=10 score=  6 applied=1
    P2 step 56: fires=16 blend=10 score=  6 applied=1
    P2 step 57: fires=16 blend=10 score=  6 applied=1
    P2 step 58: fires=16 blend=10 score=  6 applied=1
    P2 step 59: fires=16 blend=10 score=  6 applied=1
    P2 step 60: fires=16 blend=10 score=  6 applied=1
    P2 step 61: fires=16 blend=10 score=  6 applied=1
    P2 step 62: fires=16 blend=10 score=  6 applied=1
    P2 step 63: fires=16 blend=10 score=  6 applied=1
    P2 step 64: fires=16 blend=10 score=  6 applied=1
    P2 step 65: fires=16 blend=10 score=  6 applied=1
    P2 step 66: fires=16 blend=10 score=  6 applied=1
    P2 step 67: fires=16 blend=10 score=  6 applied=1
    P2 step 68: fires=16 blend=10 score=  6 applied=1
    P2 step 69: fires=16 blend=10 score=  6 applied=1
    P2 step 70: fires=16 blend=10 score=  6 applied=1
    P2 step 71: fires=16 blend=10 score=  6 applied=1
    P2 step 72: fires=16 blend=10 score=  6 applied=1
    P2 step 73: fires=16 blend=10 score=  6 applied=1
    P2 step 74: fires=16 blend=10 score=  6 applied=1
    P2 step 75: fires=16 blend=10 score=  6 applied=1
    P2 step 76: fires=16 blend=10 score=  6 applied=1
    P2 step 77: fires=16 blend=10 score=  6 applied=1
    P2 step 78: fires=16 blend=10 score=  6 applied=1
    P2 step 79: fires=16 blend=10 score=  6 applied=1
    P2 step 80: fires=16 blend=10 score=  6 applied=1
    P2 step 81: fires=16 blend=10 score=  6 applied=1
    P2 step 82: fires=16 blend=10 score=  6 applied=1
    P2 step 83: fires=16 blend=10 score=  6 applied=1
    P2 step 84: fires=16 blend=10 score=  6 applied=1
    P2 step 85: fires=16 blend=10 score=  6 applied=1
    P2 step 86: fires=16 blend=10 score=  6 applied=1
    P2 step 87: fires=16 blend=10 score=  6 applied=1
    P2 step 88: fires=16 blend=10 score=  6 applied=1
    P2 step 89: fires=16 blend=10 score=  6 applied=1
    P2 step 90: fires=16 blend=10 score=  6 applied=1
    P2 step 91: fires=16 blend=10 score=  6 applied=1
    P2 step 92: fires=16 blend=10 score=  6 applied=1
    P2 step 93: fires=16 blend=10 score=  6 applied=1
    P2 step 94: fires=16 blend=10 score=  6 applied=1
    P2 step 95: fires=16 blend=10 score=  6 applied=1
    P2 step 96: fires=16 blend=10 score=  6 applied=1
    P2 step 97: fires=16 blend=10 score=  6 applied=1
    P2 step 98: fires=16 blend=10 score=  6 applied=1
    P2 step 99: fires=16 blend=10 score=  6 applied=1
    P1 mean: fires/step=14.9  blend/step=1.3  implied_alpha=0.082
    P2 mean: fires/step=15.9  blend/step=10.0  implied_alpha=0.625

  Rep 3/3:
    P1 step   0: fires=13 blend= 0 score=  0 vdb=1
    P1 step 100: fires=15 blend= 1 score= 31 vdb=5
    P1 step 200: fires=15 blend= 1 score= 31 vdb=9
    P1 step 300: fires=15 blend= 1 score= 31 vdb=13
    P1 step 400: fires=15 blend= 1 score= 31 vdb=17
    P1 done: vdb_nodes=20
    P2 step  0: fires=15 blend=10 score= 15 applied=1
    P2 step  1: fires=15 blend=10 score=  7 applied=1
    P2 step  2: fires=12 blend=11 score=  7 applied=1
    P2 step  3: fires=14 blend=10 score=  6 applied=1
    P2 step  4: fires=15 blend=10 score=  7 applied=1
    P2 step  5: fires=15 blend= 9 score=  5 applied=1
    P2 step  6: fires=16 blend=10 score=  6 applied=1
    P2 step  7: fires=16 blend=10 score=  6 applied=1
    P2 step  8: fires=16 blend=10 score=  6 applied=1
    P2 step  9: fires=16 blend=10 score=  6 applied=1
    P2 step 10: fires=16 blend=10 score=  6 applied=1
    P2 step 11: fires=16 blend=10 score=  6 applied=1
    P2 step 12: fires=16 blend=10 score=  6 applied=1
    P2 step 13: fires=16 blend=10 score=  6 applied=1
    P2 step 14: fires=16 blend=10 score=  6 applied=1
    P2 step 15: fires=16 blend=10 score=  6 applied=1
    P2 step 16: fires=16 blend=10 score=  6 applied=1
    P2 step 17: fires=16 blend=10 score=  6 applied=1
    P2 step 18: fires=16 blend=10 score=  6 applied=1
    P2 step 19: fires=16 blend=10 score=  6 applied=1
    P2 step 20: fires=16 blend=10 score=  6 applied=1
    P2 step 21: fires=16 blend=10 score=  6 applied=1
    P2 step 22: fires=16 blend=10 score=  6 applied=1
    P2 step 23: fires=16 blend=10 score=  6 applied=1
    P2 step 24: fires=16 blend=10 score=  6 applied=1
    P2 step 25: fires=16 blend=10 score=  6 applied=1
    P2 step 26: fires=16 blend=10 score=  6 applied=1
    P2 step 27: fires=16 blend=10 score=  6 applied=1
    P2 step 28: fires=16 blend=10 score=  6 applied=1
    P2 step 29: fires=16 blend=10 score=  6 applied=1
    P2 step 30: fires=16 blend=10 score=  6 applied=1
    P2 step 31: fires=16 blend=10 score=  6 applied=1
    P2 step 32: fires=16 blend=10 score=  6 applied=1
    P2 step 33: fires=16 blend=10 score=  6 applied=1
    P2 step 34: fires=16 blend=10 score=  6 applied=1
    P2 step 35: fires=16 blend=10 score=  6 applied=1
    P2 step 36: fires=16 blend=10 score=  6 applied=1
    P2 step 37: fires=16 blend=10 score=  6 applied=1
    P2 step 38: fires=16 blend=10 score=  6 applied=1
    P2 step 39: fires=16 blend=10 score=  6 applied=1
    P2 step 40: fires=16 blend=10 score=  6 applied=1
    P2 step 41: fires=16 blend=10 score=  6 applied=1
    P2 step 42: fires=16 blend=10 score=  6 applied=1
    P2 step 43: fires=16 blend=10 score=  6 applied=1
    P2 step 44: fires=16 blend=10 score=  6 applied=1
    P2 step 45: fires=16 blend=10 score=  6 applied=1
    P2 step 46: fires=16 blend=10 score=  6 applied=1
    P2 step 47: fires=16 blend=10 score=  6 applied=1
    P2 step 48: fires=16 blend=10 score=  6 applied=1
    P2 step 49: fires=16 blend=10 score=  6 applied=1
    P2 step 50: fires=16 blend=10 score=  6 applied=1
    P2 step 51: fires=16 blend=10 score=  6 applied=1
    P2 step 52: fires=16 blend=10 score=  6 applied=1
    P2 step 53: fires=16 blend=10 score=  6 applied=1
    P2 step 54: fires=16 blend=10 score=  6 applied=1
    P2 step 55: fires=16 blend=10 score=  6 applied=1
    P2 step 56: fires=16 blend=10 score=  6 applied=1
    P2 step 57: fires=16 blend=10 score=  6 applied=1
    P2 step 58: fires=16 blend=10 score=  6 applied=1
    P2 step 59: fires=16 blend=10 score=  6 applied=1
    P2 step 60: fires=16 blend=10 score=  6 applied=1
    P2 step 61: fires=16 blend=10 score=  6 applied=1
    P2 step 62: fires=16 blend=10 score=  6 applied=1
    P2 step 63: fires=16 blend=10 score=  6 applied=1
    P2 step 64: fires=16 blend=10 score=  6 applied=1
    P2 step 65: fires=16 blend=10 score=  6 applied=1
    P2 step 66: fires=16 blend=10 score=  6 applied=1
    P2 step 67: fires=16 blend=10 score=  6 applied=1
    P2 step 68: fires=16 blend=10 score=  6 applied=1
    P2 step 69: fires=16 blend=10 score=  6 applied=1
    P2 step 70: fires=16 blend=10 score=  6 applied=1
    P2 step 71: fires=16 blend=10 score=  6 applied=1
    P2 step 72: fires=16 blend=10 score=  6 applied=1
    P2 step 73: fires=16 blend=10 score=  6 applied=1
    P2 step 74: fires=16 blend=10 score=  6 applied=1
    P2 step 75: fires=16 blend=10 score=  6 applied=1
    P2 step 76: fires=16 blend=10 score=  6 applied=1
    P2 step 77: fires=16 blend=10 score=  6 applied=1
    P2 step 78: fires=16 blend=10 score=  6 applied=1
    P2 step 79: fires=16 blend=10 score=  6 applied=1
    P2 step 80: fires=16 blend=10 score=  6 applied=1
    P2 step 81: fires=16 blend=10 score=  6 applied=1
    P2 step 82: fires=16 blend=10 score=  6 applied=1
    P2 step 83: fires=16 blend=10 score=  6 applied=1
    P2 step 84: fires=16 blend=10 score=  6 applied=1
    P2 step 85: fires=16 blend=10 score=  6 applied=1
    P2 step 86: fires=16 blend=10 score=  6 applied=1
    P2 step 87: fires=16 blend=10 score=  6 applied=1
    P2 step 88: fires=16 blend=10 score=  6 applied=1
    P2 step 89: fires=16 blend=10 score=  6 applied=1
    P2 step 90: fires=16 blend=10 score=  6 applied=1
    P2 step 91: fires=16 blend=10 score=  6 applied=1
    P2 step 92: fires=16 blend=10 score=  6 applied=1
    P2 step 93: fires=16 blend=10 score=  6 applied=1
    P2 step 94: fires=16 blend=10 score=  6 applied=1
    P2 step 95: fires=16 blend=10 score=  6 applied=1
    P2 step 96: fires=16 blend=10 score=  6 applied=1
    P2 step 97: fires=16 blend=10 score=  6 applied=1
    P2 step 98: fires=16 blend=10 score=  6 applied=1
    P2 step 99: fires=16 blend=10 score=  6 applied=1
    P1 mean: fires/step=14.9  blend/step=1.3  implied_alpha=0.082
    P2 mean: fires/step=15.9  blend/step=10.0  implied_alpha=0.625

  Switch window (rep 3, last 20 P1 → first 30 P2):
  step | fires | blend | score | appl | lp_hidden
  -----|-------|-------|-------|------|----------
   -20 |    15 |     1 |    31 |    1 | --++------0--++-
   -19 |    15 |     1 |    31 |    1 | --++------0--++-
   -18 |    15 |     1 |    31 |    1 | --++------0--++-
   -17 |    15 |     1 |    31 |    1 | --++------0--++-
   -16 |    15 |     1 |    31 |    1 | --++------0--++-
   -15 |    15 |     1 |    31 |    1 | --++------0--++-
   -14 |    15 |     1 |    31 |    1 | --++------0--++-
   -13 |    15 |     1 |    31 |    1 | --++------0--++-
   -12 |    15 |     1 |    31 |    1 | --++------0--++-
   -11 |    15 |     1 |    31 |    1 | --++------0--++-
   -10 |    15 |     1 |    31 |    1 | --++------0--++-
    -9 |    15 |     1 |    31 |    1 | --++------0--++-
    -8 |    15 |     1 |    31 |    1 | --++------0--++-
    -7 |    15 |     1 |    31 |    1 | --++------0--++-
    -6 |    15 |     1 |    31 |    1 | --++------0--++-
    -5 |    15 |     1 |    31 |    1 | --++------0--++-
    -4 |    15 |     1 |    31 |    1 | --++------0--++-
    -3 |    15 |     1 |    31 |    1 | --++------0--++-
    -2 |    15 |     1 |    31 |    1 | --++------0--++-
    -1 |    15 |     1 |    31 |    1 | --++------0--++-
    +0 |    15 |    10 |    15 |    1 | 00+0000---+--+00
    +1 |    15 |    10 |     7 |    1 | 000+000--0---++0
    +2 |    12 |    11 |     7 |    1 | 0-0000-0-0---+00
    +3 |    14 |    10 |     6 |    1 | 0-+00000-0---++0
    +4 |    15 |    10 |     7 |    1 | 0-000000-0---+00
    +5 |    15 |     9 |     5 |    1 | 0-000000-0---++0
    +6 |    16 |    10 |     6 |    1 | 0-000000-0---++0
    +7 |    16 |    10 |     6 |    1 | 0-000000-0---++0
    +8 |    16 |    10 |     6 |    1 | 0-000000-0---++0
    +9 |    16 |    10 |     6 |    1 | 0-000000-0---++0
   +10 |    16 |    10 |     6 |    1 | 0-000000-0---++0
   +11 |    16 |    10 |     6 |    1 | 0-000000-0---++0
   +12 |    16 |    10 |     6 |    1 | 0-000000-0---++0
   +13 |    16 |    10 |     6 |    1 | 0-000000-0---++0
   +14 |    16 |    10 |     6 |    1 | 0-000000-0---++0
   +15 |    16 |    10 |     6 |    1 | 0-000000-0---++0
   +16 |    16 |    10 |     6 |    1 | 0-000000-0---++0
   +17 |    16 |    10 |     6 |    1 | 0-000000-0---++0
   +18 |    16 |    10 |     6 |    1 | 0-000000-0---++0
   +19 |    16 |    10 |     6 |    1 | 0-000000-0---++0
   +20 |    16 |    10 |     6 |    1 | 0-000000-0---++0
   +21 |    16 |    10 |     6 |    1 | 0-000000-0---++0
   +22 |    16 |    10 |     6 |    1 | 0-000000-0---++0
   +23 |    16 |    10 |     6 |    1 | 0-000000-0---++0
   +24 |    16 |    10 |     6 |    1 | 0-000000-0---++0
   +25 |    16 |    10 |     6 |    1 | 0-000000-0---+0+
   +26 |    16 |    10 |     6 |    1 | 0-000000-0---++0
   +27 |    16 |    10 |     6 |    1 | 0-000000-0---++0
   +28 |    16 |    10 |     6 |    1 | 0-000000-0---++0
   +29 |    16 |    10 |     6 |    1 | 0-000000-0---++0

  SUMMARY (3 reps, P1=500 steps, P2=100 steps):
  P1 steady: fires/step=14.9  blend/step=1.3  implied_alpha=0.082
  P2 phase:  fires/step=15.9  blend/step=10.0  implied_alpha=0.625
  REGIME: Path A dominant (CfC fires > 2/step)
  Sim calibration: LP_SIM_THRESHOLD should match Path A threshold; BLEND_ALPHA = 0.082


── LP DOT MAGNITUDE DIAGNOSTIC ──
  (CPU reference, not LP core)

  LP f-pathway dots (per neuron, 4 patterns):
        n00 n01 n02 n03 n04 n05 n06 n07 n08 n09 n10 n11 n12 n13 n14 n15
  P0:   -5  -3  -5  +7  +2 +11  +0  +4  -6  +1  -4  -3  +3  -1  +4  +1
  P1:   +5  -7  -1  +7  +4  +5  +8  +0 -12  +5  +0  -3  +3 -13  +6  +1
  P2:   +5  -7  -5  +7  +6 +13  +4  -2  -6  -5  -6  -1  +3  -3  -2  +1
  P3:   -1  -9 -12  +8  +1  +8  +1  +1 -10  -1  -7  +3  +3  -8  -4  +8

  LP f-pathway SIGNS:
         n00  n01  n02  n03  n04  n05  n06  n07  n08  n09  n10  n11  n12  n13  n14  n15
  P0:    -    -    -    +    +    +    0    +    -    +    -    -    +    -    +    + 
  P1:    +    -    -    +    +    +    +    0    -    +    0    -    +    -    +    + 
  P2:    +    -    -    +    +    +    +    -    -    -    -    -    +    -    -    + 
  P3:    -    -    -    +    +    +    +    +    -    -    -    +    +    -    -    + 

  P1 vs P2 comparison (f-pathway):
    n00: P1= +5 P2= +5  sign=SAME  |mag_diff|=0
    n01: P1= -7 P2= -7  sign=SAME  |mag_diff|=0
    n02: P1= -1 P2= -5  sign=SAME  |mag_diff|=4
    n03: P1= +7 P2= +7  sign=SAME  |mag_diff|=0
    n04: P1= +4 P2= +6  sign=SAME  |mag_diff|=2
    n05: P1= +5 P2=+13  sign=SAME  |mag_diff|=8
    n06: P1= +8 P2= +4  sign=SAME  |mag_diff|=4
    n07: P1= +0 P2= -2  sign=DIFF  |mag_diff|=2
    n08: P1=-12 P2= -6  sign=SAME  |mag_diff|=6
    n09: P1= +5 P2= -5  sign=DIFF  |mag_diff|=0
    n10: P1= +0 P2= -6  sign=DIFF  |mag_diff|=6
    n11: P1= -3 P2= -1  sign=SAME  |mag_diff|=2
    n12: P1= +3 P2= +3  sign=SAME  |mag_diff|=0
    n13: P1=-13 P2= -3  sign=SAME  |mag_diff|=10
    n14: P1= +6 P2= -2  sign=DIFF  |mag_diff|=4
    n15: P1= +1 P2= +1  sign=SAME  |mag_diff|=0
  Signs: 12 same, 4 different
  Mean |magnitude difference|: 3.0
  If signs are mostly SAME but magnitudes differ:
    → 5-trit MTFP per neuron would resolve the degeneracy
  If signs AND magnitudes are similar:
    → need more projection directions (wider LP)

