  Loops completed: 429 in 1.002 s
  Frequency: 428.1 Hz
  Period: 2335.8 us per loop
  OK

-- TEST 2: Hidden state evolves autonomously --
[DIAG] 500us: agree=217 disagree=219 out_sel4=47 out_sel5=48 in101=0x84 in103=0x86 gpio_in=0x11039348 cpu_agree=20 loop=0
[DIAG] gdma: raw=0x1 st=0x0 ena=0x2 conf0=0x0 link=0x273c8(park=0) peri=9
[DIAG] gdma2: fifo=0x50 state=0x2e75a8(dscr_st=3 out_st=2) eof_addr=0x40827584
[DIAG] parlio: cfg=0x1a089b40(tx_start=1 bytelen=9936) st=0x80000000(tx_ready=1) int_raw=0x5(eof=1 rempty=1)
  snap 0 (loop 22): energy=30
  snap 1 (loop 43): delta=10 energy=31
  snap 2 (loop 65): delta=1 energy=31
  snap 3 (loop 86): delta=0 energy=31
  snap 4 (loop 107): delta=0 energy=31
  snap 5 (loop 129): delta=2 energy=30
  snap 6 (loop 150): delta=0 energy=30
  snap 7 (loop 172): delta=1 energy=31
  final h: [-+---+-++-++--+---+0--++---++++-]
  Total loops: 172
  OK

-- TEST 3: Per-neuron dot accuracy (single loop) --
[DIAG] 500us: agree=254 disagree=289 out_sel4=47 out_sel5=48 in101=0x84 in103=0x86 gpio_in=0x11039348 cpu_agree=20 loop=0
[DIAG] gdma: raw=0x1 st=0x0 ena=0x2 conf0=0x0 link=0x273c8(park=0) peri=9
[DIAG] gdma2: fifo=0x61 state=0x2e75a8(dscr_st=3 out_st=2) eof_addr=0x40827584
[DIAG] parlio: cfg=0x1a089b40(tx_start=1 bytelen=9936) st=0x80000000(tx_ready=1) int_raw=0x5(eof=1 rempty=1)
  After warmup: 3 loops, base=4, cnt=69
  Snapshot at loop 4 (base=4, cnt=69)
  Raw captures [0..11]:
    idx  agree  disagree  d_agree  d_disagree
    [0]      0      0        +0       +0 (dummy)
    [1]      0      0        +0       +0 (dummy)
    [2]      0      0        +0       +0 (dummy)
    [3]      0      0        +0       +0 (dummy)
    [4]      0      0        +0       +0 (dummy)
    [5]     21     32       +21      +32 (neuron 0)
    [6]     53     61       +32      +29
    [7]     81     84       +28      +23
    [8]    107    115       +26      +31
    [9]    138    142       +31      +27
    [10]    166    178       +28      +36
    [11]    199    201       +33      +23

  Dot errors: 0 / 64
  Sign errors: 0 / 64
  GIE dots[0..7]: -11 3 5 -5 4 -8 10 -16
  CPU dots[0..7]: -11 3 5 -5 4 -8 10 -16
  Sign match with offset 0: 64 / 64
  Sign match with offset 1: 26 / 63
  Sign match with offset 2: 29 / 62
  Sign match with offset 3: 26 / 61
  Sign match with offset 4: 20 / 60
  OK

-- TEST 4: LP Core Geometric Processor --
[DIAG] 500us: agree=254 disagree=289 out_sel4=47 out_sel5=48 in101=0x84 in103=0x86 gpio_in=0x1103a348 cpu_agree=20 loop=0
[DIAG] gdma: raw=0x1 st=0x0 ena=0x2 conf0=0x0 link=0x273c8(park=0) peri=9
[DIAG] gdma2: fifo=0x50 state=0x2e75a8(dscr_st=3 out_st=2) eof_addr=0x40827584
[DIAG] parlio: cfg=0x1a089b40(tx_start=1 bytelen=9936) st=0x80000000(tx_ready=1) int_raw=0x5(eof=1 rempty=1)
  Phase 1: GIE + LP core integration (300ms)...
  4a: LP running: YES (steps=27)
  4c: LP hidden energy: 13/16
  LP hidden: [--++0-+00--++-++]
  LP decision: 1

  Phase 2: Deterministic single-step verification...
[DIAG] 500us: agree=254 disagree=289 out_sel4=47 out_sel5=48 in101=0x84 in103=0x86 gpio_in=0x1103a348 cpu_agree=20 loop=0
[DIAG] gdma: raw=0x1 st=0x0 ena=0x2 conf0=0x0 link=0x273c8(park=0) peri=9
[DIAG] gdma2: fifo=0x61 state=0x2e75a8(dscr_st=3 out_st=2) eof_addr=0x40827584
[DIAG] parlio: cfg=0x1a089b40(tx_start=1 bytelen=9936) st=0x80000000(tx_ready=1) int_raw=0x5(eof=1 rempty=1)
  Known GIE hidden energy: 30/32
  Known GIE hidden: [+-+--+-+---+-+--+++---+0-+-+-++0]
  LP steps: 28 → 29 (delta=1)
  4b: f-dots exact: 16/16, g-dots exact: 16/16
  4b: f-dots sign:  14/14, g-dots sign:  11/11
  LP  f-dots: -5 2 4 4 -2 1 2 2 0 2 -1 1 0 -4 5 -9 
  CPU f-dots: -5 2 4 4 -2 1 2 2 0 2 -1 1 0 -4 5 -9 
  LP  g-dots: 2 0 5 2 0 -3 2 0 2 2 1 0 0 -4 6 -2 
  CPU g-dots: 2 0 5 2 0 -3 2 0 2 2 1 0 0 -4 6 -2 
  OK

-- TEST 5: Ternary VDB — NSW Graph (M=7), 64 Nodes --
  5a: Inserting 64 nodes (graph-aware, cmd=3)...
  5a: Inserted 64 nodes — OK

  5b: Self-match recall@1 (64 queries)...
  5b: 64/64 self-match recall@1 — OK

  5c: Recall measurement (20 random queries)...
    q0: LP=[35,11,48,37] CPU=[35,11,37,48]
    q1: LP=[15,63,31,53] CPU=[15,31,63,26]
    q2: LP=[49,61,36,25] CPU=[49,36,61,25]
  Recall@1: 19/20 = 95%
  Recall@4: 72/80 = 90%
  5c: OK (thresholds: r@1>=95%, r@4>=90%)

  5d: Visit count (graph vs brute-force)...
  Graph search visited: 60 / 64 nodes
  5d: OK (sub-linear: YES)

  5e: Connectivity (BFS from node 0)...
  Reachable from node 0: 64 / 64
  5e: OK

  5f: Latency benchmark (10 searches, N=64)...
  Round-trip (includes LP wake jitter up to 10ms):
    min=9988 us, max=14988 us, avg=13915 us
  5f: OK

  OK

-- TEST 6: CfC -> VDB Pipeline (CMD 4) --
  Setup: Inserting 32 vectors into VDB...
  VDB has 32 nodes

  6a: Pipeline basic operation...
[DIAG] 500us: agree=254 disagree=289 out_sel4=47 out_sel5=48 in101=0x84 in103=0x86 gpio_in=0x1103a348 cpu_agree=20 loop=0
[DIAG] gdma: raw=0x1 st=0x0 ena=0x2 conf0=0x0 link=0x273c8(park=0) peri=9
[DIAG] gdma2: fifo=0x61 state=0x2e75a8(dscr_st=3 out_st=2) eof_addr=0x40827584
[DIAG] parlio: cfg=0x1a089b40(tx_start=1 bytelen=9936) st=0x80000000(tx_ready=1) int_raw=0x5(eof=1 rempty=1)
  step_count: 29 -> 30 (delta=1)
  search_count: 95 -> 96 (delta=1)
  Pipeline return: 0
  Top-4 results: [5,17,30,24] scores=[7,7,6,6]
  6a: OK

  6b: CfC determinism (cmd=4 vs cmd=1)...
  cmd=1 hidden: [-0++0-+00+-00+++]
  cmd=4 hidden: [-0++0-+00+-00+++]
  Hidden match: YES
  f-dots match: YES, g-dots match: YES
  6b: OK

  6c: VDB consistency (pipeline vs standalone search)...
  Pipeline: [5,17,30,24] scores=[7,7,6,6]
  Standalone: [5,17,30,24] scores=[7,7,6,6]
  Results match: YES
  6c: OK

  6d: Sustained pipeline operation (10 steps)...
[DIAG] 500us: agree=254 disagree=289 out_sel4=47 out_sel5=48 in101=0x84 in103=0x86 gpio_in=0x1103a348 cpu_agree=20 loop=0
[DIAG] gdma: raw=0x1 st=0x0 ena=0x2 conf0=0x0 link=0x273c8(park=0) peri=9
[DIAG] gdma2: fifo=0x50 state=0x2e75a8(dscr_st=3 out_st=2) eof_addr=0x40827584
[DIAG] parlio: cfg=0x1a089b40(tx_start=1 bytelen=9936) st=0x80000000(tx_ready=1) int_raw=0x5(eof=1 rempty=1)
  Pipeline steps completed: 10 / 10
  step_count delta: 10
  search_count delta: 10
  Final LP hidden: [--+++0+--+-++--+]
  Final LP hidden energy: 15/16
  6d: OK

  OK

-- TEST 7: Reflex Channel Coordination --
  7a: Channel signals match loop count...
[DIAG] 500us: agree=254 disagree=289 out_sel4=47 out_sel5=48 in101=0x84 in103=0x86 gpio_in=0x1103a348 cpu_agree=20 loop=0
[DIAG] gdma: raw=0x1 st=0x0 ena=0x2 conf0=0x0 link=0x273c8(park=0) peri=9
[DIAG] gdma2: fifo=0x61 state=0x2e75a8(dscr_st=3 out_st=2) eof_addr=0x40827584
[DIAG] parlio: cfg=0x1a089b40(tx_start=1 bytelen=9936) st=0x80000000(tx_ready=1) int_raw=0x5(eof=1 rempty=1)
  Signals received: 50 / 50
  Value mismatches: 0
  Final loop_count: 51, channel value: 51, channel seq: 51
  7a: OK

  7b: Signal latency (ISR -> main loop)...
[DIAG] 500us: agree=254 disagree=289 out_sel4=47 out_sel5=48 in101=0x84 in103=0x86 gpio_in=0x1103a348 cpu_agree=20 loop=0
[DIAG] gdma: raw=0x1 st=0x0 ena=0x2 conf0=0x0 link=0x273c8(park=0) peri=9
[DIAG] gdma2: fifo=0x50 state=0x2e75a8(dscr_st=3 out_st=2) eof_addr=0x40827584
[DIAG] parlio: cfg=0x1a089b40(tx_start=1 bytelen=9936) st=0x80000000(tx_ready=1) int_raw=0x5(eof=1 rempty=1)
  Samples: 100
  Latency (cycles): min=1992, max=2829, avg=2271
  Latency (ns):     min=12450, max=17681, avg=14193
  7b: OK

  7c: Hidden state consistency after channel wait...
[DIAG] 500us: agree=254 disagree=289 out_sel4=47 out_sel5=48 in101=0x84 in103=0x86 gpio_in=0x1103a348 cpu_agree=20 loop=0
[DIAG] gdma: raw=0x1 st=0x0 ena=0x2 conf0=0x0 link=0x273c8(park=0) peri=9
[DIAG] gdma2: fifo=0x61 state=0x2e75a8(dscr_st=3 out_st=2) eof_addr=0x40827584
[DIAG] parlio: cfg=0x1a089b40(tx_start=1 bytelen=9936) st=0x80000000(tx_ready=1) int_raw=0x5(eof=1 rempty=1)
  Dot match: 64 / 64
  Channel signaled: YES (seq 6 -> 7)
  7c: OK

  7d: Channel-driven LP feeding (20 cycles)...
[DIAG] 500us: agree=254 disagree=289 out_sel4=47 out_sel5=48 in101=0x84 in103=0x86 gpio_in=0x11039348 cpu_agree=20 loop=0
[DIAG] gdma: raw=0x1 st=0x0 ena=0x2 conf0=0x0 link=0x273c8(park=0) peri=9
[DIAG] gdma2: fifo=0x61 state=0x2e75a8(dscr_st=3 out_st=2) eof_addr=0x40827584
[DIAG] parlio: cfg=0x1a089b40(tx_start=1 bytelen=9936) st=0x80000000(tx_ready=1) int_raw=0x5(eof=1 rempty=1)
  Channel-driven feeds: 20 / 20
  LP step_count delta: 20
  7d: OK

  OK

-- TEST 8: VDB -> CfC Feedback Loop (CMD 5) --
  Setup: Inserting 32 vectors into VDB...
  VDB has 32 nodes

  8a: Single feedback step (cmd=5)...
[DIAG] 500us: agree=254 disagree=289 out_sel4=47 out_sel5=48 in101=0x84 in103=0x86 gpio_in=0x1103a348 cpu_agree=20 loop=0
[DIAG] gdma: raw=0x1 st=0x0 ena=0x2 conf0=0x0 link=0x273c8(park=0) peri=9
[DIAG] gdma2: fifo=0x61 state=0x2e75a8(dscr_st=3 out_st=2) eof_addr=0x40827584
[DIAG] parlio: cfg=0x1a089b40(tx_start=1 bytelen=9936) st=0x80000000(tx_ready=1) int_raw=0x5(eof=1 rempty=1)
  cmd=5 return: 0
  step_count: 62 -> 63 (delta=1)
  search_count: 108 -> 109 (delta=1)
  fb_total_blends: 0 -> 0
  fb_applied: 0
  fb_source_id: 255
  fb_score: 0
  fb_blend_count: 0 trits modified
  Top-4 results: [5,17,30,24] scores=[7,7,6,6]
  LP hidden after feedback: [-0++0-+00+-00+++]
  8a: OK

  8b: Feedback observability...
  Applied: NO (best score 0 < threshold 8)
  This is acceptable if no stored memory is similar enough.
  8b: OK

  8c: Stability under sustained feedback (50 steps)...
[DIAG] 500us: agree=254 disagree=289 out_sel4=47 out_sel5=48 in101=0x84 in103=0x86 gpio_in=0x1103a348 cpu_agree=20 loop=0
[DIAG] gdma: raw=0x1 st=0x0 ena=0x2 conf0=0x0 link=0x273c8(park=0) peri=9
[DIAG] gdma2: fifo=0x61 state=0x2e75a8(dscr_st=3 out_st=2) eof_addr=0x40827584
[DIAG] parlio: cfg=0x1a089b40(tx_start=1 bytelen=9936) st=0x80000000(tx_ready=1) int_raw=0x5(eof=1 rempty=1)
    step 0: e=10, delta=10, fb=0, score=0, src=255
    step 10: e=10, delta=8, fb=1, score=10, src=17
    step 20: e=8, delta=4, fb=1, score=8, src=12
    step 30: e=10, delta=11, fb=1, score=14, src=17
    step 40: e=12, delta=4, fb=1, score=19, src=5
  Steps completed: 50 / 50
  Feedback applied: 49 / 50 steps
  Total blend operations: 49
  Max change per step: 12 / 16 trits
  Energy range: [8, 14] / 16
  Unique states visited: 49
  Final LP hidden: [--+---00+--00-++]
  8c: OK

  8d: Feedback vs no-feedback divergence...
    step 0: hamming distance = 0
    step 1: hamming distance = 5
    step 2: hamming distance = 7
    step 3: hamming distance = 8
    step 4: hamming distance = 7
    step 5: hamming distance = 9
    step 6: hamming distance = 11
    step 7: hamming distance = 10
    step 8: hamming distance = 10
    step 9: hamming distance = 10
  First divergence at step: 1
  Steps with different states: 9 / 10
  No-feedback final: [--+++-+--+-+-+++]
  Feedback final   : [0+++0-++0+0-+0+0]
  8d: OK

  OK

-- TEST 9: ESP-NOW Receive from Board B --
  Listening for 10 seconds...
  Packets received: 64
  RSSI range: [-55, -52] dBm
  Last pattern_id: 2, seq: 5419
  Source MAC: b4:3a:45:8a:c8:24
  Unique patterns seen: 3/4
  OK (64 packets in 10s)

-- TEST 10: ESP-NOW -> GIE Live Input --
  10a: Input encoding from live ESP-NOW data...
  Input updates from ESP-NOW: 6 in 3s
  First encoded input energy: 104 / 128 trits active
  Input sample [0..15] RSSI: +++++++---------
  Input sample [16..23] pattern: ----++--
  Input sample [24..31] payload: -+-+-+-+
  10a: OK

  10b: GIE hidden state with live ESP-NOW input...
[DIAG] 500us: agree=254 disagree=289 out_sel4=47 out_sel5=48 in101=0x84 in103=0x86 gpio_in=0x1103a348 cpu_agree=20 loop=0
[DIAG] gdma: raw=0x1 st=0x0 ena=0x2 conf0=0x0 link=0x273c8(park=0) peri=9
[DIAG] gdma2: fifo=0x61 state=0x2e75a8(dscr_st=3 out_st=2) eof_addr=0x40827584
[DIAG] parlio: cfg=0x1a089b40(tx_start=1 bytelen=9936) st=0x80000000(tx_ready=1) int_raw=0x5(eof=1 rempty=1)
[DIAG] 500us: agree=254 disagree=289 out_sel4=47 out_sel5=48 in101=0x84 in103=0x86 gpio_in=0x1103a348 cpu_agree=20 loop=0
[DIAG] gdma: raw=0x1 st=0x0 ena=0x2 conf0=0x0 link=0x273c8(park=0) peri=9
[DIAG] gdma2: fifo=0x61 state=0x2e75a8(dscr_st=3 out_st=2) eof_addr=0x40827584
[DIAG] parlio: cfg=0x1a089b40(tx_start=1 bytelen=9936) st=0x80000000(tx_ready=1) int_raw=0x5(eof=1 rempty=1)
  Static input: 429 loops, hidden energy=31
  Live input: 435 loops, 6 input updates, hidden energy=31
  Hamming distance (static vs live): 15 / 32
  Static hidden: [+++--+-+---+-+-+++---+-0-+-+--+-]
  Live hidden  : [+++------0-++-+-+-+++++----+----]
  10b: OK

  10c: Pattern-dependent hidden state trajectories...
[DIAG] 500us: agree=254 disagree=289 out_sel4=47 out_sel5=48 in101=0x84 in103=0x86 gpio_in=0x1103a348 cpu_agree=20 loop=0
[DIAG] gdma: raw=0x1 st=0x0 ena=0x2 conf0=0x0 link=0x273c8(park=0) peri=9
[DIAG] gdma2: fifo=0x61 state=0x2e75a8(dscr_st=3 out_st=2) eof_addr=0x40827584
[DIAG] parlio: cfg=0x1a089b40(tx_start=1 bytelen=9936) st=0x80000000(tx_ready=1) int_raw=0x5(eof=1 rempty=1)
    window 0: pattern=3 (count=10), energy=30
[DIAG] 500us: agree=254 disagree=289 out_sel4=47 out_sel5=48 in101=0x84 in103=0x86 gpio_in=0x1103a348 cpu_agree=20 loop=0
[DIAG] gdma: raw=0x1 st=0x0 ena=0x2 conf0=0x0 link=0x273c8(park=0) peri=9
[DIAG] gdma2: fifo=0x61 state=0x2e75a8(dscr_st=3 out_st=2) eof_addr=0x40827584
[DIAG] parlio: cfg=0x1a089b40(tx_start=1 bytelen=9936) st=0x80000000(tx_ready=1) int_raw=0x5(eof=1 rempty=1)
    window 1: pattern=3 (count=11), energy=31
[DIAG] 500us: agree=254 disagree=289 out_sel4=47 out_sel5=48 in101=0x84 in103=0x86 gpio_in=0x1103a348 cpu_agree=20 loop=0
[DIAG] gdma: raw=0x1 st=0x0 ena=0x2 conf0=0x0 link=0x273c8(park=0) peri=9
[DIAG] gdma2: fifo=0x50 state=0x2e75a8(dscr_st=3 out_st=2) eof_addr=0x40827584
[DIAG] parlio: cfg=0x1a089b40(tx_start=1 bytelen=9936) st=0x80000000(tx_ready=1) int_raw=0x5(eof=1 rempty=1)
    window 2: pattern=3 (count=10), energy=31
[DIAG] 500us: agree=254 disagree=289 out_sel4=47 out_sel5=48 in101=0x84 in103=0x86 gpio_in=0x1103a348 cpu_agree=20 loop=0
[DIAG] gdma: raw=0x1 st=0x0 ena=0x2 conf0=0x0 link=0x273c8(park=0) peri=9
[DIAG] gdma2: fifo=0x61 state=0x2e75a8(dscr_st=3 out_st=2) eof_addr=0x40827584
[DIAG] parlio: cfg=0x1a089b40(tx_start=1 bytelen=9936) st=0x80000000(tx_ready=1) int_raw=0x5(eof=1 rempty=1)
    window 3: pattern=3 (count=10), energy=30
  Cross-pattern pairs: 0, divergent: 0, max hamming: 0
  Same-pattern pairs: 6
  10c: OK

  10d: Full stack: ESP-NOW -> GIE -> LP core...
[DIAG] 500us: agree=254 disagree=289 out_sel4=47 out_sel5=48 in101=0x84 in103=0x86 gpio_in=0x1103a348 cpu_agree=20 loop=0
[DIAG] gdma: raw=0x1 st=0x0 ena=0x2 conf0=0x0 link=0x273c8(park=0) peri=9
[DIAG] gdma2: fifo=0x61 state=0x2e75a8(dscr_st=3 out_st=2) eof_addr=0x40827584
[DIAG] parlio: cfg=0x1a089b40(tx_start=1 bytelen=9936) st=0x80000000(tx_ready=1) int_raw=0x5(eof=1 rempty=1)
  GIE loops: 876, LP feeds: 20, LP steps: 19
  LP hidden energy: 14 / 16
  LP final hidden: [-+++--0--0----+-]
  10d: OK

  OK

-- TEST 11: Pattern Classification (Stream CfC) --
[DIAG] 500us: agree=254 disagree=289 out_sel4=47 out_sel5=48 in101=0x84 in103=0x86 gpio_in=0x11039348 cpu_agree=20 loop=0
[DIAG] gdma: raw=0x1 st=0x0 ena=0x2 conf0=0x0 link=0x273c8(park=0) peri=9
[DIAG] gdma2: fifo=0x61 state=0x2e75a8(dscr_st=3 out_st=2) eof_addr=0x40827584
[DIAG] parlio: cfg=0x1a089b40(tx_start=1 bytelen=9936) st=0x80000000(tx_ready=1) int_raw=0x5(eof=1 rempty=1)
  Phase 0a: Observing input signatures (30s)...
  Observed: 197 packets, 197 encoded, 12877 GIE loops
  Per-pattern counts: P0=86 P1=48 P2=12 P3=51
  Phase 0b: Computing TriX signatures...
  sig[0]: [+++++++---------++--------------...] nz=104/128 (from 86 samples, seq trits masked)
  sig[1]: [+++++++-----------++----++++++++...] nz=104/128 (from 48 samples, seq trits masked)
  sig[2]: [+++++++-------------++---+-+-+-+...] nz=96/128 (from 12 samples, seq trits masked)
  sig[3]: [+++++++---------------++-+++--++...] nz=104/128 (from 51 samples, seq trits masked)
  Signature pattern-ID trits [16..23]:
    sig[0][16..23]: ++------
    sig[1][16..23]: --++----
    sig[2][16..23]: ----++--
    sig[3][16..23]: ------++
  Signature cross-dots:
    sig[0] vs: s0=104 s1=68 s2=70 s3=38 
    sig[1] vs: s0=68 s1=104 s2=78 s3=30 
    sig[2] vs: s0=70 s1=78 s2=96 s3=32 
    sig[3] vs: s0=38 s1=30 s2=32 s3=104 
  Ring drops: 73

  Phase 0c: Installing signatures as W_f gate weights...
  W_f weights set from signatures (8 neurons/pattern)
  Gate threshold: 2147483647 (Phase 3: blend DISABLED, all neurons HOLD)
  Neurons 0-7 → pattern 0
  Neurons 8-15 → pattern 1
  Neurons 16-23 → pattern 2
  Neurons 24-31 → pattern 3
  Gate selectivity: 0 fires / 64 steps = 0%

  Phase 0d: TriX Cube face observation (15s)...
  TriX Cube face signatures:
    +x:recent: 109 samples [P0=48 P1=0 P2=10 P3=51]
    -x:prior: 99 samples [P0=0 P1=0 P2=51 P3=48]
    +y:stable: 65 samples [P0=28 P1=0 P2=6 P3=31]
    -y:transient: 11 samples [P0=5 P1=0 P2=1 P3=5]
    +z:confident: 32 samples [P0=32 P1=0 P2=0 P3=0]
    -z:uncertain: 51 samples [P0=0 P1=0 P2=0 P3=51]
  Face divergence from core (avg Hamming across patterns):
    +x:recent: 29 avg (3 patterns with data)
    -x:prior: 59 avg (2 patterns with data)
    +y:stable: 28 avg (3 patterns with data)
    -y:transient: 31 avg (3 patterns with data)
    +z:confident: 15 avg (1 patterns with data)
    -z:uncertain: 61 avg (1 patterns with data)
  Ring drops: 73

  Phase 1: TriX Cube ensemble (up to 32 samples, 60s)...
    s01: truth=1 core=1 isr=1 | cv=[3,4,0,0] iv=[3,4,0,0] xor=[48,104,49,51,50,104]
    s02: truth=1 core=1 isr=1 | cv=[0,5,0,0] iv=[0,5,0,0] xor=[104,104,104,104,104,104]
    s03: truth=1 core=1 isr=1 | cv=[0,5,0,0] iv=[0,5,0,0] xor=[104,104,104,104,104,104]
    s04: truth=1 core=1 isr=1 | cv=[0,4,0,0] iv=[0,4,0,0] xor=[113,113,113,113,113,113]
    s05: truth=1 core=1 isr=1 | cv=[0,6,0,0] iv=[0,6,0,0] xor=[117,117,117,117,117,117]
    s06: truth=2 core=2 isr=2 | cv=[0,0,1,0] iv=[0,0,1,0] xor=[15,74,22,-,-,-]
    s07: truth=2 core=2 isr=2 | cv=[0,0,2,0] iv=[0,0,2,0] xor=[15,74,22,31,96,96]
    s08: truth=2 core=1 isr=1 | cv=[0,2,1,0] iv=[0,2,1,0] xor=[84,98,87,82,117,117]
    s09: truth=2 core=2 isr=2 | cv=[0,0,2,0] iv=[0,0,2,0] xor=[20,61,28,14,117,117]
    s10: truth=2 core=2 isr=2 | cv=[0,0,2,0] iv=[0,0,2,0] xor=[20,61,28,14,117,117]
    s11: truth=3 core=0 isr=1 | cv=[3,2,0,0] iv=[3,4,0,3] xor=[54,109,55,56,55,109]
    s12: truth=0 core=0 isr=0 | cv=[10,0,0,0] iv=[10,0,0,0] xor=[7,114,6,9,7,114]
    s13: truth=0 core=0 isr=0 | cv=[10,0,0,0] iv=[10,0,0,0] xor=[3,118,3,6,4,118]
    s14: truth=0 core=0 isr=0 | cv=[10,0,0,0] iv=[10,0,0,0] xor=[4,72,3,5,5,72]
    s15: truth=0 core=0 isr=0 | cv=[10,0,0,0] iv=[10,0,0,0] xor=[4,3,1,5,4,3]
    s16: truth=0 core=0 isr=0 | cv=[10,0,0,0] iv=[10,0,0,0] xor=[3,4,2,6,5,4]
    s17: truth=1 core=1 isr=1 | cv=[1,6,0,0] iv=[1,6,0,0] xor=[67,67,67,68,67,67]
    s18: truth=1 core=1 isr=1 | cv=[0,3,0,0] iv=[0,3,0,0] xor=[0,0,0,0,0,0]
    s19: truth=1 core=1 isr=1 | cv=[0,6,0,0] iv=[0,6,0,0] xor=[0,0,0,0,0,0]
    s20: truth=1 core=1 isr=1 | cv=[0,3,0,0] iv=[0,3,0,0] xor=[0,0,0,0,0,0]
    s21: truth=1 core=1 isr=1 | cv=[0,6,0,0] iv=[0,6,0,0] xor=[3,3,3,3,3,3]
    s22: truth=2 core=1 isr=1 | cv=[0,1,1,0] iv=[0,1,1,0] xor=[12,32,16,9,60,60]
    s23: truth=2 core=0 isr=0 | cv=[1,0,1,0] iv=[1,0,1,0] xor=[11,32,16,9,61,60]
    s24: truth=2 core=1 isr=1 | cv=[0,1,1,0] iv=[0,1,1,0] xor=[12,32,16,9,60,60]
    s25: truth=2 core=2 isr=2 | cv=[0,0,2,0] iv=[0,0,2,0] xor=[20,46,28,14,117,117]
    s26: truth=2 core=2 isr=2 | cv=[0,0,2,0] iv=[0,0,2,0] xor=[20,31,28,14,117,117]
    s27: truth=0 core=0 isr=0 | cv=[10,0,0,0] iv=[10,0,0,0] xor=[3,3,4,2,4,3]
    s28: truth=0 core=0 isr=0 | cv=[10,0,0,0] iv=[10,0,0,0] xor=[3,3,3,4,4,3]
    s29: truth=0 core=0 isr=0 | cv=[10,0,0,0] iv=[10,0,0,0] xor=[2,3,4,5,5,3]
    s30: truth=0 core=0 isr=0 | cv=[10,0,0,0] iv=[10,0,0,0] xor=[3,2,4,2,3,2]
    s31: truth=0 core=0 isr=0 | cv=[9,1,0,0] iv=[9,1,0,0] xor=[4,2,4,4,3,2]
    s32: truth=1 core=1 isr=1 | cv=[0,5,0,0] iv=[0,5,0,0] xor=[4,4,4,4,4,4]

  ═══ CLASSIFICATION RESULTS (TriX Cube) ═══
  Total GIE loops: 41543
  TriX ISR classifications: 28642 (at 663 Hz)
  Test samples: 32
  Ring drops: 73
  Core (CPU per-pkt vote):   27/32 = 84%
  ISR  (HW 430 Hz TriX):     27/32 = 84% (all samples)
  ISR  (windows w/ data):    27/32 = 84% (283 pkts clean, 0 pkts timeout)
  TriX channel signals:      28642 (seq=28642)
  Baseline (packet-rate):    28/32 = 87%

  ── Novelty Detection ──
  Novel packets: 87 / 283 (30%)
  Novel windows: 10

  ── Online Maintenance ──
  Core re-signs: 11
  Core drift (Hamming):
    sig[0]: 12/128 trits
    sig[1]: 15/128 trits
    sig[2]: 23/128 trits
    sig[3]: 0/128 trits

  ── XOR Masks (temporal displacement per face) ──
    Face              avg  | rssi patid payload timing
    +x:recent           23/128 |  2/16  1/8  11/64    7/40
    -x:prior            44/128 |  5/16  3/8  24/64   11/40
    +y:stable           23/128 |  2/16  1/8  11/64    8/40
    -y:transient        23/128 |  2/16  1/8  10/64    8/40
    +z:confident        30/128 |  3/16  1/8  15/64    9/40
    -z:uncertain        48/128 |  6/16  3/8  26/64   12/40
    ── Signal distribution ──
    RSSI:    12% of mask weight
    PatID:   6% of mask weight
    Payload: 51% of mask weight
    Timing:  30% of mask weight

  ── TriX Cube Geometry ──
    +x:recent: 305 samples, 22 avg hamming from core
    -x:prior: 295 samples, 20 avg hamming from core
    +y:stable: 261 samples, 23 avg hamming from core
    -y:transient: 207 samples, 17 avg hamming from core
    +z:confident: 228 samples, 57 avg hamming from core
    -z:uncertain: 247 samples, 46 avg hamming from core
  Gate firing: 0%

  Architecture:
  - TriX ISR: HW classifies at 430 Hz (CfC blend DISABLED — Phase 3)
  - 7-voxel TriX Cube: core + 6 temporal faces
  - Faces: recent, prior, stable, transient, confident, uncertain
  - Core classifies alone. Faces compute XOR masks (intervention sensors)
  - XOR mask = trit positions where face sig != core sig
  - Online maintenance + novelty detection
  - Gate threshold=2147483647, novelty=60
  OK

-- TEST 12: Memory-Modulated Adaptive Attention --
[DIAG] 500us: agree=1206 disagree=192 out_sel4=47 out_sel5=48 in101=0x84 in103=0x86 gpio_in=0x6603a348 cpu_agree=27 loop=0
[DIAG] gdma: raw=0x1 st=0x0 ena=0x2 conf0=0x0 link=0x273c8(park=0) peri=9
[DIAG] gdma2: fifo=0x50 state=0x2e75a8(dscr_st=3 out_st=2) eof_addr=0x40827584
[DIAG] parlio: cfg=0x1a089b40(tx_start=1 bytelen=9936) st=0x80000000(tx_ready=1) int_raw=0x5(eof=1 rempty=1)
  blend re-enabled (threshold=90), VDB cleared, LP reset
  running 120s: classify → insert snapshot → LP feedback

  ── LP Hidden State by Pattern ──
    P0: 277 samples, sign=16/16, mtfp=80/80 [+---+----++---+-]
    P1: 154 samples, sign=16/16, mtfp=80/80 [----+--+-++-----]
    P2: 46 samples, sign=16/16, mtfp=78/80 [+---+--+-++---+-]
    P3: 11 samples, sign=16/16, mtfp=78/80 [+---+--+-++---+-]

  ── LP Divergence Matrix — sign-space (Hamming, /16) ──
       P0  P1  P2  P3
  P0:   0   3   1   1
  P1:   3   0   2   2
  P2:   1   2   0   0
  P3:   1   2   0   0

  ── LP Divergence Matrix — MTFP-space (Hamming, /80) ──
       P0  P1  P2  P3
  P0:   0   6   6   9
  P1:   6   0   8  11
  P2:   6   8   0  11
  P3:   9  11  11   0
  P1 vs P3: sign=2/16, mtfp=11/80
  P1 vs P2: sign=2/16, mtfp=8/80

  ── Summary ──
  Confirmed: P0=277 P1=154 P2=46 P3=11 (total=488)
  VDB inserts: 61 (VDB count: 61/64)
  LP feedback steps: 488, feedback applied: 480
  Gate firing: 13%
  P1 vs P3 Hamming: DIVERGED (memory modulated)
  Cross-pattern LP divergence: YES — sub-conscious state reflects pattern history

  Architecture note:
  - TriX classification unchanged (W_f hidden=0, ISR step 3b
    runs before blend step 4 — scores are always input-driven)
  - LP hidden = episodic memory of pattern exposure
  - VDB retrieval shapes LP trajectory via ternary blend
  - This closes the loop: perceive → classify → remember
    → retrieve → modulate — without CPU or multiplication

  ── Split-Half Null Test (P0, n=277) ──
  Analytical null bound: ~1/80 MTFP trits (at n=277)
  Cross-pattern P1-P2 MTFP: 8/80
  SIGNAL > NULL: MTFP separation exceeds noise floor
  NOTE: P3 only 11 samples (below 15 threshold)
  Sufficient patterns: 3/4 (need >=3 with >=15 samples each)
  OK

-- TEST 13: CMD 4 Ablation (CfC only, no VDB blend) --
[DIAG] 500us: agree=1323 disagree=134 out_sel4=47 out_sel5=48 in101=0x84 in103=0x86 gpio_in=0x11039348 cpu_agree=20 loop=0
[DIAG] gdma: raw=0x1 st=0x0 ena=0x2 conf0=0x0 link=0x273c8(park=0) peri=9
[DIAG] gdma2: fifo=0x50 state=0x2e75a8(dscr_st=3 out_st=2) eof_addr=0x40827584
[DIAG] parlio: cfg=0x1a089b40(tx_start=1 bytelen=9936) st=0x80000000(tx_ready=1) int_raw=0x5(eof=1 rempty=1)
  CMD 4 (no VDB blend), VDB cleared, LP reset
  running 120s: classify → feed LP → CfC step only

  ── LP Hidden State by Pattern (CMD 4, no blend) ──
    P0: 306 samples, energy=16/16 [+--++---+++--++-]
    P1: 159 samples, energy=16/16 [+--++----+++--+-]
    P2: 43 samples, energy=16/16 [+--++----++---+-]
    P3: 45 samples, energy=16/16 [+--++----++---+-]

  ── LP Divergence Matrix (CMD 4 — ablation) ──
       P0  P1  P2  P3
  P0:   0   3   2   2
  P1:   3   0   1   1
  P2:   2   1   0   0
  P3:   2   1   0   0

  ── Attribution Analysis (P1 vs P2 primary pair) ──
  CMD 5 (TEST 12) P1 vs P2 Hamming: 2
  CMD 4 (TEST 13) P1 vs P2 Hamming: 1
  CMD 5 (TEST 12) P1 vs P3 Hamming: 2
  CMD 4 (TEST 13) P1 vs P3 Hamming: 1
  VDB feedback contribution (P1 vs P2): +1 trits
  RESULT: LP diverges without VDB (CMD 4 Hamming=1),
          but CMD 5 produces stronger separation (+1 trits).
          CfC integration drives baseline; VDB amplifies it.
  Sufficient patterns: 4/4 (need >=3)
  OK

-- TEST 14: Kinetic Attention (Agreement-Weighted Gate Bias) --

  ── Condition: 14A (no bias) ──
[DIAG] 500us: agree=855 disagree=602 out_sel4=47 out_sel5=48 in101=0x84 in103=0x86 gpio_in=0x1103a348 cpu_agree=20 loop=0
[DIAG] gdma: raw=0x1 st=0x0 ena=0x2 conf0=0x0 link=0x273c8(park=0) peri=9
[DIAG] gdma2: fifo=0x61 state=0x2e75a8(dscr_st=3 out_st=2) eof_addr=0x40827584
[DIAG] parlio: cfg=0x1a089b40(tx_start=1 bytelen=9936) st=0x80000000(tx_ready=1) int_raw=0x5(eof=1 rempty=1)
    step 100 (26s): bias=[0 0 0 0] p=0 vdb=12
    step 200 (47s): bias=[0 0 0 0] p=0 vdb=25
    step 300 (69s): bias=[0 0 0 0] p=0 vdb=37
    step 400 (90s): bias=[0 0 0 0] p=0 vdb=50
    step 500 (112s): bias=[0 0 0 0] p=0 vdb=62

  LP Hidden State (14A (no bias)):
    P0: 323 samples, energy=15/16 [---0+---+++---+-]
    P1: 159 samples, energy=16/16 [---++---+++---+-]
    P2: 38 samples, energy=15/16 [--+++---+-0+--+-]
    P3: 29 samples, energy=16/16 [+-+++---+++--++-]
  Confirms: 549, max_bias: 0, gate_firing: 14%, bias_duty: 0% (0/549 confirms)
  Per-group fires: [104392 90969 45176 0]

  ── Condition: 14C (full bias) ──
[DIAG] 500us: agree=1109 disagree=297 out_sel4=47 out_sel5=48 in101=0x84 in103=0x86 gpio_in=0x1103a348 cpu_agree=20 loop=0
[DIAG] gdma: raw=0x1 st=0x0 ena=0x2 conf0=0x0 link=0x273c8(park=0) peri=9
[DIAG] gdma2: fifo=0x61 state=0x2e75a8(dscr_st=3 out_st=2) eof_addr=0x40827584
[DIAG] parlio: cfg=0x1a089b40(tx_start=1 bytelen=9936) st=0x80000000(tx_ready=1) int_raw=0x5(eof=1 rempty=1)
    step 100 (25s): bias=[8 7 0 0] p=0 vdb=12
    step 200 (53s): bias=[0 0 2 0] p=0 vdb=25
    step 300 (74s): bias=[6 0 0 0] p=0 vdb=37
    step 400 (96s): bias=[8 0 0 0] p=0 vdb=50
    step 500 (117s): bias=[6 0 0 0] p=0 vdb=62

  LP Hidden State (14C (full bias)):
    P0: 320 samples, energy=16/16 [+--++--+++----++]
    P1: 139 samples, energy=15/16 [+--++--+++--0-+-]
    P2: 40 samples, energy=13/16 [+0-++--+0+--0-++]
    P3: 28 samples, energy=16/16 [++-++--+----+-++]
  Confirms: 527, max_bias: 13, gate_firing: 16%, bias_duty: 74% (392/527 confirms)
  Per-group fires: [114808 100569 63488 704]

  ── Condition: 14C-iso (bias after 60s) ──
[DIAG] 500us: agree=1231 disagree=188 out_sel4=47 out_sel5=48 in101=0x84 in103=0x86 gpio_in=0x11039348 cpu_agree=20 loop=0
[DIAG] gdma: raw=0x1 st=0x0 ena=0x2 conf0=0x0 link=0x273c8(park=0) peri=9
[DIAG] gdma2: fifo=0x50 state=0x2e75a8(dscr_st=3 out_st=2) eof_addr=0x40827584
[DIAG] parlio: cfg=0x1a089b40(tx_start=1 bytelen=9936) st=0x80000000(tx_ready=1) int_raw=0x5(eof=1 rempty=1)
    step 100 (23s): bias=[0 0 0 0] p=1 vdb=12
    step 200 (42s): bias=[0 0 0 0] p=1 vdb=25
    step 300 (66s): bias=[0 9 0 0] p=1 vdb=37
    step 400 (88s): bias=[0 6 0 0] p=1 vdb=50
    step 500 (113s): bias=[0 0 0 0] p=0 vdb=62

  LP Hidden State (14C-iso (bias after 60s)):
    P0: 272 samples, energy=16/16 [+-----+--+------]
    P1: 157 samples, energy=16/16 [++-------+----+-]
    P2: 42 samples, energy=16/16 [+-+----+-+------]
    P3: 44 samples, energy=16/16 [+-+----+++------]
  Confirms: 515, max_bias: 12, gate_firing: 15%, bias_duty: 33% (173/515 confirms)
  Per-group fires: [87520 106888 58568 0]

  ══ TEST 14 COMPARISON ══

  LP Divergence — sign-space (14A (no bias), /16):
       P0  P1  P2  P3
  P0:   0   1   5   4
  P1:   1   0   4   3
  P2:   5   4   0   5
  P3:   4   3   5   0

  LP Divergence — sign-space (14C (full bias), /16):
       P0  P1  P2  P3
  P0:   0   2   3   4
  P1:   2   0   3   5
  P2:   3   3   0   4
  P3:   4   5   4   0

  LP Divergence — sign-space (14C-iso (bias after 60s), /16):
       P0  P1  P2  P3
  P0:   0   3   3   4
  P1:   3   0   4   5
  P2:   3   4   0   1
  P3:   4   5   1   0

  LP Divergence — MTFP-space (14A (no bias), /80):
       P0  P1  P2  P3
  P0:   0   9  13   8
  P1:   9   0  12  12
  P2:  13  12   0   9
  P3:   8  12   9   0

  LP Divergence — MTFP-space (14C (full bias), /80):
       P0  P1  P2  P3
  P0:   0   1   5  11
  P1:   1   0   6  12
  P2:   5   6   0  12
  P3:  11  12  12   0

  LP Divergence — MTFP-space (14C-iso (bias after 60s), /80):
       P0  P1  P2  P3
  P0:   0   4   8  10
  P1:   4   0   9  11
  P2:   8   9   0  12
  P3:  10  11  12   0

  Per-Pair Comparison (14C vs 14A):
  Pair  | 14A | 14C | delta | 14C-iso | delta
  ------|-----|-----|-------|---------|------
  P0-P1 |   1 |   2 |  +1   |     3   |  +2
  P0-P2 |   5 |   3 |  -2   |     3   |  -2
  P0-P3 |   4 |   4 |  +0   |     4   |  +0
  P1-P2 |   4 |   3 |  -1   |     4   |  +0
  P1-P3 |   3 |   5 |  +2   |     5   |  +2
  P2-P3 |   5 |   4 |  -1   |     1   |  -4
  Mean  | 3.7 | 3.5 | -0.2  |   3.3   | -0.3

  Per-Group Gate Fires (total across 120s):
  Condition                  | G0       G1       G2       G3
  --------------------------|---------------------------------------
  14A (no bias)              | 104392   90969    45176    0       
  14C (full bias)            | 114808   100569   63488    704     
  14C-iso (bias after 60s)   | 87520    106888   58568    0       

  Bias Duty Cycle:
  14A (no bias)               0% (0/549 confirms with non-zero bias)
  14C (full bias)             74% (392/527 confirms with non-zero bias)
  14C-iso (bias after 60s)    33% (173/515 confirms with non-zero bias)

  Confound Control — LP Divergence at t=60s:
  14A (no bias)               mean=5.5/16 (34%)
  14C (full bias)             mean=2.5/16 (16%)
  14C-iso (bias after 60s)    mean=2.5/16 (16%)
  If 14A@60s ~ 14C-iso@60s: unbiased formation confirmed
  If 14A@60s ~ 14C@60s:     confound (maturity, not formation)

  Classification Accuracy (CPU core_pred vs sender ground truth):
  14A (no bias)               517/549 = 94.2%
  14C (full bias)             497/527 = 94.3%
  14C-iso (bias after 60s)    484/515 = 94.0%

  Confusion Matrix — 14A (no bias) (rows=ground truth, cols=predicted):
       P0   P1   P2   P3
  P0:  306    0    0    0
  P1:    0  144    0    0
  P2:    6   13   38    0
  P3:   11    2    0   29

  Confusion Matrix — 14C (full bias) (rows=ground truth, cols=predicted):
       P0   P1   P2   P3
  P0:  306    0    0    0
  P1:    0  123    0    0
  P2:    9   15   40    0
  P3:    5    1    0   28

  Confusion Matrix — 14C-iso (bias after 60s) (rows=ground truth, cols=predicted):
       P0   P1   P2   P3
  P0:  257    0    0    0
  P1:    0  141    0    0
  P2:    9   15   42    0
  P3:    6    1    0   44

  TriX ISR vs CPU core_pred agreement:
  14A (no bias)               549/549 = 100.0% agree
  14C (full bias)             527/527 = 100.0% agree
  14C-iso (bias after 60s)    515/515 = 100.0% agree

  Divergence as % of maximum (16 trits):
  14A (no bias)               mean 3.7/16 = 23%
  14C (full bias)             mean 3.5/16 = 22%
  14C-iso (bias after 60s)    mean 3.3/16 = 21%

  ── Verdict ──
  Gate bias activated (14C):    YES (max=13)
  Mean Hamming 14C >= 14A:      NO (3.5 vs 3.7)
  No catastrophic regression:   YES (worst: -2)
  Per-group fire shift > 10%:   YES
  Pairs 14C > 14A: 2, equal: 1, worse: 3 (of 6)
  FAIL

-- TEST 14C: CLS Transition Experiment --

  ── Condition: Full (CMD5+bias) ──
[DIAG] 500us: agree=1347 disagree=137 out_sel4=47 out_sel5=48 in101=0x84 in103=0x86 gpio_in=0x1103a348 cpu_agree=20 loop=0
[DIAG] gdma: raw=0x1 st=0x0 ena=0x2 conf0=0x0 link=0x273c8(park=0) peri=9
[DIAG] gdma2: fifo=0x50 state=0x2e75a8(dscr_st=3 out_st=2) eof_addr=0x40827584
[DIAG] parlio: cfg=0x1a089b40(tx_start=1 bytelen=9936) st=0x80000000(tx_ready=1) int_raw=0x5(eof=1 rempty=1)
  Sync: waiting for ≥60s continuous P1...
    P1 step 100: vdb=12 p1_n=24 bias=[0 0 0 0]
    P1 step 200: vdb=25 p1_n=48 bias=[0 0 0 0]
    P1 step 300: vdb=37 p1_n=72 bias=[0 0 0 0]
    P1 step 400: vdb=50 p1_n=96 bias=[0 0 0 0]
    P1 step 500: vdb=62 p1_n=127 bias=[0 5 0 0]
    P1 step 600: vdb=64 p1_n=163 bias=[0 7 0 0]
    P1 step 700: vdb=64 p1_n=188 bias=[0 6 0 0]
    P1 step 800: vdb=64 p1_n=216 bias=[0 4 0 0]
    P1 step 900: vdb=64 p1_n=240 bias=[0 4 8 0]
  SKIP: no ≥60s P1 dwell in 120s. Sender not in TRANSITION_MODE.
  TEST 14C SKIPPED — sender not in TRANSITION_MODE.
  Rebuild sender with -DTRANSITION_MODE=1 and reflash Board B.
  OK (skipped)

============================================================
  RESULTS: 14 / 15 PASSED
============================================================

  SOME TESTS FAILED — see details above.

-- LP CHAR: LP Dynamics Characterization --
   (diagnostic — not counted in pass/fail)
  Rep 1/3:
    P1 step   0: fires=13 blend= 0 score=  0 vdb=1
    P1 step 100: fires=15 blend= 1 score= 31 vdb=5
    P1 step 200: fires=15 blend= 1 score= 31 vdb=9
    P1 step 300: fires=15 blend= 1 score= 31 vdb=13
    P1 step 400: fires=15 blend= 1 score= 31 vdb=17
    P1 done: vdb_nodes=20
    P2 step  0: fires=15 blend=10 score= 15 applied=1
    P2 step  1: fires=15 blend=10 score=  7 applied=1
    P2 step  2: fires=12 blend=11 score=  7 applied=1
    P2 step  3: fires=14 blend=10 score=  6 applied=1
    P2 step  4: fires=15 blend=10 score=  7 applied=1
    P2 step  5: fires=15 blend= 9 score=  5 applied=1
    P2 step  6: fires=16 blend=10 score=  6 applied=1
    P2 step  7: fires=16 blend=10 score=  6 applied=1
    P2 step  8: fires=16 blend=10 score=  6 applied=1
    P2 step  9: fires=16 blend=10 score=  6 applied=1
    P2 step 10: fires=16 blend=10 score=  6 applied=1
    P2 step 11: fires=16 blend=10 score=  6 applied=1
    P2 step 12: fires=16 blend=10 score=  6 applied=1
    P2 step 13: fires=16 blend=10 score=  6 applied=1
    P2 step 14: fires=16 blend=10 score=  6 applied=1
    P2 step 15: fires=16 blend=10 score=  6 applied=1
    P2 step 16: fires=16 blend=10 score=  6 applied=1
    P2 step 17: fires=16 blend=10 score=  6 applied=1
    P2 step 18: fires=16 blend=10 score=  6 applied=1
    P2 step 19: fires=16 blend=10 score=  6 applied=1
    P2 step 20: fires=16 blend=10 score=  6 applied=1
    P2 step 21: fires=16 blend=10 score=  6 applied=1
    P2 step 22: fires=16 blend=10 score=  6 applied=1
    P2 step 23: fires=16 blend=10 score=  6 applied=1
    P2 step 24: fires=16 blend=10 score=  6 applied=1
    P2 step 25: fires=16 blend=10 score=  6 applied=1
    P2 step 26: fires=16 blend=10 score=  6 applied=1
    P2 step 27: fires=16 blend=10 score=  6 applied=1
    P2 step 28: fires=16 blend=10 score=  6 applied=1
    P2 step 29: fires=16 blend=10 score=  6 applied=1
    P2 step 30: fires=16 blend=10 score=  6 applied=1
    P2 step 31: fires=16 blend=10 score=  6 applied=1
    P2 step 32: fires=16 blend=10 score=  6 applied=1
    P2 step 33: fires=16 blend=10 score=  6 applied=1
    P2 step 34: fires=16 blend=10 score=  6 applied=1
    P2 step 35: fires=16 blend=10 score=  6 applied=1
    P2 step 36: fires=16 blend=10 score=  6 applied=1
    P2 step 37: fires=16 blend=10 score=  6 applied=1
    P2 step 38: fires=16 blend=10 score=  6 applied=1
    P2 step 39: fires=16 blend=10 score=  6 applied=1
    P2 step 40: fires=16 blend=10 score=  6 applied=1
    P2 step 41: fires=16 blend=10 score=  6 applied=1
    P2 step 42: fires=16 blend=10 score=  6 applied=1
    P2 step 43: fires=16 blend=10 score=  6 applied=1
    P2 step 44: fires=16 blend=10 score=  6 applied=1
    P2 step 45: fires=16 blend=10 score=  6 applied=1
    P2 step 46: fires=16 blend=10 score=  6 applied=1
    P2 step 47: fires=16 blend=10 score=  6 applied=1
    P2 step 48: fires=16 blend=10 score=  6 applied=1
    P2 step 49: fires=16 blend=10 score=  6 applied=1
    P2 step 50: fires=16 blend=10 score=  6 applied=1
    P2 step 51: fires=16 blend=10 score=  6 applied=1
    P2 step 52: fires=16 blend=10 score=  6 applied=1
    P2 step 53: fires=16 blend=10 score=  6 applied=1
    P2 step 54: fires=16 blend=10 score=  6 applied=1
    P2 step 55: fires=16 blend=10 score=  6 applied=1
    P2 step 56: fires=16 blend=10 score=  6 applied=1
    P2 step 57: fires=16 blend=10 score=  6 applied=1
    P2 step 58: fires=16 blend=10 score=  6 applied=1
    P2 step 59: fires=16 blend=10 score=  6 applied=1
    P2 step 60: fires=16 blend=10 score=  6 applied=1
    P2 step 61: fires=16 blend=10 score=  6 applied=1
    P2 step 62: fires=16 blend=10 score=  6 applied=1
    P2 step 63: fires=16 blend=10 score=  6 applied=1
    P2 step 64: fires=16 blend=10 score=  6 applied=1
    P2 step 65: fires=16 blend=10 score=  6 applied=1
    P2 step 66: fires=16 blend=10 score=  6 applied=1
    P2 step 67: fires=16 blend=10 score=  6 applied=1
    P2 step 68: fires=16 blend=10 score=  6 applied=1
    P2 step 69: fires=16 blend=10 score=  6 applied=1
    P2 step 70: fires=16 blend=10 score=  6 applied=1
    P2 step 71: fires=16 blend=10 score=  6 applied=1
    P2 step 72: fires=16 blend=10 score=  6 applied=1
    P2 step 73: fires=16 blend=10 score=  6 applied=1
    P2 step 74: fires=16 blend=10 score=  6 applied=1
    P2 step 75: fires=16 blend=10 score=  6 applied=1
    P2 step 76: fires=16 blend=10 score=  6 applied=1
    P2 step 77: fires=16 blend=10 score=  6 applied=1
    P2 step 78: fires=16 blend=10 score=  6 applied=1
    P2 step 79: fires=16 blend=10 score=  6 applied=1
    P2 step 80: fires=16 blend=10 score=  6 applied=1
    P2 step 81: fires=16 blend=10 score=  6 applied=1
    P2 step 82: fires=16 blend=10 score=  6 applied=1
    P2 step 83: fires=16 blend=10 score=  6 applied=1
    P2 step 84: fires=16 blend=10 score=  6 applied=1
    P2 step 85: fires=16 blend=10 score=  6 applied=1
    P2 step 86: fires=16 blend=10 score=  6 applied=1
    P2 step 87: fires=16 blend=10 score=  6 applied=1
    P2 step 88: fires=16 blend=10 score=  6 applied=1
    P2 step 89: fires=16 blend=10 score=  6 applied=1
    P2 step 90: fires=16 blend=10 score=  6 applied=1
    P2 step 91: fires=16 blend=10 score=  6 applied=1
    P2 step 92: fires=16 blend=10 score=  6 applied=1
    P2 step 93: fires=16 blend=10 score=  6 applied=1
    P2 step 94: fires=16 blend=10 score=  6 applied=1
    P2 step 95: fires=16 blend=10 score=  6 applied=1
    P2 step 96: fires=16 blend=10 score=  6 applied=1
    P2 step 97: fires=16 blend=10 score=  6 applied=1
    P2 step 98: fires=16 blend=10 score=  6 applied=1
    P2 step 99: fires=16 blend=10 score=  6 applied=1
    P1 mean: fires/step=14.9  blend/step=1.3  implied_alpha=0.082
    P2 mean: fires/step=15.9  blend/step=10.0  implied_alpha=0.625

  Rep 2/3:
    P1 step   0: fires=13 blend= 0 score=  0 vdb=1
    P1 step 100: fires=15 blend= 1 score= 31 vdb=5
    P1 step 200: fires=15 blend= 1 score= 31 vdb=9
    P1 step 300: fires=15 blend= 1 score= 31 vdb=13
    P1 step 400: fires=15 blend= 1 score= 31 vdb=17
    P1 done: vdb_nodes=20
    P2 step  0: fires=15 blend=10 score= 15 applied=1
    P2 step  1: fires=15 blend=10 score=  7 applied=1
    P2 step  2: fires=12 blend=11 score=  7 applied=1
    P2 step  3: fires=14 blend=10 score=  6 applied=1
    P2 step  4: fires=15 blend=10 score=  7 applied=1
    P2 step  5: fires=15 blend= 9 score=  5 applied=1
    P2 step  6: fires=16 blend=10 score=  6 applied=1
    P2 step  7: fires=16 blend=10 score=  6 applied=1
    P2 step  8: fires=16 blend=10 score=  6 applied=1
    P2 step  9: fires=16 blend=10 score=  6 applied=1
    P2 step 10: fires=16 blend=10 score=  6 applied=1
    P2 step 11: fires=16 blend=10 score=  6 applied=1
    P2 step 12: fires=16 blend=10 score=  6 applied=1
    P2 step 13: fires=16 blend=10 score=  6 applied=1
    P2 step 14: fires=16 blend=10 score=  6 applied=1
    P2 step 15: fires=16 blend=10 score=  6 applied=1
    P2 step 16: fires=16 blend=10 score=  6 applied=1
    P2 step 17: fires=16 blend=10 score=  6 applied=1
    P2 step 18: fires=16 blend=10 score=  6 applied=1
    P2 step 19: fires=16 blend=10 score=  6 applied=1
    P2 step 20: fires=16 blend=10 score=  6 applied=1
    P2 step 21: fires=16 blend=10 score=  6 applied=1
    P2 step 22: fires=16 blend=10 score=  6 applied=1
    P2 step 23: fires=16 blend=10 score=  6 applied=1
    P2 step 24: fires=16 blend=10 score=  6 applied=1
    P2 step 25: fires=16 blend=10 score=  6 applied=1
    P2 step 26: fires=16 blend=10 score=  6 applied=1
    P2 step 27: fires=16 blend=10 score=  6 applied=1
    P2 step 28: fires=16 blend=10 score=  6 applied=1
    P2 step 29: fires=16 blend=10 score=  6 applied=1
    P2 step 30: fires=16 blend=10 score=  6 applied=1
    P2 step 31: fires=16 blend=10 score=  6 applied=1
    P2 step 32: fires=16 blend=10 score=  6 applied=1
    P2 step 33: fires=16 blend=10 score=  6 applied=1
    P2 step 34: fires=16 blend=10 score=  6 applied=1
    P2 step 35: fires=16 blend=10 score=  6 applied=1
    P2 step 36: fires=16 blend=10 score=  6 applied=1
    P2 step 37: fires=16 blend=10 score=  6 applied=1
    P2 step 38: fires=16 blend=10 score=  6 applied=1
    P2 step 39: fires=16 blend=10 score=  6 applied=1
    P2 step 40: fires=16 blend=10 score=  6 applied=1
    P2 step 41: fires=16 blend=10 score=  6 applied=1
    P2 step 42: fires=16 blend=10 score=  6 applied=1
    P2 step 43: fires=16 blend=10 score=  6 applied=1
    P2 step 44: fires=16 blend=10 score=  6 applied=1
    P2 step 45: fires=16 blend=10 score=  6 applied=1
    P2 step 46: fires=16 blend=10 score=  6 applied=1
    P2 step 47: fires=16 blend=10 score=  6 applied=1
    P2 step 48: fires=16 blend=10 score=  6 applied=1
    P2 step 49: fires=16 blend=10 score=  6 applied=1
    P2 step 50: fires=16 blend=10 score=  6 applied=1
    P2 step 51: fires=16 blend=10 score=  6 applied=1
    P2 step 52: fires=16 blend=10 score=  6 applied=1
    P2 step 53: fires=16 blend=10 score=  6 applied=1
    P2 step 54: fires=16 blend=10 score=  6 applied=1
    P2 step 55: fires=16 blend=10 score=  6 applied=1
    P2 step 56: fires=16 blend=10 score=  6 applied=1
    P2 step 57: fires=16 blend=10 score=  6 applied=1
    P2 step 58: fires=16 blend=10 score=  6 applied=1
    P2 step 59: fires=16 blend=10 score=  6 applied=1
    P2 step 60: fires=16 blend=10 score=  6 applied=1
    P2 step 61: fires=16 blend=10 score=  6 applied=1
    P2 step 62: fires=16 blend=10 score=  6 applied=1
    P2 step 63: fires=16 blend=10 score=  6 applied=1
    P2 step 64: fires=16 blend=10 score=  6 applied=1
    P2 step 65: fires=16 blend=10 score=  6 applied=1
    P2 step 66: fires=16 blend=10 score=  6 applied=1
    P2 step 67: fires=16 blend=10 score=  6 applied=1
    P2 step 68: fires=16 blend=10 score=  6 applied=1
    P2 step 69: fires=16 blend=10 score=  6 applied=1
    P2 step 70: fires=16 blend=10 score=  6 applied=1
    P2 step 71: fires=16 blend=10 score=  6 applied=1
    P2 step 72: fires=16 blend=10 score=  6 applied=1
    P2 step 73: fires=16 blend=10 score=  6 applied=1
    P2 step 74: fires=16 blend=10 score=  6 applied=1
    P2 step 75: fires=16 blend=10 score=  6 applied=1
    P2 step 76: fires=16 blend=10 score=  6 applied=1
    P2 step 77: fires=16 blend=10 score=  6 applied=1
    P2 step 78: fires=16 blend=10 score=  6 applied=1
    P2 step 79: fires=16 blend=10 score=  6 applied=1
    P2 step 80: fires=16 blend=10 score=  6 applied=1
    P2 step 81: fires=16 blend=10 score=  6 applied=1
    P2 step 82: fires=16 blend=10 score=  6 applied=1
    P2 step 83: fires=16 blend=10 score=  6 applied=1
    P2 step 84: fires=16 blend=10 score=  6 applied=1
    P2 step 85: fires=16 blend=10 score=  6 applied=1
    P2 step 86: fires=16 blend=10 score=  6 applied=1
    P2 step 87: fires=16 blend=10 score=  6 applied=1
    P2 step 88: fires=16 blend=10 score=  6 applied=1
    P2 step 89: fires=16 blend=10 score=  6 applied=1
    P2 step 90: fires=16 blend=10 score=  6 applied=1
    P2 step 91: fires=16 blend=10 score=  6 applied=1
    P2 step 92: fires=16 blend=10 score=  6 applied=1
    P2 step 93: fires=16 blend=10 score=  6 applied=1
    P2 step 94: fires=16 blend=10 score=  6 applied=1
    P2 step 95: fires=16 blend=10 score=  6 applied=1
    P2 step 96: fires=16 blend=10 score=  6 applied=1
    P2 step 97: fires=16 blend=10 score=  6 applied=1
    P2 step 98: fires=16 blend=10 score=  6 applied=1
    P2 step 99: fires=16 blend=10 score=  6 applied=1
    P1 mean: fires/step=14.9  blend/step=1.3  implied_alpha=0.082
    P2 mean: fires/step=15.9  blend/step=10.0  implied_alpha=0.625

  Rep 3/3:
    P1 step   0: fires=13 blend= 0 score=  0 vdb=1
    P1 step 100: fires=15 blend= 1 score= 31 vdb=5
    P1 step 200: fires=15 blend= 1 score= 31 vdb=9
    P1 step 300: fires=15 blend= 1 score= 31 vdb=13
    P1 step 400: fires=15 blend= 1 score= 31 vdb=17
    P1 done: vdb_nodes=20
    P2 step  0: fires=15 blend=10 score= 15 applied=1
    P2 step  1: fires=15 blend=10 score=  7 applied=1
    P2 step  2: fires=12 blend=11 score=  7 applied=1
    P2 step  3: fires=14 blend=10 score=  6 applied=1
    P2 step  4: fires=15 blend=10 score=  7 applied=1
    P2 step  5: fires=15 blend= 9 score=  5 applied=1
    P2 step  6: fires=16 blend=10 score=  6 applied=1
    P2 step  7: fires=16 blend=10 score=  6 applied=1
    P2 step  8: fires=16 blend=10 score=  6 applied=1
    P2 step  9: fires=16 blend=10 score=  6 applied=1
    P2 step 10: fires=16 blend=10 score=  6 applied=1
    P2 step 11: fires=16 blend=10 score=  6 applied=1
    P2 step 12: fires=16 blend=10 score=  6 applied=1
    P2 step 13: fires=16 blend=10 score=  6 applied=1
    P2 step 14: fires=16 blend=10 score=  6 applied=1
    P2 step 15: fires=16 blend=10 score=  6 applied=1
    P2 step 16: fires=16 blend=10 score=  6 applied=1
    P2 step 17: fires=16 blend=10 score=  6 applied=1
    P2 step 18: fires=16 blend=10 score=  6 applied=1
    P2 step 19: fires=16 blend=10 score=  6 applied=1
    P2 step 20: fires=16 blend=10 score=  6 applied=1
    P2 step 21: fires=16 blend=10 score=  6 applied=1
    P2 step 22: fires=16 blend=10 score=  6 applied=1
    P2 step 23: fires=16 blend=10 score=  6 applied=1
    P2 step 24: fires=16 blend=10 score=  6 applied=1
    P2 step 25: fires=16 blend=10 score=  6 applied=1
    P2 step 26: fires=16 blend=10 score=  6 applied=1
    P2 step 27: fires=16 blend=10 score=  6 applied=1
    P2 step 28: fires=16 blend=10 score=  6 applied=1
    P2 step 29: fires=16 blend=10 score=  6 applied=1
    P2 step 30: fires=16 blend=10 score=  6 applied=1
    P2 step 31: fires=16 blend=10 score=  6 applied=1
    P2 step 32: fires=16 blend=10 score=  6 applied=1
    P2 step 33: fires=16 blend=10 score=  6 applied=1
    P2 step 34: fires=16 blend=10 score=  6 applied=1
    P2 step 35: fires=16 blend=10 score=  6 applied=1
    P2 step 36: fires=16 blend=10 score=  6 applied=1
    P2 step 37: fires=16 blend=10 score=  6 applied=1
    P2 step 38: fires=16 blend=10 score=  6 applied=1
    P2 step 39: fires=16 blend=10 score=  6 applied=1
    P2 step 40: fires=16 blend=10 score=  6 applied=1
    P2 step 41: fires=16 blend=10 score=  6 applied=1
    P2 step 42: fires=16 blend=10 score=  6 applied=1
    P2 step 43: fires=16 blend=10 score=  6 applied=1
    P2 step 44: fires=16 blend=10 score=  6 applied=1
    P2 step 45: fires=16 blend=10 score=  6 applied=1
    P2 step 46: fires=16 blend=10 score=  6 applied=1
    P2 step 47: fires=16 blend=10 score=  6 applied=1
    P2 step 48: fires=16 blend=10 score=  6 applied=1
    P2 step 49: fires=16 blend=10 score=  6 applied=1
    P2 step 50: fires=16 blend=10 score=  6 applied=1
    P2 step 51: fires=16 blend=10 score=  6 applied=1
    P2 step 52: fires=16 blend=10 score=  6 applied=1
    P2 step 53: fires=16 blend=10 score=  6 applied=1
    P2 step 54: fires=16 blend=10 score=  6 applied=1
    P2 step 55: fires=16 blend=10 score=  6 applied=1
    P2 step 56: fires=16 blend=10 score=  6 applied=1
    P2 step 57: fires=16 blend=10 score=  6 applied=1
    P2 step 58: fires=16 blend=10 score=  6 applied=1
    P2 step 59: fires=16 blend=10 score=  6 applied=1
    P2 step 60: fires=16 blend=10 score=  6 applied=1
    P2 step 61: fires=16 blend=10 score=  6 applied=1
    P2 step 62: fires=16 blend=10 score=  6 applied=1
    P2 step 63: fires=16 blend=10 score=  6 applied=1
    P2 step 64: fires=16 blend=10 score=  6 applied=1
    P2 step 65: fires=16 blend=10 score=  6 applied=1
    P2 step 66: fires=16 blend=10 score=  6 applied=1
    P2 step 67: fires=16 blend=10 score=  6 applied=1
    P2 step 68: fires=16 blend=10 score=  6 applied=1
    P2 step 69: fires=16 blend=10 score=  6 applied=1
    P2 step 70: fires=16 blend=10 score=  6 applied=1
    P2 step 71: fires=16 blend=10 score=  6 applied=1
    P2 step 72: fires=16 blend=10 score=  6 applied=1
    P2 step 73: fires=16 blend=10 score=  6 applied=1
    P2 step 74: fires=16 blend=10 score=  6 applied=1
    P2 step 75: fires=16 blend=10 score=  6 applied=1
    P2 step 76: fires=16 blend=10 score=  6 applied=1
    P2 step 77: fires=16 blend=10 score=  6 applied=1
    P2 step 78: fires=16 blend=10 score=  6 applied=1
    P2 step 79: fires=16 blend=10 score=  6 applied=1
    P2 step 80: fires=16 blend=10 score=  6 applied=1
    P2 step 81: fires=16 blend=10 score=  6 applied=1
    P2 step 82: fires=16 blend=10 score=  6 applied=1
    P2 step 83: fires=16 blend=10 score=  6 applied=1
    P2 step 84: fires=16 blend=10 score=  6 applied=1
    P2 step 85: fires=16 blend=10 score=  6 applied=1
    P2 step 86: fires=16 blend=10 score=  6 applied=1
    P2 step 87: fires=16 blend=10 score=  6 applied=1
    P2 step 88: fires=16 blend=10 score=  6 applied=1
    P2 step 89: fires=16 blend=10 score=  6 applied=1
    P2 step 90: fires=16 blend=10 score=  6 applied=1
    P2 step 91: fires=16 blend=10 score=  6 applied=1
    P2 step 92: fires=16 blend=10 score=  6 applied=1
    P2 step 93: fires=16 blend=10 score=  6 applied=1
    P2 step 94: fires=16 blend=10 score=  6 applied=1
    P2 step 95: fires=16 blend=10 score=  6 applied=1
    P2 step 96: fires=16 blend=10 score=  6 applied=1
    P2 step 97: fires=16 blend=10 score=  6 applied=1
    P2 step 98: fires=16 blend=10 score=  6 applied=1
    P2 step 99: fires=16 blend=10 score=  6 applied=1
    P1 mean: fires/step=14.9  blend/step=1.3  implied_alpha=0.082
    P2 mean: fires/step=15.9  blend/step=10.0  implied_alpha=0.625

  Switch window (rep 3, last 20 P1 → first 30 P2):
  step | fires | blend | score | appl | lp_hidden
  -----|-------|-------|-------|------|----------
   -20 |    15 |     1 |    31 |    1 | --++------0--++-
   -19 |    15 |     1 |    31 |    1 | --++------0--++-
   -18 |    15 |     1 |    31 |    1 | --++------0--++-
   -17 |    15 |     1 |    31 |    1 | --++------0--++-
   -16 |    15 |     1 |    31 |    1 | --++------0--++-
   -15 |    15 |     1 |    31 |    1 | --++------0--++-
   -14 |    15 |     1 |    31 |    1 | --++------0--++-
   -13 |    15 |     1 |    31 |    1 | --++------0--++-
   -12 |    15 |     1 |    31 |    1 | --++------0--++-
   -11 |    15 |     1 |    31 |    1 | --++------0--++-
   -10 |    15 |     1 |    31 |    1 | --++------0--++-
    -9 |    15 |     1 |    31 |    1 | --++------0--++-
    -8 |    15 |     1 |    31 |    1 | --++------0--++-
    -7 |    15 |     1 |    31 |    1 | --++------0--++-
    -6 |    15 |     1 |    31 |    1 | --++------0--++-
    -5 |    15 |     1 |    31 |    1 | --++------0--++-
    -4 |    15 |     1 |    31 |    1 | --++------0--++-
    -3 |    15 |     1 |    31 |    1 | --++------0--++-
    -2 |    15 |     1 |    31 |    1 | --++------0--++-
    -1 |    15 |     1 |    31 |    1 | --++------0--++-
    +0 |    15 |    10 |    15 |    1 | 00+0000---+--+00
    +1 |    15 |    10 |     7 |    1 | 000+000--0---++0
    +2 |    12 |    11 |     7 |    1 | 0-0000-0-0---+00
    +3 |    14 |    10 |     6 |    1 | 0-+00000-0---++0
    +4 |    15 |    10 |     7 |    1 | 0-000000-0---+00
    +5 |    15 |     9 |     5 |    1 | 0-000000-0---++0
    +6 |    16 |    10 |     6 |    1 | 0-000000-0---++0
    +7 |    16 |    10 |     6 |    1 | 0-000000-0---++0
    +8 |    16 |    10 |     6 |    1 | 0-000000-0---++0
    +9 |    16 |    10 |     6 |    1 | 0-000000-0---++0
   +10 |    16 |    10 |     6 |    1 | 0-000000-0---++0
   +11 |    16 |    10 |     6 |    1 | 0-000000-0---++0
   +12 |    16 |    10 |     6 |    1 | 0-000000-0---++0
   +13 |    16 |    10 |     6 |    1 | 0-000000-0---++0
   +14 |    16 |    10 |     6 |    1 | 0-000000-0---++0
   +15 |    16 |    10 |     6 |    1 | 0-000000-0---++0
   +16 |    16 |    10 |     6 |    1 | 0-000000-0---++0
   +17 |    16 |    10 |     6 |    1 | 0-000000-0---++0
   +18 |    16 |    10 |     6 |    1 | 0-000000-0---++0
   +19 |    16 |    10 |     6 |    1 | 0-000000-0---++0
   +20 |    16 |    10 |     6 |    1 | 0-000000-0---++0
   +21 |    16 |    10 |     6 |    1 | 0-000000-0---++0
   +22 |    16 |    10 |     6 |    1 | 0-000000-0---++0
   +23 |    16 |    10 |     6 |    1 | 0-000000-0---++0
   +24 |    16 |    10 |     6 |    1 | 0-000000-0---++0
   +25 |    16 |    10 |     6 |    1 | 0-000000-0---++0
   +26 |    16 |    10 |     6 |    1 | 0-000000-0---++0
   +27 |    16 |    10 |     6 |    1 | 0-000000-0---++0
   +28 |    16 |    10 |     6 |    1 | 0-000000-0---++0
   +29 |    16 |    10 |     6 |    1 | 0-000000-0---++0

  SUMMARY (3 reps, P1=500 steps, P2=100 steps):
  P1 steady: fires/step=14.9  blend/step=1.3  implied_alpha=0.082
  P2 phase:  fires/step=15.9  blend/step=10.0  implied_alpha=0.625
  REGIME: Path A dominant (CfC fires > 2/step)
  Sim calibration: LP_SIM_THRESHOLD should match Path A threshold; BLEND_ALPHA = 0.082


── LP DOT MAGNITUDE DIAGNOSTIC ──
  (CPU reference, not LP core)

  LP f-pathway dots (per neuron, 4 patterns):
        n00 n01 n02 n03 n04 n05 n06 n07 n08 n09 n10 n11 n12 n13 n14 n15
  P0:   -5  -3  -5  +7  +2 +11  +0  +4  -6  +1  -4  -3  +3  -1  +4  +1
  P1:   +5  -7  -1  +7  +4  +5  +8  +0 -12  +5  +0  -3  +3 -13  +6  +1
  P2:   +5  -7  -5  +7  +6 +13  +4  -2  -6  -5  -6  -1  +3  -3  -2  +1
  P3:   -5  -9  -9  +7  +4 +11  +4  +0 -10  -1  -2  +3  +3  -9  -4  +1

  LP f-pathway SIGNS:
         n00  n01  n02  n03  n04  n05  n06  n07  n08  n09  n10  n11  n12  n13  n14  n15
  P0:    -    -    -    +    +    +    0    +    -    +    -    -    +    -    +    + 
  P1:    +    -    -    +    +    +    +    0    -    +    0    -    +    -    +    + 
  P2:    +    -    -    +    +    +    +    -    -    -    -    -    +    -    -    + 
  P3:    -    -    -    +    +    +    +    0    -    -    -    +    +    -    -    + 

  P1 vs P2 comparison (f-pathway):
    n00: P1= +5 P2= +5  sign=SAME  |mag_diff|=0
    n01: P1= -7 P2= -7  sign=SAME  |mag_diff|=0
    n02: P1= -1 P2= -5  sign=SAME  |mag_diff|=4
    n03: P1= +7 P2= +7  sign=SAME  |mag_diff|=0
    n04: P1= +4 P2= +6  sign=SAME  |mag_diff|=2
    n05: P1= +5 P2=+13  sign=SAME  |mag_diff|=8
    n06: P1= +8 P2= +4  sign=SAME  |mag_diff|=4
    n07: P1= +0 P2= -2  sign=DIFF  |mag_diff|=2
    n08: P1=-12 P2= -6  sign=SAME  |mag_diff|=6
    n09: P1= +5 P2= -5  sign=DIFF  |mag_diff|=0
    n10: P1= +0 P2= -6  sign=DIFF  |mag_diff|=6
    n11: P1= -3 P2= -1  sign=SAME  |mag_diff|=2
    n12: P1= +3 P2= +3  sign=SAME  |mag_diff|=0
    n13: P1=-13 P2= -3  sign=SAME  |mag_diff|=10
    n14: P1= +6 P2= -2  sign=DIFF  |mag_diff|=4
    n15: P1= +1 P2= +1  sign=SAME  |mag_diff|=0
  Signs: 12 same, 4 different
  Mean |magnitude difference|: 3.0
  If signs are mostly SAME but magnitudes differ:
    → 5-trit MTFP per neuron would resolve the degeneracy
  If signs AND magnitudes are similar:
    → need more projection directions (wider LP)

