
============================================================
  FREE-RUNNING SUB-CPU NEURAL NETWORK
  + LP CORE GEOMETRIC PROCESSOR
  GIE (441 Hz HW) → LP core (100 Hz, 16MHz RISC-V, ~30uA)
  Three-layer hierarchy: peripheral → geometric → CPU
============================================================

[INIT] GPIO 4-7...
[INIT] ETM clock...
[INIT] PARLIO TX (2-bit, 20MHz, loopback)...
[INIT] PCNT (2 units)...
[INIT] Timer...
[INIT] GDMA channel detection...
[GDMA] PARLIO owns CH0
[INIT] GDMA ISR (free-running mode)...
[GDMA ISR] OK — CH0 (source=69), LEVEL3
[INIT] LP core binary (16320 bytes)...
[INIT] LP core weights (after binary load)...
[INIT] LP seed: 0xBEEF9ABC
[LP] Geometric processor running (100 Hz, 16 MHz RISC-V)
[INIT] ESP-NOW receiver...
W (8370) wifi:ACK_TAB0   :0x   90a0b, QAM16:0x9 (24Mbps), QPSK:0xa (12Mbps), BPSK:0xb (6Mbps)
W (8371) wifi:CTS_TAB0   :0x   90a0b, QAM16:0x9 (24Mbps), QPSK:0xa (12Mbps), BPSK:0xb (6Mbps)
W (8371) wifi:(agc)0x600a7128:0xd20a6800, min.avgNF:0xce->0xd2(dB), RCalCount:0xa6, min.RRssi:0x800(-128.00)
W (8372) wifi:(TB)WDEV_PWR_TB_MCS0:19
W (8372) wifi:(TB)WDEV_PWR_TB_MCS1:19
W (8372) wifi:(TB)WDEV_PWR_TB_MCS2:19
W (8372) wifi:(TB)WDEV_PWR_TB_MCS3:19
W (8372) wifi:(TB)WDEV_PWR_TB_MCS4:19
W (8372) wifi:(TB)WDEV_PWR_TB_MCS5:19
W (8372) wifi:(TB)WDEV_PWR_TB_MCS6:18
W (8372) wifi:(TB)WDEV_PWR_TB_MCS7:18
W (8372) wifi:(TB)WDEV_PWR_TB_MCS8:17
W (8373) wifi:(TB)WDEV_PWR_TB_MCS9:15
W (8373) wifi:(TB)WDEV_PWR_TB_MCS10:15
W (8373) wifi:(TB)WDEV_PWR_TB_MCS11:15
[ESPNOW] Listening on channel 1 (no AP connection)
[INIT] Done.

[PRIME] Warming pipeline...
[PRIME] Done.

[SWEEP] SKIP_TO_14C: running Test 11 (enrollment) + Test 14C only

-- TEST 11: Pattern Classification (Stream CfC) --
[DIAG] 500us: agree=256 disagree=294 out_sel4=47 out_sel5=48 in101=0x84 in103=0x86 gpio_in=0x5003a348 cpu_agree=21 loop=0
[DIAG] gdma: raw=0x1 st=0x0 ena=0x2 conf0=0x0 link=0x272e8(park=0) peri=9
[DIAG] gdma2: fifo=0x61 state=0x2e74c8(dscr_st=3 out_st=2) eof_addr=0x408274a4
[DIAG] parlio: cfg=0x1a089b40(tx_start=1 bytelen=9936) st=0x80000000(tx_ready=1) int_raw=0x1(eof=0 rempty=1)
  Phase 0a: Observing input signatures (30s)...
  Observed: 140 packets, 140 encoded, 12885 GIE loops
  Per-pattern counts: P0=0 P1=140 P2=0 P3=0
  Phase 0b: Computing TriX signatures...
  sig[0]: [00000000000000000000000000000000...] nz=0/128 (from 0 samples, seq trits masked)
  sig[1]: [++++++++----------++----++++++++...] nz=104/128 (from 140 samples, seq trits masked)
  sig[2]: [00000000000000000000000000000000...] nz=0/128 (from 0 samples, seq trits masked)
  sig[3]: [00000000000000000000000000000000...] nz=0/128 (from 0 samples, seq trits masked)
  Signature pattern-ID trits [16..23]:
    sig[0][16..23]: 00000000
    sig[1][16..23]: --++----
    sig[2][16..23]: 00000000
    sig[3][16..23]: 00000000
  Signature cross-dots:
    sig[0] vs: s0=0 s1=0 s2=0 s3=0 
    sig[1] vs: s0=0 s1=104 s2=0 s3=0 
    sig[2] vs: s0=0 s1=0 s2=0 s3=0 
    sig[3] vs: s0=0 s1=0 s2=0 s3=0 
  Ring drops: 0

  Phase 0c: Installing signatures as W_f gate weights...
  W_f weights set from signatures (8 neurons/pattern)
  Gate threshold: 2147483647 (Phase 3: blend DISABLED, all neurons HOLD)
  Neurons 0-7 → pattern 0
  Neurons 8-15 → pattern 1
  Neurons 16-23 → pattern 2
  Neurons 24-31 → pattern 3
  Gate selectivity: 0 fires / 64 steps = 0%

  Phase 0d: TriX Cube face observation (15s)...
  TriX Cube face signatures:
    +x:recent: 70 samples [P0=0 P1=70 P2=0 P3=0]
    -x:prior: 0 samples [P0=0 P1=0 P2=0 P3=0]
    +y:stable: 60 samples [P0=0 P1=60 P2=0 P3=0]
    -y:transient: 1 samples [P0=0 P1=1 P2=0 P3=0]
    +z:confident: 0 samples [P0=0 P1=0 P2=0 P3=0]
    -z:uncertain: 0 samples [P0=0 P1=0 P2=0 P3=0]
  Face divergence from core (avg Hamming across patterns):
    +x:recent: 13 avg (1 patterns with data)
    -x:prior: 0 avg (0 patterns with data)
    +y:stable: 14 avg (1 patterns with data)
    -y:transient: 26 avg (1 patterns with data)
    +z:confident: 0 avg (0 patterns with data)
    -z:uncertain: 0 avg (0 patterns with data)
  Ring drops: 0

  Phase 1: TriX Cube ensemble (up to 32 samples, 60s)...
    s01: truth=1 core=1 isr=0 | cv=[0,3,0,0] iv=[0,0,0,0] xor=[13,-,14,26,-,-]
    s02: truth=1 core=1 isr=0 | cv=[0,6,0,0] iv=[0,0,0,0] xor=[4,-,6,18,-,-]
    s03: truth=1 core=1 isr=0 | cv=[0,4,0,0] iv=[0,0,0,0] xor=[4,-,7,18,-,-]
    s04: truth=1 core=1 isr=0 | cv=[0,5,0,0] iv=[0,0,0,0] xor=[4,-,7,18,-,-]
    s05: truth=1 core=1 isr=0 | cv=[0,6,0,0] iv=[0,0,0,0] xor=[6,-,6,20,-,-]
    s06: truth=1 core=1 isr=0 | cv=[0,4,0,0] iv=[0,0,0,0] xor=[6,-,6,21,-,-]
    s07: truth=1 core=1 isr=0 | cv=[0,5,0,0] iv=[0,0,0,0] xor=[5,-,6,15,-,-]
    s08: truth=1 core=1 isr=0 | cv=[0,6,0,0] iv=[0,0,0,0] xor=[4,-,4,6,-,-]
    s09: truth=1 core=1 isr=0 | cv=[0,4,0,0] iv=[0,0,0,0] xor=[4,-,3,6,-,-]
    s10: truth=1 core=1 isr=0 | cv=[0,5,0,0] iv=[0,0,0,0] xor=[4,-,3,6,-,-]
    s11: truth=1 core=1 isr=0 | cv=[0,6,0,0] iv=[0,0,0,0] xor=[5,-,4,7,-,-]
    s12: truth=1 core=1 isr=0 | cv=[0,4,0,0] iv=[0,0,0,0] xor=[6,-,5,8,-,-]
    s13: truth=1 core=1 isr=0 | cv=[0,5,0,0] iv=[0,0,0,0] xor=[3,-,5,8,-,-]
    s14: truth=1 core=1 isr=0 | cv=[0,6,0,0] iv=[0,0,0,0] xor=[3,-,4,5,-,-]
    s15: truth=1 core=1 isr=0 | cv=[0,4,0,0] iv=[0,0,0,0] xor=[3,-,2,6,-,-]
    s16: truth=1 core=1 isr=0 | cv=[0,5,0,0] iv=[0,0,0,0] xor=[3,-,2,6,-,-]
    s17: truth=1 core=1 isr=0 | cv=[0,6,0,0] iv=[0,0,0,0] xor=[3,-,2,6,-,-]
    s18: truth=1 core=1 isr=0 | cv=[0,4,0,0] iv=[0,0,0,0] xor=[4,-,3,7,-,-]
    s19: truth=1 core=1 isr=0 | cv=[0,5,0,0] iv=[0,0,0,0] xor=[2,-,3,7,-,-]
    s20: truth=1 core=1 isr=0 | cv=[0,6,0,0] iv=[0,0,0,0] xor=[1,-,3,3,-,-]
    s21: truth=1 core=1 isr=0 | cv=[0,4,0,0] iv=[0,0,0,0] xor=[1,-,1,1,-,-]
    s22: truth=2 core=1 isr=0 | cv=[0,2,0,0] iv=[0,0,0,0] xor=[1,-,1,1,-,-]
    s23: truth=2 core=1 isr=0 | cv=[0,2,0,0] iv=[0,0,0,0] xor=[1,-,1,1,-,-]
    s24: truth=2 core=1 isr=0 | cv=[0,2,0,0] iv=[0,0,0,0] xor=[1,-,1,1,-,-]
    s25: truth=2 core=1 isr=0 | cv=[0,2,0,0] iv=[0,0,0,0] xor=[1,-,1,1,-,-]
    s26: truth=2 core=1 isr=0 | cv=[0,2,0,0] iv=[0,0,0,0] xor=[1,-,1,1,-,-]
    s27: truth=2 core=1 isr=0 | cv=[0,2,0,0] iv=[0,0,0,0] xor=[1,-,1,1,-,-]
    s28: truth=2 core=1 isr=0 | cv=[0,2,0,0] iv=[0,0,0,0] xor=[3,-,3,3,-,-]
    s29: truth=2 core=1 isr=0 | cv=[0,2,0,0] iv=[0,0,0,0] xor=[3,-,3,3,-,-]
    s30: truth=2 core=1 isr=0 | cv=[0,2,0,0] iv=[0,0,0,0] xor=[3,-,3,3,-,-]
    s31: truth=2 core=1 isr=0 | cv=[0,2,0,0] iv=[0,0,0,0] xor=[2,-,3,3,-,-]
    s32: truth=2 core=1 isr=0 | cv=[0,2,0,0] iv=[0,0,0,0] xor=[2,-,3,3,-,-]

  ═══ CLASSIFICATION RESULTS (TriX Cube) ═══
  Total GIE loops: 37031
  TriX ISR classifications: 0 (at 0 Hz)
  Test samples: 32
  Ring drops: 0
  Core (CPU per-pkt vote):   21/32 = 65%
  ISR  (HW 430 Hz TriX):     0/32 = 0% (all samples)
  ISR  (windows w/ data):    0/0 = 0% (0 pkts clean, 125 pkts timeout)
  TriX channel signals:      0 (seq=0)
  Baseline (packet-rate):    31/32 = 96%

  ── Novelty Detection ──
  Novel packets: 0 / 125 (0%)
  Novel windows: 0

  ── Online Maintenance ──
  Core re-signs: 8
  Core drift (Hamming):
    sig[0]: 0/128 trits
    sig[1]: 12/128 trits
    sig[2]: 0/128 trits
    sig[3]: 0/128 trits

  ── XOR Masks (temporal displacement per face) ──
    Face              avg  | rssi patid payload timing
    +x:recent            3/128 |  0/16  0/8   0/64    3/40
    -x:prior             -     | (no data)
    +y:stable            4/128 |  0/16  0/8   0/64    3/40
    -y:transient         8/128 |  0/16  0/8   0/64    7/40
    +z:confident         -     | (no data)
    -z:uncertain         -     | (no data)
    ── Signal distribution ──
    RSSI:    3% of mask weight
    PatID:   0% of mask weight
    Payload: 1% of mask weight
    Timing:  94% of mask weight

  ── TriX Cube Geometry ──
    +x:recent: 195 samples, 2 avg hamming from core
    -x:prior: 0 samples, 0 avg hamming from core
    +y:stable: 185 samples, 3 avg hamming from core
    -y:transient: 126 samples, 3 avg hamming from core
    +z:confident: 0 samples, 0 avg hamming from core
    -z:uncertain: 0 samples, 0 avg hamming from core
  Gate firing: 0%

  Architecture:
  - TriX ISR: HW classifies at 430 Hz (CfC blend DISABLED — Phase 3)
  - 7-voxel TriX Cube: core + 6 temporal faces
  - Faces: recent, prior, stable, transient, confident, uncertain
  - Core classifies alone. Faces compute XOR masks (intervention sensors)
  - XOR mask = trit positions where face sig != core sig
  - Online maintenance + novelty detection
  - Gate threshold=2147483647, novelty=60
  OK

-- TEST 14C: CLS Transition Experiment --

  ── Condition: Full (CMD5+bias) ──
[DIAG] 500us: agree=427 disagree=92 out_sel4=47 out_sel5=48 in101=0x84 in103=0x86 gpio_in=0x1103a348 cpu_agree=20 loop=0
[DIAG] gdma: raw=0x1 st=0x0 ena=0x2 conf0=0x0 link=0x272e8(park=0) peri=9
[DIAG] gdma2: fifo=0x61 state=0x2e74c8(dscr_st=3 out_st=2) eof_addr=0x408274a4
[DIAG] parlio: cfg=0x1a089b40(tx_start=1 bytelen=9936) st=0x80000000(tx_ready=1) int_raw=0x5(eof=1 rempty=1)
  Sync: waiting for ≥60s continuous P1...
    P1 step 100: vdb=12 p1_n=63 bias=[0 10 0 0]
    P1 step 200: vdb=25 p1_n=163 bias=[0 13 0 0]
    P1 step 300: vdb=37 p1_n=263 bias=[0 12 0 0]
  Synced: 60s continuous P1. Building prior...
    P1 step 400: vdb=50 p1_n=363 bias=[0 12 0 0]
  Phase 2: P2 detected at 109s (after 417 P1 samples), measuring transition...
    step  +0: align_P1=+56 align_P2=+40 bias=[13,0] pred=1 gt=2
    step  +1: align_P1=+53 align_P2=+37 bias=[13,0] pred=1 gt=2
    step  +2: align_P1=+51 align_P2=+45 bias=[11,0] pred=1 gt=2
    step  +3: align_P1=+52 align_P2=+46 bias=[13,0] pred=1 gt=2
    step  +4: align_P1=+49 align_P2=+40 bias=[12,0] pred=1 gt=2
    step  +5: align_P1=+45 align_P2=+38 bias=[11,0] pred=1 gt=2
    step  +6: align_P1=+45 align_P2=+44 bias=[10,0] pred=1 gt=2
    step  +7: align_P1=+37 align_P2=+39 bias=[9,0] pred=1 gt=2
    step  +8: align_P1=+39 align_P2=+41 bias=[8,0] pred=1 gt=2
    step  +9: align_P1=+36 align_P2=+37 bias=[8,0] pred=1 gt=2
    step +10: align_P1=+41 align_P2=+41 bias=[13,0] pred=1 gt=2
    step +20: align_P1=+38 align_P2=+40 bias=[9,0] pred=1 gt=2
    step +30: align_P1=+35 align_P2=+39 bias=[10,0] pred=1 gt=2
    step +40: align_P1=+36 align_P2=+43 bias=[10,0] pred=1 gt=2
    step +50: align_P1=+47 align_P2=+47 bias=[14,0] pred=1 gt=2

  Results (Full (CMD5+bias)):
  P1 samples: 556, P2 samples: 98
  Phase 2 steps: 200
  TriX accuracy (first 15): 0/15
  Crossover step: 7

  ── Condition: No bias (CMD5) ──
[DIAG] 500us: agree=513 disagree=16 out_sel4=47 out_sel5=48 in101=0x84 in103=0x86 gpio_in=0x11039348 cpu_agree=20 loop=0
[DIAG] gdma: raw=0x1 st=0x0 ena=0x2 conf0=0x0 link=0x272e8(park=0) peri=9
[DIAG] gdma2: fifo=0x50 state=0x2e74c8(dscr_st=3 out_st=2) eof_addr=0x408274a4
[DIAG] parlio: cfg=0x1a089b40(tx_start=1 bytelen=9936) st=0x80000000(tx_ready=1) int_raw=0x5(eof=1 rempty=1)
  Sync: waiting for P1 packets (sender confirmed)...
  Synced: 10s continuous P1. Building prior...
    P1 step 100: vdb=12 p1_n=100 bias=[0 0 0 0]
    P1 step 200: vdb=25 p1_n=200 bias=[0 0 0 0]
  Phase 2: P2 detected at 60s (after 278 P1 samples), measuring transition...
    step  +0: align_P1=+45 align_P2=+59 bias=[0,0] pred=1 gt=2
    step  +1: align_P1=+47 align_P2=+61 bias=[0,0] pred=1 gt=2
    step  +2: align_P1=+47 align_P2=+53 bias=[0,0] pred=1 gt=2
    step  +3: align_P1=+42 align_P2=+50 bias=[0,0] pred=1 gt=2
    step  +4: align_P1=+49 align_P2=+57 bias=[0,0] pred=1 gt=2
    step  +5: align_P1=+44 align_P2=+52 bias=[0,0] pred=1 gt=2
    step  +6: align_P1=+45 align_P2=+57 bias=[0,0] pred=1 gt=2
    step  +7: align_P1=+51 align_P2=+57 bias=[0,0] pred=1 gt=2
    step  +8: align_P1=+43 align_P2=+48 bias=[0,0] pred=1 gt=2
    step  +9: align_P1=+44 align_P2=+55 bias=[0,0] pred=1 gt=2
    step +10: align_P1=+52 align_P2=+59 bias=[0,0] pred=1 gt=2
    step +20: align_P1=+49 align_P2=+57 bias=[0,0] pred=1 gt=2
    step +30: align_P1=+45 align_P2=+57 bias=[0,0] pred=1 gt=2
    step +40: align_P1=+43 align_P2=+47 bias=[0,0] pred=1 gt=2
    step +50: align_P1=+52 align_P2=+57 bias=[0,0] pred=1 gt=2

  Results (No bias (CMD5)):
  P1 samples: 417, P2 samples: 61
  Phase 2 steps: 200
  TriX accuracy (first 15): 0/15
  Crossover step: 0

  ── Condition: Ablation (CMD4) ──
[DIAG] 500us: agree=517 disagree=12 out_sel4=47 out_sel5=48 in101=0x84 in103=0x86 gpio_in=0x1103a348 cpu_agree=20 loop=0
[DIAG] gdma: raw=0x1 st=0x0 ena=0x2 conf0=0x0 link=0x272e8(park=0) peri=9
[DIAG] gdma2: fifo=0x50 state=0x2e74c8(dscr_st=3 out_st=2) eof_addr=0x408274a4
[DIAG] parlio: cfg=0x1a089b40(tx_start=1 bytelen=9936) st=0x80000000(tx_ready=1) int_raw=0x5(eof=1 rempty=1)
  Sync: waiting for P1 packets (sender confirmed)...
  Synced: 10s continuous P1. Building prior...
    P1 step 100: vdb=12 p1_n=100 bias=[0 0 0 0]
    P1 step 200: vdb=25 p1_n=200 bias=[0 0 0 0]
  Phase 2: P2 detected at 60s (after 278 P1 samples), measuring transition...
    step  +0: align_P1=+44 align_P2=+63 bias=[0,0] pred=1 gt=2
    step  +1: align_P1=+45 align_P2=+48 bias=[0,0] pred=1 gt=2
    step  +2: align_P1=+47 align_P2=+55 bias=[0,0] pred=1 gt=2
    step  +3: align_P1=+48 align_P2=+54 bias=[0,0] pred=1 gt=2
    step  +4: align_P1=+51 align_P2=+56 bias=[0,0] pred=1 gt=2
    step  +5: align_P1=+48 align_P2=+56 bias=[0,0] pred=1 gt=2
    step  +6: align_P1=+42 align_P2=+50 bias=[0,0] pred=1 gt=2
    step  +7: align_P1=+43 align_P2=+50 bias=[0,0] pred=1 gt=2
    step  +8: align_P1=+44 align_P2=+46 bias=[0,0] pred=1 gt=2
    step  +9: align_P1=+47 align_P2=+49 bias=[0,0] pred=1 gt=2
    step +10: align_P1=+42 align_P2=+45 bias=[0,0] pred=1 gt=2
    step +20: align_P1=+41 align_P2=+44 bias=[0,0] pred=1 gt=2
    step +30: align_P1=+47 align_P2=+50 bias=[0,0] pred=1 gt=2
    step +40: align_P1=+46 align_P2=+43 bias=[0,0] pred=1 gt=2
    step +50: align_P1=+44 align_P2=+48 bias=[0,0] pred=1 gt=2

  Results (Ablation (CMD4)):
  P1 samples: 417, P2 samples: 61
  Phase 2 steps: 200
  TriX accuracy (first 15): 0/15
  Crossover step: 0

  ══ TEST 14C COMPARISON ══
  Condition              | TriX@15 | Crossover | P2 steps
  ----------------------|---------|-----------|----------
  Full (CMD5+bias)       |   0/ 15 |       7   |    200
  No bias (CMD5)         |   0/ 15 |       0   |    200
  Ablation (CMD4)        |   0/ 15 |       0   |    200

  Alignment Traces (align_P1, align_P2) at steps 0,5,10,15,20,30:
  Step                   |    +0       +5      +10      +15      +20      +30   
  Full (CMD5+bias)       | +56/+40 +45/+38 +41/+41 +45/+49 +38/+40 +35/+39
  No bias (CMD5)         | +45/+59 +44/+52 +52/+59 +51/+58 +49/+57 +45/+57
  Ablation (CMD4)        | +44/+63 +48/+56 +42/+45 +43/+40 +41/+44 +47/+50

  ── Verdict ──
  TriX accuracy post-switch:     FAIL
  Full system crossover ≤ 30:    PASS (step 7)
  Bias helps (full ≤ no-bias):   FAIL (7 vs 0)
  Ablation slower:               FAIL (0 vs 7)
  Sufficient P2 data:            PASS (200 steps)
  FAIL

============================================================
  RESULTS: 1 / 2 PASSED
============================================================

  SOME TESTS FAILED — see details above.

-- LP CHAR: LP Dynamics Characterization --
   (diagnostic — not counted in pass/fail)
  Rep 1/3:
    P1 step   0: fires=12 blend= 0 score=  0 vdb=1
    P1 step 100: fires=14 blend= 3 score= 28 vdb=5
    P1 step 200: fires=14 blend= 4 score= 32 vdb=9
    P1 step 300: fires=14 blend= 3 score= 31 vdb=13
    P1 step 400: fires=14 blend= 3 score= 31 vdb=17
    P1 done: vdb_nodes=20
    P2 step  0: fires=16 blend= 9 score= 15 applied=1
    P2 step  1: fires=15 blend= 8 score=  9 applied=1
    P2 step  2: fires=15 blend= 6 score= 10 applied=1
    P2 step  3: fires=16 blend= 8 score= 10 applied=1
    P2 step  4: fires=15 blend= 7 score=  9 applied=1
    P2 step  5: fires=15 blend= 7 score=  9 applied=1
    P2 step  6: fires=15 blend= 7 score=  9 applied=1
    P2 step  7: fires=15 blend= 7 score=  9 applied=1
    P2 step  8: fires=15 blend= 7 score=  9 applied=1
    P2 step  9: fires=15 blend= 7 score=  9 applied=1
    P2 step 10: fires=15 blend= 7 score=  9 applied=1
    P2 step 11: fires=15 blend= 7 score=  9 applied=1
    P2 step 12: fires=15 blend= 7 score=  9 applied=1
    P2 step 13: fires=15 blend= 7 score=  9 applied=1
    P2 step 14: fires=15 blend= 7 score=  9 applied=1
    P2 step 15: fires=15 blend= 7 score=  9 applied=1
    P2 step 16: fires=15 blend= 7 score=  9 applied=1
    P2 step 17: fires=15 blend= 7 score=  9 applied=1
    P2 step 18: fires=15 blend= 7 score=  9 applied=1
    P2 step 19: fires=15 blend= 7 score=  9 applied=1
    P2 step 20: fires=15 blend= 7 score=  9 applied=1
    P2 step 21: fires=15 blend= 7 score=  9 applied=1
    P2 step 22: fires=15 blend= 7 score=  9 applied=1
    P2 step 23: fires=15 blend= 7 score=  9 applied=1
    P2 step 24: fires=15 blend= 7 score=  9 applied=1
    P2 step 25: fires=15 blend= 7 score=  9 applied=1
    P2 step 26: fires=15 blend= 7 score=  9 applied=1
    P2 step 27: fires=15 blend= 7 score=  9 applied=1
    P2 step 28: fires=15 blend= 7 score=  9 applied=1
    P2 step 29: fires=15 blend= 7 score=  9 applied=1
    P2 step 30: fires=15 blend= 7 score=  9 applied=1
    P2 step 31: fires=15 blend= 7 score=  9 applied=1
    P2 step 32: fires=15 blend= 7 score=  9 applied=1
    P2 step 33: fires=15 blend= 7 score=  9 applied=1
    P2 step 34: fires=15 blend= 7 score=  9 applied=1
    P2 step 35: fires=15 blend= 7 score=  9 applied=1
    P2 step 36: fires=15 blend= 7 score=  9 applied=1
    P2 step 37: fires=15 blend= 7 score=  9 applied=1
    P2 step 38: fires=15 blend= 7 score=  9 applied=1
    P2 step 39: fires=15 blend= 7 score=  9 applied=1
    P2 step 40: fires=15 blend= 7 score=  9 applied=1
    P2 step 41: fires=15 blend= 7 score=  9 applied=1
    P2 step 42: fires=15 blend= 7 score=  9 applied=1
    P2 step 43: fires=15 blend= 7 score=  9 applied=1
    P2 step 44: fires=15 blend= 7 score=  9 applied=1
    P2 step 45: fires=15 blend= 7 score=  9 applied=1
    P2 step 46: fires=15 blend= 7 score=  9 applied=1
    P2 step 47: fires=15 blend= 7 score=  9 applied=1
    P2 step 48: fires=15 blend= 7 score=  9 applied=1
    P2 step 49: fires=15 blend= 7 score=  9 applied=1
    P2 step 50: fires=15 blend= 7 score=  9 applied=1
    P2 step 51: fires=15 blend= 7 score=  9 applied=1
    P2 step 52: fires=15 blend= 7 score=  9 applied=1
    P2 step 53: fires=15 blend= 7 score=  9 applied=1
    P2 step 54: fires=15 blend= 7 score=  9 applied=1
    P2 step 55: fires=15 blend= 7 score=  9 applied=1
    P2 step 56: fires=15 blend= 7 score=  9 applied=1
    P2 step 57: fires=15 blend= 7 score=  9 applied=1
    P2 step 58: fires=15 blend= 7 score=  9 applied=1
    P2 step 59: fires=15 blend= 7 score=  9 applied=1
    P2 step 60: fires=15 blend= 7 score=  9 applied=1
    P2 step 61: fires=15 blend= 7 score=  9 applied=1
    P2 step 62: fires=15 blend= 7 score=  9 applied=1
    P2 step 63: fires=15 blend= 7 score=  9 applied=1
    P2 step 64: fires=15 blend= 7 score=  9 applied=1
    P2 step 65: fires=15 blend= 7 score=  9 applied=1
    P2 step 66: fires=15 blend= 7 score=  9 applied=1
    P2 step 67: fires=15 blend= 7 score=  9 applied=1
    P2 step 68: fires=15 blend= 7 score=  9 applied=1
    P2 step 69: fires=15 blend= 7 score=  9 applied=1
    P2 step 70: fires=15 blend= 7 score=  9 applied=1
    P2 step 71: fires=15 blend= 7 score=  9 applied=1
    P2 step 72: fires=15 blend= 7 score=  9 applied=1
    P2 step 73: fires=15 blend= 7 score=  9 applied=1
    P2 step 74: fires=15 blend= 7 score=  9 applied=1
    P2 step 75: fires=15 blend= 7 score=  9 applied=1
    P2 step 76: fires=15 blend= 7 score=  9 applied=1
    P2 step 77: fires=15 blend= 7 score=  9 applied=1
    P2 step 78: fires=15 blend= 7 score=  9 applied=1
    P2 step 79: fires=15 blend= 7 score=  9 applied=1
    P2 step 80: fires=15 blend= 7 score=  9 applied=1
    P2 step 81: fires=15 blend= 7 score=  9 applied=1
    P2 step 82: fires=15 blend= 7 score=  9 applied=1
    P2 step 83: fires=15 blend= 7 score=  9 applied=1
    P2 step 84: fires=15 blend= 7 score=  9 applied=1
    P2 step 85: fires=15 blend= 7 score=  9 applied=1
    P2 step 86: fires=15 blend= 7 score=  9 applied=1
    P2 step 87: fires=15 blend= 7 score=  9 applied=1
    P2 step 88: fires=15 blend= 7 score=  9 applied=1
    P2 step 89: fires=15 blend= 7 score=  9 applied=1
    P2 step 90: fires=15 blend= 7 score=  9 applied=1
    P2 step 91: fires=15 blend= 7 score=  9 applied=1
    P2 step 92: fires=15 blend= 7 score=  9 applied=1
    P2 step 93: fires=15 blend= 7 score=  9 applied=1
    P2 step 94: fires=15 blend= 7 score=  9 applied=1
    P2 step 95: fires=15 blend= 7 score=  9 applied=1
    P2 step 96: fires=15 blend= 7 score=  9 applied=1
    P2 step 97: fires=15 blend= 7 score=  9 applied=1
    P2 step 98: fires=15 blend= 7 score=  9 applied=1
    P2 step 99: fires=15 blend= 7 score=  9 applied=1
    P1 mean: fires/step=14.2  blend/step=3.2  implied_alpha=0.201
    P2 mean: fires/step=15.0  blend/step=7.0  implied_alpha=0.439

  Rep 2/3:
    P1 step   0: fires=12 blend= 0 score=  0 vdb=1
    P1 step 100: fires=14 blend= 3 score= 28 vdb=5
    P1 step 200: fires=14 blend= 3 score= 31 vdb=9
    P1 step 300: fires=14 blend= 3 score= 31 vdb=13
    P1 step 400: fires=14 blend= 3 score= 31 vdb=17
    P1 done: vdb_nodes=20
    P2 step  0: fires=16 blend= 9 score= 15 applied=1
    P2 step  1: fires=15 blend= 8 score=  9 applied=1
    P2 step  2: fires=15 blend= 6 score=  9 applied=1
    P2 step  3: fires=16 blend= 8 score=  9 applied=1
    P2 step  4: fires=15 blend= 7 score=  8 applied=1
    P2 step  5: fires=15 blend= 7 score=  8 applied=1
    P2 step  6: fires=15 blend= 7 score=  8 applied=1
    P2 step  7: fires=15 blend= 7 score=  8 applied=1
    P2 step  8: fires=15 blend= 7 score=  8 applied=1
    P2 step  9: fires=15 blend= 7 score=  8 applied=1
    P2 step 10: fires=15 blend= 7 score=  8 applied=1
    P2 step 11: fires=15 blend= 7 score=  8 applied=1
    P2 step 12: fires=15 blend= 7 score=  8 applied=1
    P2 step 13: fires=15 blend= 7 score=  8 applied=1
    P2 step 14: fires=15 blend= 7 score=  8 applied=1
    P2 step 15: fires=15 blend= 7 score=  8 applied=1
    P2 step 16: fires=15 blend= 7 score=  8 applied=1
    P2 step 17: fires=15 blend= 7 score=  8 applied=1
    P2 step 18: fires=15 blend= 7 score=  8 applied=1
    P2 step 19: fires=15 blend= 7 score=  8 applied=1
    P2 step 20: fires=15 blend= 7 score=  8 applied=1
    P2 step 21: fires=15 blend= 7 score=  8 applied=1
    P2 step 22: fires=15 blend= 7 score=  8 applied=1
    P2 step 23: fires=15 blend= 7 score=  8 applied=1
    P2 step 24: fires=15 blend= 7 score=  8 applied=1
    P2 step 25: fires=15 blend= 7 score=  8 applied=1
    P2 step 26: fires=15 blend= 7 score=  8 applied=1
    P2 step 27: fires=15 blend= 7 score=  8 applied=1
    P2 step 28: fires=15 blend= 7 score=  8 applied=1
    P2 step 29: fires=15 blend= 7 score=  8 applied=1
    P2 step 30: fires=15 blend= 7 score=  8 applied=1
    P2 step 31: fires=15 blend= 7 score=  8 applied=1
    P2 step 32: fires=15 blend= 7 score=  8 applied=1
    P2 step 33: fires=15 blend= 7 score=  8 applied=1
    P2 step 34: fires=15 blend= 7 score=  8 applied=1
    P2 step 35: fires=15 blend= 7 score=  8 applied=1
    P2 step 36: fires=15 blend= 7 score=  8 applied=1
    P2 step 37: fires=15 blend= 7 score=  8 applied=1
    P2 step 38: fires=15 blend= 7 score=  8 applied=1
    P2 step 39: fires=15 blend= 7 score=  8 applied=1
    P2 step 40: fires=15 blend= 7 score=  8 applied=1
    P2 step 41: fires=15 blend= 7 score=  8 applied=1
    P2 step 42: fires=15 blend= 7 score=  8 applied=1
    P2 step 43: fires=15 blend= 7 score=  8 applied=1
    P2 step 44: fires=15 blend= 7 score=  8 applied=1
    P2 step 45: fires=15 blend= 7 score=  8 applied=1
    P2 step 46: fires=15 blend= 7 score=  8 applied=1
    P2 step 47: fires=15 blend= 7 score=  8 applied=1
    P2 step 48: fires=15 blend= 7 score=  8 applied=1
    P2 step 49: fires=15 blend= 7 score=  8 applied=1
    P2 step 50: fires=15 blend= 7 score=  8 applied=1
    P2 step 51: fires=15 blend= 7 score=  8 applied=1
    P2 step 52: fires=15 blend= 7 score=  8 applied=1
    P2 step 53: fires=15 blend= 7 score=  8 applied=1
    P2 step 54: fires=15 blend= 7 score=  8 applied=1
    P2 step 55: fires=15 blend= 7 score=  8 applied=1
    P2 step 56: fires=15 blend= 7 score=  8 applied=1
    P2 step 57: fires=15 blend= 7 score=  8 applied=1
    P2 step 58: fires=15 blend= 7 score=  8 applied=1
    P2 step 59: fires=15 blend= 7 score=  8 applied=1
    P2 step 60: fires=15 blend= 7 score=  8 applied=1
    P2 step 61: fires=15 blend= 7 score=  8 applied=1
    P2 step 62: fires=15 blend= 7 score=  8 applied=1
    P2 step 63: fires=15 blend= 7 score=  8 applied=1
    P2 step 64: fires=15 blend= 7 score=  8 applied=1
    P2 step 65: fires=15 blend= 7 score=  8 applied=1
    P2 step 66: fires=15 blend= 7 score=  8 applied=1
    P2 step 67: fires=15 blend= 7 score=  8 applied=1
    P2 step 68: fires=15 blend= 7 score=  8 applied=1
    P2 step 69: fires=15 blend= 7 score=  8 applied=1
    P2 step 70: fires=15 blend= 7 score=  8 applied=1
    P2 step 71: fires=15 blend= 7 score=  8 applied=1
    P2 step 72: fires=15 blend= 7 score=  8 applied=1
    P2 step 73: fires=15 blend= 7 score=  8 applied=1
    P2 step 74: fires=15 blend= 7 score=  8 applied=1
    P2 step 75: fires=15 blend= 7 score=  8 applied=1
    P2 step 76: fires=15 blend= 7 score=  8 applied=1
    P2 step 77: fires=15 blend= 7 score=  8 applied=1
    P2 step 78: fires=15 blend= 7 score=  8 applied=1
    P2 step 79: fires=15 blend= 7 score=  8 applied=1
    P2 step 80: fires=15 blend= 7 score=  8 applied=1
    P2 step 81: fires=15 blend= 7 score=  8 applied=1
    P2 step 82: fires=15 blend= 7 score=  8 applied=1
    P2 step 83: fires=15 blend= 7 score=  8 applied=1
    P2 step 84: fires=15 blend= 7 score=  8 applied=1
    P2 step 85: fires=15 blend= 7 score=  8 applied=1
    P2 step 86: fires=15 blend= 7 score=  8 applied=1
    P2 step 87: fires=15 blend= 7 score=  8 applied=1
    P2 step 88: fires=15 blend= 7 score=  8 applied=1
    P2 step 89: fires=15 blend= 7 score=  8 applied=1
    P2 step 90: fires=15 blend= 7 score=  8 applied=1
    P2 step 91: fires=15 blend= 7 score=  8 applied=1
    P2 step 92: fires=15 blend= 7 score=  8 applied=1
    P2 step 93: fires=15 blend= 7 score=  8 applied=1
    P2 step 94: fires=15 blend= 7 score=  8 applied=1
    P2 step 95: fires=15 blend= 7 score=  8 applied=1
    P2 step 96: fires=15 blend= 7 score=  8 applied=1
    P2 step 97: fires=15 blend= 7 score=  8 applied=1
    P2 step 98: fires=15 blend= 7 score=  8 applied=1
    P2 step 99: fires=15 blend= 7 score=  8 applied=1
    P1 mean: fires/step=14.1  blend/step=3.0  implied_alpha=0.187
    P2 mean: fires/step=15.0  blend/step=7.0  implied_alpha=0.439

  Rep 3/3:
    P1 step   0: fires=12 blend= 0 score=  0 vdb=1
    P1 step 100: fires=14 blend= 3 score= 28 vdb=5
    P1 step 200: fires=14 blend= 4 score= 32 vdb=9
    P1 step 300: fires=14 blend= 3 score= 31 vdb=13
    P1 step 400: fires=14 blend= 3 score= 31 vdb=17
    P1 done: vdb_nodes=20
    P2 step  0: fires=16 blend= 9 score= 15 applied=1
    P2 step  1: fires=15 blend= 8 score=  9 applied=1
    P2 step  2: fires=15 blend= 6 score= 10 applied=1
    P2 step  3: fires=16 blend= 8 score= 10 applied=1
    P2 step  4: fires=15 blend= 7 score=  9 applied=1
    P2 step  5: fires=15 blend= 7 score=  9 applied=1
    P2 step  6: fires=15 blend= 7 score=  9 applied=1
    P2 step  7: fires=15 blend= 7 score=  9 applied=1
    P2 step  8: fires=15 blend= 7 score=  9 applied=1
    P2 step  9: fires=15 blend= 7 score=  9 applied=1
    P2 step 10: fires=15 blend= 7 score=  9 applied=1
    P2 step 11: fires=15 blend= 7 score=  9 applied=1
    P2 step 12: fires=15 blend= 7 score=  9 applied=1
    P2 step 13: fires=15 blend= 7 score=  9 applied=1
    P2 step 14: fires=15 blend= 7 score=  9 applied=1
    P2 step 15: fires=15 blend= 7 score=  9 applied=1
    P2 step 16: fires=15 blend= 7 score=  9 applied=1
    P2 step 17: fires=15 blend= 7 score=  9 applied=1
    P2 step 18: fires=15 blend= 7 score=  9 applied=1
    P2 step 19: fires=15 blend= 7 score=  9 applied=1
    P2 step 20: fires=15 blend= 7 score=  9 applied=1
    P2 step 21: fires=15 blend= 7 score=  9 applied=1
    P2 step 22: fires=15 blend= 7 score=  9 applied=1
    P2 step 23: fires=15 blend= 7 score=  9 applied=1
    P2 step 24: fires=15 blend= 7 score=  9 applied=1
    P2 step 25: fires=15 blend= 7 score=  9 applied=1
    P2 step 26: fires=15 blend= 7 score=  9 applied=1
    P2 step 27: fires=15 blend= 7 score=  9 applied=1
    P2 step 28: fires=15 blend= 7 score=  9 applied=1
    P2 step 29: fires=15 blend= 7 score=  9 applied=1
    P2 step 30: fires=15 blend= 7 score=  9 applied=1
    P2 step 31: fires=15 blend= 7 score=  9 applied=1
    P2 step 32: fires=15 blend= 7 score=  9 applied=1
    P2 step 33: fires=15 blend= 7 score=  9 applied=1
    P2 step 34: fires=15 blend= 7 score=  9 applied=1
    P2 step 35: fires=15 blend= 7 score=  9 applied=1
    P2 step 36: fires=15 blend= 7 score=  9 applied=1
    P2 step 37: fires=15 blend= 7 score=  9 applied=1
    P2 step 38: fires=15 blend= 7 score=  9 applied=1
    P2 step 39: fires=15 blend= 7 score=  9 applied=1
    P2 step 40: fires=15 blend= 7 score=  9 applied=1
    P2 step 41: fires=15 blend= 7 score=  9 applied=1
    P2 step 42: fires=15 blend= 7 score=  9 applied=1
    P2 step 43: fires=15 blend= 7 score=  9 applied=1
    P2 step 44: fires=15 blend= 7 score=  9 applied=1
    P2 step 45: fires=15 blend= 7 score=  9 applied=1
    P2 step 46: fires=15 blend= 7 score=  9 applied=1
    P2 step 47: fires=15 blend= 7 score=  9 applied=1
    P2 step 48: fires=15 blend= 7 score=  9 applied=1
    P2 step 49: fires=15 blend= 7 score=  9 applied=1
    P2 step 50: fires=15 blend= 7 score=  9 applied=1
    P2 step 51: fires=15 blend= 7 score=  9 applied=1
    P2 step 52: fires=15 blend= 7 score=  9 applied=1
    P2 step 53: fires=15 blend= 7 score=  9 applied=1
    P2 step 54: fires=15 blend= 7 score=  9 applied=1
    P2 step 55: fires=15 blend= 7 score=  9 applied=1
    P2 step 56: fires=15 blend= 7 score=  9 applied=1
    P2 step 57: fires=15 blend= 7 score=  9 applied=1
    P2 step 58: fires=15 blend= 7 score=  9 applied=1
    P2 step 59: fires=15 blend= 7 score=  9 applied=1
    P2 step 60: fires=15 blend= 7 score=  9 applied=1
    P2 step 61: fires=15 blend= 7 score=  9 applied=1
    P2 step 62: fires=15 blend= 7 score=  9 applied=1
    P2 step 63: fires=15 blend= 7 score=  9 applied=1
    P2 step 64: fires=15 blend= 7 score=  9 applied=1
    P2 step 65: fires=15 blend= 7 score=  9 applied=1
    P2 step 66: fires=15 blend= 7 score=  9 applied=1
    P2 step 67: fires=15 blend= 7 score=  9 applied=1
    P2 step 68: fires=15 blend= 7 score=  9 applied=1
    P2 step 69: fires=15 blend= 7 score=  9 applied=1
    P2 step 70: fires=15 blend= 7 score=  9 applied=1
    P2 step 71: fires=15 blend= 7 score=  9 applied=1
    P2 step 72: fires=15 blend= 7 score=  9 applied=1
    P2 step 73: fires=15 blend= 7 score=  9 applied=1
    P2 step 74: fires=15 blend= 7 score=  9 applied=1
    P2 step 75: fires=15 blend= 7 score=  9 applied=1
    P2 step 76: fires=15 blend= 7 score=  9 applied=1
    P2 step 77: fires=15 blend= 7 score=  9 applied=1
    P2 step 78: fires=15 blend= 7 score=  9 applied=1
    P2 step 79: fires=15 blend= 7 score=  9 applied=1
    P2 step 80: fires=15 blend= 7 score=  9 applied=1
    P2 step 81: fires=15 blend= 7 score=  9 applied=1
    P2 step 82: fires=15 blend= 7 score=  9 applied=1
    P2 step 83: fires=15 blend= 7 score=  9 applied=1
    P2 step 84: fires=15 blend= 7 score=  9 applied=1
    P2 step 85: fires=15 blend= 7 score=  9 applied=1
    P2 step 86: fires=15 blend= 7 score=  9 applied=1
    P2 step 87: fires=15 blend= 7 score=  9 applied=1
    P2 step 88: fires=15 blend= 7 score=  9 applied=1
    P2 step 89: fires=15 blend= 7 score=  9 applied=1
    P2 step 90: fires=15 blend= 7 score=  9 applied=1
    P2 step 91: fires=15 blend= 7 score=  9 applied=1
    P2 step 92: fires=15 blend= 7 score=  9 applied=1
    P2 step 93: fires=15 blend= 7 score=  9 applied=1
    P2 step 94: fires=15 blend= 7 score=  9 applied=1
    P2 step 95: fires=15 blend= 7 score=  9 applied=1
    P2 step 96: fires=15 blend= 7 score=  9 applied=1
    P2 step 97: fires=15 blend= 7 score=  9 applied=1
    P2 step 98: fires=15 blend= 7 score=  9 applied=1
    P2 step 99: fires=15 blend= 7 score=  9 applied=1
    P1 mean: fires/step=14.2  blend/step=3.2  implied_alpha=0.201
    P2 mean: fires/step=15.0  blend/step=7.0  implied_alpha=0.439

  Switch window (rep 3, last 20 P1 → first 30 P2):
  step | fires | blend | score | appl | lp_hidden
  -----|-------|-------|-------|------|----------
   -20 |    14 |     3 |    31 |    1 | +-+--+-++-----+0
   -19 |    14 |     3 |    31 |    1 | +-+--+-++-----+0
   -18 |    14 |     3 |    31 |    1 | +-+--+-++-----+0
   -17 |    14 |     3 |    31 |    1 | +-+--+-++-----+0
   -16 |    14 |     3 |    31 |    1 | +-+--+-++-----+0
   -15 |    14 |     3 |    31 |    1 | +-+--+-++-----+0
   -14 |    14 |     3 |    31 |    1 | +-+--+-++-----+0
   -13 |    14 |     3 |    31 |    1 | +-+--+-++-----+0
   -12 |    14 |     3 |    31 |    1 | +-+--+-++-----+0
   -11 |    14 |     3 |    31 |    1 | +-+--+-++-----+0
   -10 |    14 |     3 |    31 |    1 | +-+--+-++-----+0
    -9 |    14 |     3 |    31 |    1 | +-+--+-++-----+0
    -8 |    14 |     3 |    31 |    1 | +-+--+-++-----+0
    -7 |    14 |     3 |    31 |    1 | +-+--+-++-----+0
    -6 |    14 |     3 |    31 |    1 | +-+--+-++-----+0
    -5 |    14 |     3 |    31 |    1 | +-+--+-++-----+0
    -4 |    14 |     3 |    31 |    1 | +-+--+-++-----+0
    -3 |    14 |     3 |    31 |    1 | +-+--+-++-----+0
    -2 |    14 |     3 |    31 |    1 | +-+--+-++-----+0
    -1 |    14 |     3 |    31 |    1 | +-+--+-++-----+0
    +0 |    16 |     9 |    15 |    1 | +-0-0+-0+-00-00+
    +1 |    15 |     8 |     9 |    1 | 0-0--0-0+----00+
    +2 |    15 |     6 |    10 |    1 | 0-0-0+-0+--0--0+
    +3 |    16 |     8 |    10 |    1 | 0-0-0+-0+--0-00+
    +4 |    15 |     7 |     9 |    1 | 0-0-0+-0+--0-00+
    +5 |    15 |     7 |     9 |    1 | 0-0-0+-0+--0-00+
    +6 |    15 |     7 |     9 |    1 | 0-0-0+-0+--0-00+
    +7 |    15 |     7 |     9 |    1 | 0-0-0+-0+--0-00+
    +8 |    15 |     7 |     9 |    1 | 0-0-0+-0+--0-00+
    +9 |    15 |     7 |     9 |    1 | 0-0-0+-0+--0-00+
   +10 |    15 |     7 |     9 |    1 | 0-0-0+-0+--0-00+
   +11 |    15 |     7 |     9 |    1 | 0-0-0+-0+--0-00+
   +12 |    15 |     7 |     9 |    1 | 0-0-0+-0+--0-00+
   +13 |    15 |     7 |     9 |    1 | 0-0-0+-0+--0-00+
   +14 |    15 |     7 |     9 |    1 | 0-0-0+-0+--0-00+
   +15 |    15 |     7 |     9 |    1 | 0-0-0+-0+--0-00+
   +16 |    15 |     7 |     9 |    1 | 0-0-0+-0+--0-00+
   +17 |    15 |     7 |     9 |    1 | 0-0-0+-0+--0-00+
   +18 |    15 |     7 |     9 |    1 | 0-0-0+-0+--0-00+
   +19 |    15 |     7 |     9 |    1 | 0-0-0+-0+--0-00+
   +20 |    15 |     7 |     9 |    1 | 0-0-0+-0+--0-00+
   +21 |    15 |     7 |     9 |    1 | 0-0-0+-0+--0-00+
   +22 |    15 |     7 |     9 |    1 | 0-0-0+-0+--0-00+
   +23 |    15 |     7 |     9 |    1 | 0-0-0+-0+--0-00+
   +24 |    15 |     7 |     9 |    1 | 0-0-0+-0+--0-00+
   +25 |    15 |     7 |     9 |    1 | 0-0-0+-0+--0-00+
   +26 |    15 |     7 |     9 |    1 | 0-0-0+-0+--0-00+
   +27 |    15 |     7 |     9 |    1 | 0-0-0+-0+--0-00+
   +28 |    15 |     7 |     9 |    1 | 0-0-0+-0+--0-00+
   +29 |    15 |     7 |     9 |    1 | 0-0-0+-0+--0-00+

  SUMMARY (3 reps, P1=500 steps, P2=100 steps):
  P1 steady: fires/step=14.2  blend/step=3.1  implied_alpha=0.196
  P2 phase:  fires/step=15.0  blend/step=7.0  implied_alpha=0.439
  REGIME: Path A dominant (CfC fires > 2/step)
  Sim calibration: LP_SIM_THRESHOLD should match Path A threshold; BLEND_ALPHA = 0.196


── LP DOT MAGNITUDE DIAGNOSTIC ──
  (CPU reference, not LP core)

  LP f-pathway dots (per neuron, 4 patterns):
        n00 n01 n02 n03 n04 n05 n06 n07 n08 n09 n10 n11 n12 n13 n14 n15
  P0:   +0  +0  +0  +0  +0  +0  +0  +0  +0  +0  +0  +0  +0  +0  +0  +0
  P1:   +0  +8  -4  -1  +0  -4  -4  +3 -10  +0  +6  -2  -1  -2  -4  +7
  P2:   +0  +0  +0  +0  +0  +0  +0  +0  +0  +0  +0  +0  +0  +0  +0  +0
  P3:   +0  +0  +0  +0  +0  +0  +0  +0  +0  +0  +0  +0  +0  +0  +0  +0

  LP f-pathway SIGNS:
         n00  n01  n02  n03  n04  n05  n06  n07  n08  n09  n10  n11  n12  n13  n14  n15
  P0:    0    0    0    0    0    0    0    0    0    0    0    0    0    0    0    0 
  P1:    0    +    -    -    0    -    -    +    -    0    +    -    -    -    -    + 
  P2:    0    0    0    0    0    0    0    0    0    0    0    0    0    0    0    0 
  P3:    0    0    0    0    0    0    0    0    0    0    0    0    0    0    0    0 

  P1 vs P2 comparison (f-pathway):
    n00: P1= +0 P2= +0  sign=SAME  |mag_diff|=0
    n01: P1= +8 P2= +0  sign=DIFF  |mag_diff|=8
    n02: P1= -4 P2= +0  sign=DIFF  |mag_diff|=4
    n03: P1= -1 P2= +0  sign=DIFF  |mag_diff|=1
    n04: P1= +0 P2= +0  sign=SAME  |mag_diff|=0
    n05: P1= -4 P2= +0  sign=DIFF  |mag_diff|=4
    n06: P1= -4 P2= +0  sign=DIFF  |mag_diff|=4
    n07: P1= +3 P2= +0  sign=DIFF  |mag_diff|=3
    n08: P1=-10 P2= +0  sign=DIFF  |mag_diff|=10
    n09: P1= +0 P2= +0  sign=SAME  |mag_diff|=0
    n10: P1= +6 P2= +0  sign=DIFF  |mag_diff|=6
    n11: P1= -2 P2= +0  sign=DIFF  |mag_diff|=2
    n12: P1= -1 P2= +0  sign=DIFF  |mag_diff|=1
    n13: P1= -2 P2= +0  sign=DIFF  |mag_diff|=2
    n14: P1= -4 P2= +0  sign=DIFF  |mag_diff|=4
    n15: P1= +7 P2= +0  sign=DIFF  |mag_diff|=7
  Signs: 3 same, 13 different
  Mean |magnitude difference|: 3.5
  If signs are mostly SAME but magnitudes differ:
    → 5-trit MTFP per neuron would resolve the degeneracy
  If signs AND magnitudes are similar:
    → need more projection directions (wider LP)

